<?xml version="1.0" encoding="utf-8"?><testsuites name="pytest tests"><testsuite name="pytest" errors="5" failures="0" skipped="0" tests="5" time="2.167" timestamp="2026-09-24T03:45:00.869517+08:00" hostname="ubuntu-MZ72-HB2-00"><testcase classname="" name="tests.inference_validation.test_campaign_audit" time="0.000"><error message="collection failure">tests/inference_validation/test_campaign_audit.py:14: in &lt;module&gt;
    SPEC.loader.exec_module(audit)
&lt;frozen importlib._bootstrap_external&gt;:1019: in exec_module
    ???
&lt;frozen importlib._bootstrap_external&gt;:1156: in get_code
    ???
&lt;frozen importlib._bootstrap_external&gt;:1214: in get_data
    ???
E   FileNotFoundError: [Errno 2] No such file or directory: '/home/ubuntu/python/BayesFilter/docs/plans/artifacts/hmc-remaining-gaps-2026-09-24/c-r1/source-r4/scripts/audit_inference_validation_campaign.py'</error></testcase><testcase classname="" name="tests.inference_validation.test_m28_design" time="0.000"><error message="collection failure">ImportError while importing test module '/home/ubuntu/python/BayesFilter/docs/plans/artifacts/hmc-remaining-gaps-2026-09-24/c-r1/source-r4/tests/inference_validation/test_m28_design.py'.
Hint: make sure your test modules/packages have valid Python names.
Traceback:
/home/ubuntu/anaconda3/envs/tfgpu/lib/python3.13/importlib/__init__.py:88: in import_module
    return _bootstrap._gcd_import(name[level:], package, level)
           ^^^^^^^^^^^^^^^^^^^^^^^^^^^^^^^^^^^^^^^^^^^^^^^^^^^^
tests/inference_validation/test_m28_design.py:7: in &lt;module&gt;
    from docs.benchmarks.prepare_hmc_m28_2026_09_23 import PLAN, build_suite, check_counts
E   ModuleNotFoundError: No module named 'docs.benchmarks.prepare_hmc_m28_2026_09_23'</error></testcase><testcase classname="" name="tests.inference_validation.test_m29_design" time="0.000"><error message="collection failure">ImportError while importing test module '/home/ubuntu/python/BayesFilter/docs/plans/artifacts/hmc-remaining-gaps-2026-09-24/c-r1/source-r4/tests/inference_validation/test_m29_design.py'.
Hint: make sure your test modules/packages have valid Python names.
Traceback:
/home/ubuntu/anaconda3/envs/tfgpu/lib/python3.13/importlib/__init__.py:88: in import_module
    return _bootstrap._gcd_import(name[level:], package, level)
           ^^^^^^^^^^^^^^^^^^^^^^^^^^^^^^^^^^^^^^^^^^^^^^^^^^^^
tests/inference_validation/test_m29_design.py:7: in &lt;module&gt;
    from docs.benchmarks.prepare_hmc_m29_2026_09_23 import baselines, build_suite, check_designs, NOTE
E   ModuleNotFoundError: No module named 'docs.benchmarks.prepare_hmc_m29_2026_09_23'</error></testcase><testcase classname="" name="tests.inference_validation.test_resource_resume" time="0.000"><error message="collection failure">ImportError while importing test module '/home/ubuntu/python/BayesFilter/docs/plans/artifacts/hmc-remaining-gaps-2026-09-24/c-r1/source-r4/tests/inference_validation/test_resource_resume.py'.
Hint: make sure your test modules/packages have valid Python names.
Traceback:
/home/ubuntu/anaconda3/envs/tfgpu/lib/python3.13/importlib/__init__.py:88: in import_module
    return _bootstrap._gcd_import(name[level:], package, level)
           ^^^^^^^^^^^^^^^^^^^^^^^^^^^^^^^^^^^^^^^^^^^^^^^^^^^^
tests/inference_validation/test_resource_resume.py:8: in &lt;module&gt;
    from scripts.resume_inference_validation_job import resume_job
E   ModuleNotFoundError: No module named 'scripts'</error></testcase><testcase classname="" name="tests.inference_validation.test_reuse_multimodel" time="0.000"><error message="collection failure">ImportError while importing test module '/home/ubuntu/python/BayesFilter/docs/plans/artifacts/hmc-remaining-gaps-2026-09-24/c-r1/source-r4/tests/inference_validation/test_reuse_multimodel.py'.
Hint: make sure your test modules/packages have valid Python names.
Traceback:
/home/ubuntu/anaconda3/envs/tfgpu/lib/python3.13/importlib/__init__.py:88: in import_module
    return _bootstrap._gcd_import(name[level:], package, level)
           ^^^^^^^^^^^^^^^^^^^^^^^^^^^^^^^^^^^^^^^^^^^^^^^^^^^^
tests/inference_validation/test_reuse_multimodel.py:13: in &lt;module&gt;
    from docs.benchmarks.audit_hmc_m30_2026_09_23 import normalize, numerical_rows
E   ModuleNotFoundError: No module named 'docs.benchmarks.audit_hmc_m30_2026_09_23'</error></testcase></testsuite></testsuites>