<?xml version="1.0" encoding="utf-8"?><testsuites name="pytest tests"><testsuite name="pytest" errors="0" failures="0" skipped="0" tests="35" time="28.580" timestamp="2026-09-16T21:42:34.133506+08:00" hostname="ubuntu-MZF2-AC0-00"><testcase classname="tests.test_lgssm_generic_target_adapter_tf" name="test_lgssm_generic_target_admitted_score_route_uses_no_gradient_tape" time="0.003" /><testcase classname="tests.test_lgssm_generic_target_adapter_tf" name="test_lgssm_generic_target_contract_is_exact_stable_and_untransported" time="0.003" /><testcase classname="tests.test_lgssm_generic_target_adapter_tf" name="test_lgssm_generic_target_adapter_emits_finite_batch_values_scores" time="2.965" /><testcase classname="tests.test_lgssm_generic_target_adapter_tf" name="test_lgssm_generic_target_matches_prior_plus_qr_likelihood" time="0.010" /><testcase classname="tests.test_lgssm_generic_target_adapter_tf" name="test_lgssm_generic_target_batch_of_one_matches_source_rank1_target" time="3.470" /><testcase classname="tests.test_lgssm_generic_target_adapter_tf" name="test_lgssm_generic_batch_matches_independent_scalar_analytical_reference" time="3.087" /><testcase classname="tests.test_lgssm_generic_target_adapter_tf" name="test_lgssm_generic_target_rejects_rank1_position" time="0.002" /><testcase classname="tests.test_lgssm_generic_target_adapter_tf" name="test_lgssm_generic_target_signature_and_manifest_are_stable" time="0.003" /><testcase classname="tests.test_lgssm_generic_target_adapter_tf" name="test_lgssm_generic_target_score_matches_finite_difference_reference" time="0.029" /><testcase classname="tests.test_lgssm_generic_target_adapter_tf" name="test_lgssm_generic_target_likelihood_score_matches_analytic_qr_diagnostic" time="0.007" /><testcase classname="tests.test_ssl_lstm_precision_experiment_tf" name="test_policy_dtypes_distinguish_storage_from_tf32_policy" time="0.000" /><testcase classname="tests.test_ssl_lstm_precision_experiment_tf" name="test_experimental_float64_reproduces_production_target" time="2.316" /><testcase classname="tests.test_ssl_lstm_precision_experiment_tf" name="test_mixed_and_float32_are_finite_with_declared_storage_dtype" time="1.930" /><testcase classname="tests.test_ssl_lstm_precision_experiment_tf" name="test_precision_engine_compiles_with_cpu_xla" time="2.627" /><testcase classname="tests.test_fixed_sgqf_tf" name="test_fixed_sgqf_level1_rule_is_the_center_point_rule" time="0.002" /><testcase classname="tests.test_fixed_sgqf_tf" name="test_fixed_sgqf_level2_rule_matches_the_p47_three_point_rule" time="0.004" /><testcase classname="tests.test_fixed_sgqf_tf" name="test_fixed_sgqf_level3_rule_reproduces_standard_normal_first_two_moments" time="0.002" /><testcase classname="tests.test_fixed_sgqf_tf" name="test_fixed_sgqf_active_indices_and_coefficients_match_p47_3d_level2_preview" time="0.000" /><testcase classname="tests.test_fixed_sgqf_tf" name="test_fixed_sgqf_level2_3d_cloud_merges_to_six_axis_points" time="0.008" /><testcase classname="tests.test_fixed_sgqf_tf" name="test_fixed_sgqf_level2_2d_cloud_reproduces_selected_standard_normal_moments" time="0.005" /><testcase classname="tests.test_fixed_sgqf_tf" name="test_fixed_sgqf_level2_4d_cloud_reproduces_standard_normal_covariance" time="0.006" /><testcase classname="tests.test_fixed_sgqf_tf" name="test_level2_axis_cloud_matches_generic_cloud_through_four_dimensions" time="0.012" /><testcase classname="tests.test_fixed_sgqf_tf" name="test_level2_axis_cloud_is_feasible_and_moment_exact_in_18_dimensions" time="0.002" /><testcase classname="tests.test_fixed_sgqf_tf" name="test_fixed_sgqf_level3_1d_cloud_keeps_the_full_five_point_ghq_rule" time="0.005" /><testcase classname="tests.test_fixed_sgqf_tf" name="test_fixed_sgqf_level3_2d_cloud_matches_jia_example_point_count_and_covariance" time="0.005" /><testcase classname="tests.test_fixed_sgqf_tf" name="test_fixed_sgqf_branch_identity_is_stable_and_sensitive_to_branch_fields" time="0.009" /><testcase classname="tests.test_fixed_sgqf_tf" name="test_fixed_sgqf_numerical_core_has_no_numpy_boundary" time="0.001" /><testcase classname="tests.test_fixed_sgqf_branch_contract_tf" name="test_fixed_sgqf_value_and_score_share_branch_identity_on_success" time="1.146" /><testcase classname="tests.test_fixed_sgqf_branch_contract_tf" name="test_fixed_sgqf_value_and_score_record_same_failure_stage_when_branch_breaks" time="1.094" /><testcase classname="tests.test_fixed_sgqf_audit_tf" name="test_fixed_sgqf_branch_manifest_contains_core_p47_contract_fields" time="0.004" /><testcase classname="tests.test_fixed_sgqf_audit_tf" name="test_fixed_sgqf_branch_identity_changes_when_branch_policy_changes" time="0.006" /><testcase classname="tests.test_fixed_sgqf_audit_tf" name="test_fixed_sgqf_filter_records_cloud_weight_sum_failure_explicitly" time="0.004" /><testcase classname="tests.test_fixed_sgqf_audit_tf" name="test_fixed_sgqf_innovation_failure_records_stage_reason_and_branch_hash" time="0.418" /><testcase classname="tests.test_fixed_sgqf_testing_integration_tf" name="test_fixed_sgqf_testing_helpers_expose_diagnostics_for_successful_value_and_score" time="1.073" /><testcase classname="tests.test_fixed_sgqf_testing_integration_tf" name="test_fixed_sgqf_branch_summary_counts_mixed_success_and_failure" time="2.160" /></testsuite></testsuites>