<?xml version="1.0" encoding="utf-8"?><testsuites name="pytest tests"><testsuite name="pytest" errors="0" failures="0" skipped="0" tests="85" time="103.861" timestamp="2026-09-16T21:44:16.154723+08:00" hostname="ubuntu-MZF2-AC0-00"><testcase classname="tests.test_compiled_kalman_ukf_runtime" name="test_runtime_audit_has_no_unclassified_numerical_iteration" time="4.354" /><testcase classname="tests.test_compiled_kalman_ukf_runtime" name="test_runtime_audit_does_not_exempt_new_numerics_in_a_schema_function" time="0.002" /><testcase classname="tests.test_compiled_kalman_ukf_runtime" name="test_qr_graph_does_not_grow_with_parameter_count[False]" time="0.701" /><testcase classname="tests.test_compiled_kalman_ukf_runtime" name="test_qr_graph_does_not_grow_with_parameter_count[True]" time="0.251" /><testcase classname="tests.test_compiled_kalman_ukf_runtime" name="test_rectangular_qr_dq_dr_independent_differences_and_chain_isolation" time="0.422" /><testcase classname="tests.test_compiled_kalman_ukf_runtime" name="test_complete_nonlinear_filter_differences_and_joint_callback[False]" time="3.669" /><testcase classname="tests.test_compiled_kalman_ukf_runtime" name="test_complete_nonlinear_filter_differences_and_joint_callback[True]" time="3.736" /><testcase classname="tests.test_compiled_kalman_ukf_runtime" name="test_full_rank_rectangular_specialization_preserves_all_outputs" time="3.591" /><testcase classname="tests.test_compiled_kalman_ukf_runtime" name="test_compiled_direct_filter_rejects_invalid_input_factor_per_chain" time="1.150" /><testcase classname="tests.test_compiled_kalman_ukf_runtime" name="test_filter_graph_size_is_bounded_in_observation_horizon[False]" time="0.919" /><testcase classname="tests.test_compiled_kalman_ukf_runtime" name="test_filter_graph_size_is_bounded_in_observation_horizon[True]" time="1.414" /><testcase classname="tests.test_compiled_kalman_ukf_runtime" name="test_qr_derivative_preserves_an_ill_conditioned_valid_stack" time="0.178" /><testcase classname="tests.test_compiled_kalman_ukf_runtime" name="test_sgqf_tensor_status_survives_outer_xla_and_stops_at_first_failure" time="1.978" /><testcase classname="tests.test_compiled_kalman_ukf_runtime" name="test_rectangular_invalid_chain_reports_numeric_status_under_outer_xla" time="1.484" /><testcase classname="tests.test_stack_qr_tf" name="test_batched_qr_reconstructs_and_derivative_matches_fd" time="0.020" /><testcase classname="tests.test_stack_qr_tf" name="test_qr_batch_permutation_and_invalid_inputs" time="0.010" /><testcase classname="tests.test_rectangular_factor_tf" name="test_fixed_pivot_rectangular_qr_reconstructs_exact_rank_two_stack" time="0.006" /><testcase classname="tests.test_rectangular_factor_tf" name="test_fixed_pivot_rectangular_qr_derivative_matches_centered_finite_difference" time="0.016" /><testcase classname="tests.test_rectangular_factor_tf" name="test_rectangular_qr_chart_failure_and_bad_permutation_are_explicit" time="0.005" /><testcase classname="tests.test_rectangular_factor_tf" name="test_direct_stack_svd_handles_rank_zero_repeated_values_and_cutoff_branch" time="0.010" /><testcase classname="tests.test_rectangular_factor_tf" name="test_support_likelihood_on_and_off_affine_support" time="0.009" /><testcase classname="tests.test_rectangular_factor_tf" name="test_direct_support_conditional_is_value_only_and_removes_observed_stack" time="0.008" /><testcase classname="tests.test_rectangular_factor_tf" name="test_rectangular_primitives_reject_nonfinite_and_invalid_shapes" time="0.001" /><testcase classname="tests.test_rectangular_factor_tf" name="test_fixed_support_likelihood_derivative_and_renormalized_epsilon_limit" time="0.027" /><testcase classname="tests.test_rectangular_factor_tf" name="test_fixed_support_conditional_value_and_derivatives_match_centered_fd" time="0.057" /><testcase classname="tests.test_rectangular_factor_tf" name="test_fixed_chart_anisotropic_near_rank_change_fails_closed" time="0.004" /><testcase classname="tests.test_rectangular_factor_tf" name="test_rank_two_fixed_support_conditional_matches_dense_authority_and_fd" time="0.058" /><testcase classname="tests.test_block_qr_conditional_tf" name="test_block_qr_reconstructs_gain_and_conditional_schur_identity" time="0.008" /><testcase classname="tests.test_block_qr_conditional_tf" name="test_block_qr_derivatives_match_centered_finite_difference_without_covariance_diagnostics" time="0.020" /><testcase classname="tests.test_block_qr_conditional_tf" name="test_block_qr_rejects_bad_dimensions_and_nonfinite_values" time="0.001" /><testcase classname="tests.test_block_qr_conditional_tf" name="test_block_qr_relative_pivot_floor_fails_closed" time="0.003" /><testcase classname="tests.test_factor_srukf_tf" name="test_factor_filter_batch_and_modes_are_finite" time="1.262" /><testcase classname="tests.test_factor_srukf_tf" name="test_factor_filter_rejects_nonfinite_observations" time="0.001" /><testcase classname="tests.test_factor_srukf_tf" name="test_gain_right_triangular_solve_matches_dense_orientation" time="0.001" /><testcase classname="tests.test_factor_srukf_tf" name="test_factor_filter_score_and_carried_derivatives_match_centered_fd" time="0.202" /><testcase classname="tests.test_rectangular_srukf_tf" name="test_rectangular_temporal_value_route_handles_on_support_singular_observations" time="0.022" /><testcase classname="tests.test_rectangular_srukf_tf" name="test_rectangular_temporal_value_route_marks_off_support_without_nan" time="0.012" /><testcase classname="tests.test_rectangular_srukf_tf" name="test_fixed_rank_temporal_score_matches_fd_and_cpu_xla" time="1.690" /><testcase classname="tests.test_rectangular_srukf_tf" name="test_fixed_rank_temporal_off_support_invalidates_score_without_nan_value" time="0.052" /><testcase classname="tests.test_factor_srukf_route_guard" name="test_closed_admitted_file_list_passes" time="0.003" /><testcase classname="tests.test_factor_srukf_route_guard" name="test_route_guard_is_case_insensitive[TF.LINALG.SVD(x)]" time="0.000" /><testcase classname="tests.test_factor_srukf_route_guard" name="test_route_guard_is_case_insensitive[tf.linalg.ChOlEsKy(x)]" time="0.000" /><testcase classname="tests.test_factor_srukf_route_guard" name="test_route_guard_is_case_insensitive[Principal_Sqrt(x)]" time="0.000" /><testcase classname="tests.test_factor_srukf_route_guard" name="test_route_guard_is_case_insensitive[covariance_to_factor(x)]" time="0.000" /><testcase classname="tests.test_factor_srukf_route_guard" name="test_fixed_rectangular_score_primitive_closure_has_no_spectral_factorization" time="0.012" /><testcase classname="tests.test_linear_kalman_qr_derivatives_tf" name="test_qr_score_hessian_matches_value_and_solve_reference" time="4.798" /><testcase classname="tests.test_linear_kalman_qr_derivatives_tf" name="test_qr_score_hessian_preserves_float32_and_matches_autodiff_reference" time="4.270" /><testcase classname="tests.test_linear_kalman_qr_derivatives_tf" name="test_public_qr_score_preserves_float32_dtype" time="1.323" /><testcase classname="tests.test_linear_kalman_qr_derivatives_tf" name="test_public_qr_score_cpu_xla_preserves_dtype[dtype0]" time="0.440" /><testcase classname="tests.test_linear_kalman_qr_derivatives_tf" name="test_public_qr_score_cpu_xla_preserves_dtype[dtype1]" time="0.714" /><testcase classname="tests.test_linear_kalman_qr_derivatives_tf" name="test_masked_qr_score_hessian_preserves_float32_dtype" time="1.710" /><testcase classname="tests.test_linear_kalman_qr_derivatives_tf" name="test_qr_score_hessian_matches_autodiff_on_tiny_model" time="2.455" /><testcase classname="tests.test_linear_kalman_qr_derivatives_tf" name="test_private_qr_score_only_matches_score_hessian_and_autodiff_reference" time="0.402" /><testcase classname="tests.test_linear_kalman_qr_derivatives_tf" name="test_public_dynamic_qr_score_matches_score_hessian_without_hessian_claim" time="0.350" /><testcase classname="tests.test_linear_kalman_qr_derivatives_tf" name="test_public_qr_score_uses_dynamic_time_loop_not_static_time_unroll" time="0.004" /><testcase classname="tests.test_linear_kalman_qr_derivatives_tf" name="test_masked_qr_all_true_score_hessian_matches_dense_qr" time="1.382" /><testcase classname="tests.test_linear_kalman_qr_derivatives_tf" name="test_masked_qr_sparse_score_hessian_matches_autodiff_reference" time="3.465" /><testcase classname="tests.test_linear_kalman_qr_derivatives_tf" name="test_masked_qr_all_missing_series_has_zero_likelihood_score_hessian" time="0.006" /><testcase classname="tests.test_linear_kalman_qr_derivatives_tf" name="test_qr_derivative_wrapper_metadata_and_backend_validation" time="0.006" /><testcase classname="tests.test_linear_kalman_qr_derivatives_tf" name="test_masked_qr_derivative_tf_function_reuses_same_shape_concrete_function" time="0.928" /><testcase classname="tests.test_linear_kalman_qr_derivatives_tf" name="test_qr_derivative_tf_function_reuses_same_shape_concrete_function" time="0.892" /><testcase classname="tests.test_linear_kalman_qr_derivatives_tf" name="test_qr_derivative_module_does_not_import_numpy_or_call_dot_numpy" time="0.001" /><testcase classname="tests.test_linear_correlated_kalman_tf" name="test_scalar_correlated_filter_matches_numpy_multistep_oracle" time="1.472" /><testcase classname="tests.test_linear_correlated_kalman_tf" name="test_one_step_update_matches_direct_joint_gaussian_conditioning" time="0.480" /><testcase classname="tests.test_linear_correlated_kalman_tf" name="test_s_zero_matches_existing_dense_covariance_filter" time="0.839" /><testcase classname="tests.test_linear_correlated_kalman_tf" name="test_masked_nan_rows_match_compact_numpy_oracle_and_finite_dummy" time="1.118" /><testcase classname="tests.test_linear_correlated_kalman_tf" name="test_s_zero_matches_existing_masked_filter_for_finite_rows" time="0.784" /><testcase classname="tests.test_linear_correlated_kalman_tf" name="test_observed_nan_fails_closed_but_masked_nan_is_accepted" time="0.009" /><testcase classname="tests.test_linear_correlated_kalman_tf" name="test_exact_singular_and_zero_process_covariance_are_supported" time="0.511" /><testcase classname="tests.test_linear_correlated_kalman_tf" name="test_batched_time_varying_rows_match_scalar_and_have_frozen_shapes" time="1.407" /><testcase classname="tests.test_linear_correlated_kalman_tf" name="test_batched_masked_nan_singleton_and_permutation_contracts" time="1.204" /><testcase classname="tests.test_linear_correlated_kalman_tf" name="test_batched_api_rejects_per_batch_data_and_implicit_model_broadcasting" time="0.051" /><testcase classname="tests.test_linear_correlated_kalman_tf" name="test_log_likelihood_only_routes_match_filter_values" time="0.540" /><testcase classname="tests.test_linear_correlated_kalman_tf" name="test_autodiff_gradient_matches_central_difference_for_correlated_parameter" time="0.489" /><testcase classname="tests.test_linear_correlated_kalman_tf" name="test_target_only_cpu_xla_value_and_gradient_match_non_xla" time="1.368" /><testcase classname="tests.test_linear_correlated_kalman_tf" name="test_masked_batched_log_likelihood_matches_filter_value" time="0.587" /><testcase classname="tests.test_batched_kalman_svd_derivatives_tf" name="test_regular_batch_matches_scalar_value_score_and_status" time="21.092" /><testcase classname="tests.test_batched_kalman_svd_derivatives_tf" name="test_active_floor_status_matches_scalar_rows" time="0.371" /><testcase classname="tests.test_batched_kalman_svd_derivatives_tf" name="test_invalid_row_is_isolated_from_valid_rows" time="0.071" /><testcase classname="tests.test_batched_kalman_svd_derivatives_tf" name="test_row_permutation_equivariance" time="0.741" /><testcase classname="tests.test_batched_kalman_svd_derivatives_tf" name="test_compiled_graph_has_one_time_loop_and_no_mapping_or_callback" time="0.012" /><testcase classname="tests.test_batched_kalman_svd_derivatives_tf" name="test_distinct_static_parameter_dimensions_get_distinct_traces" time="0.722" /><testcase classname="tests.test_batched_kalman_svd_derivatives_tf" name="test_algorithmic_source_has_no_mapping_python_loop_numpy_or_callback" time="0.006" /><testcase classname="tests.test_batched_kalman_svd_derivatives_tf" name="test_single_row_python_body_preserves_batch_shapes" time="7.397" /><testcase classname="tests.test_batched_kalman_svd_derivatives_tf" name="test_explicit_eigendecomposition_backend_receives_one_full_batch_per_step" time="6.228" /></testsuite></testsuites>