<?xml version="1.0" encoding="utf-8"?><testsuites name="pytest tests"><testsuite name="pytest" errors="0" failures="1" skipped="0" tests="3" time="15.064" timestamp="2026-09-16T21:50:01.455363+08:00" hostname="ubuntu-MZF2-AC0-00"><testcase classname="tests.test_hmc_linear_qr_readiness_tf" name="test_qr_static_lgssm_target_value_gradient_and_curvature_are_finite" time="6.166" /><testcase classname="tests.test_hmc_linear_qr_readiness_tf" name="test_qr_static_lgssm_target_compiled_and_eager_parity" time="1.266" /><testcase classname="tests.test_hmc_linear_qr_readiness_tf" name="test_qr_static_lgssm_hmc_smoke_completes_with_finite_diagnostics" time="1.916"><failure message="tensorflow.python.framework.errors_impl.InvalidArgumentError: Input 1 to node `gradients/matrix_transpose/transpose_grad/transpose` with op Transpose must be a compile-time constant.&#10;&#10;XLA compilation requires that operator arguments that represent shapes or dimensions be evaluated to concrete values at compile time. This error means that a shape or dimension argument could not be evaluated at compile time, usually because the value of the argument depends on a parameter to the computation, on a variable, or on a stateful operation such as a random number generator.&#10;&#10;Stack trace for op definition: &#10;File &quot;miniforge3/envs/tf-gpu/bin/pytest&quot;, line 6, in &lt;module&gt;&#10;File &quot;miniforge3/envs/tf-gpu/lib/python3.11/site-packages/_pytest/config/__init__.py&quot;, line 223, in console_main&#10;File &quot;miniforge3/envs/tf-gpu/lib/python3.11/site-packages/_pytest/config/__init__.py&quot;, line 199, in main&#10;File &quot;miniforge3/envs/tf-gpu/lib/python3.11/site-packages/pluggy/_hooks.py&quot;, line 512, in __call__&#10;File &quot;miniforge3/envs/tf-gpu/lib/python3.11/site-packages/pluggy/_manager.py&quot;, line 120, in _hookexec&#10;File &quot;miniforge3/envs/tf-gpu/lib/python3.11/site-packages/pluggy/_callers.py&quot;, line 121, in _multicall&#10;File &quot;miniforge3/envs/tf-gpu/lib/python3.11/site-packages/_pytest/main.py&quot;, line 365, in pytest_cmdline_main&#10;File &quot;miniforge3/envs/tf-gpu/lib/python3.11/site-packages/_pytest/main.py&quot;, line 318, in wrap_session&#10;File &quot;miniforge3/envs/tf-gpu/lib/python3.11/site-packages/_pytest/main.py&quot;, line 372, in _main&#10;File &quot;miniforge3/envs/tf-gpu/lib/python3.11/site-packages/pluggy/_hooks.py&quot;, line 512, in __call__&#10;File &quot;miniforge3/envs/tf-gpu/lib/python3.11/site-packages/pluggy/_manager.py&quot;, line 120, in _hookexec&#10;File &quot;miniforge3/envs/tf-gpu/lib/python3.11/site-packages/pluggy/_callers.py&quot;, line 121, in _multicall&#10;File &quot;miniforge3/envs/tf-gpu/lib/python3.11/site-packages/_pytest/main.py&quot;, line 396, in pytest_runtestloop&#10;File &quot;miniforge3/envs/tf-gpu/lib/python3.11/site-packages/pluggy/_hooks.py&quot;, line 512, in __call__&#10;File &quot;miniforge3/envs/tf-gpu/lib/python3.11/site-packages/pluggy/_manager.py&quot;, line 120, in _hookexec&#10;File &quot;miniforge3/envs/tf-gpu/lib/python3.11/site-packages/pluggy/_callers.py&quot;, line 121, in _multicall&#10;File &quot;miniforge3/envs/tf-gpu/lib/python3.11/site-packages/_pytest/runner.py&quot;, line 118, in pytest_runtest_protocol&#10;File &quot;miniforge3/envs/tf-gpu/lib/python3.11/site-packages/_pytest/runner.py&quot;, line 137, in runtestprotocol&#10;File &quot;miniforge3/envs/tf-gpu/lib/python3.11/site-packages/_pytest/runner.py&quot;, line 244, in call_and_report&#10;File &quot;miniforge3/envs/tf-gpu/lib/python3.11/site-packages/_pytest/runner.py&quot;, line 353, in from_call&#10;File &quot;miniforge3/envs/tf-gpu/lib/python3.11/site-packages/_pytest/runner.py&quot;, line 245, in &lt;lambda&gt;&#10;File &quot;miniforge3/envs/tf-gpu/lib/python3.11/site-packages/pluggy/_hooks.py&quot;, line 512, in __call__&#10;File &quot;miniforge3/envs/tf-gpu/lib/python3.11/site-packages/pluggy/_manager.py&quot;, line 120, in _hookexec&#10;File &quot;miniforge3/envs/tf-gpu/lib/python3.11/site-packages/pluggy/_callers.py&quot;, line 121, in _multicall&#10;File &quot;miniforge3/envs/tf-gpu/lib/python3.11/site-packages/_pytest/runner.py&quot;, line 179, in pytest_runtest_call&#10;File &quot;miniforge3/envs/tf-gpu/lib/python3.11/site-packages/_pytest/python.py&quot;, line 1720, in runtest&#10;File &quot;miniforge3/envs/tf-gpu/lib/python3.11/site-packages/pluggy/_hooks.py&quot;, line 512, in __call__&#10;File &quot;miniforge3/envs/tf-gpu/lib/python3.11/site-packages/pluggy/_manager.py&quot;, line 120, in _hookexec&#10;File &quot;miniforge3/envs/tf-gpu/lib/python3.11/site-packages/pluggy/_callers.py&quot;, line 121, in _multicall&#10;File &quot;miniforge3/envs/tf-gpu/lib/python3.11/site-packages/_pytest/python.py&quot;, line 166, in pytest_pyfunc_call&#10;File &quot;workspace/BayesFilter/tests/test_hmc_linear_qr_readiness_tf.py&quot;, line 20, in test_qr_static_lgssm_target_value_gradient_and_curvature_are_finite&#10;File &quot;workspace/BayesFilter/bayesfilter/testing/tf_hmc_readiness.py&quot;, line 177, in target_log_prob_and_grad&#10;File &quot;workspace/BayesFilter/bayesfilter/testing/tf_hmc_readiness.py&quot;, line 128, in log_likelihood_and_autodiff_score&#10;File &quot;workspace/BayesFilter/bayesfilter/testing/tf_hmc_readiness.py&quot;, line 126, in reference&#10;&#10;&#09; [[{{node gradients/matrix_transpose/transpose_grad/transpose}}]]&#10;&#09;tf2xla conversion failed while converting __inference___backward_tf_qr_sqrt_kalman_log_likelihood_compact_434_1644[]. Run with TF_DUMP_GRAPH_PREFIX=/path/to/dump/dir and --vmodule=xla_compiler=2 to obtain a dump of the compiled functions.&#10;&#09;tf2xla conversion failed while converting mcmc_sample_chain_trace_scan_while_smart_for_loop_while_mh_one_step_hmc_kernel_one_step_leapfrog_integrate_while_body_9602_const_0[]. Run with TF_DUMP_GRAPH_PREFIX=/path/to/dump/dir and --vmodule=xla_compiler=2 to obtain a dump of the compiled functions.&#10;&#10;Stack trace for op definition: &#10;File &quot;miniforge3/envs/tf-gpu/bin/pytest&quot;, line 6, in &lt;module&gt;&#10;File &quot;miniforge3/envs/tf-gpu/lib/python3.11/site-packages/_pytest/config/__init__.py&quot;, line 223, in console_main&#10;File &quot;miniforge3/envs/tf-gpu/lib/python3.11/site-packages/_pytest/config/__init__.py&quot;, line 199, in main&#10;File &quot;miniforge3/envs/tf-gpu/lib/python3.11/site-packages/pluggy/_hooks.py&quot;, line 512, in __call__&#10;File &quot;miniforge3/envs/tf-gpu/lib/python3.11/site-packages/pluggy/_manager.py&quot;, line 120, in _hookexec&#10;File &quot;miniforge3/envs/tf-gpu/lib/python3.11/site-packages/pluggy/_callers.py&quot;, line 121, in _multicall&#10;File &quot;miniforge3/envs/tf-gpu/lib/python3.11/site-packages/_pytest/main.py&quot;, line 365, in pytest_cmdline_main&#10;File &quot;miniforge3/envs/tf-gpu/lib/python3.11/site-packages/_pytest/main.py&quot;, line 318, in wrap_session&#10;File &quot;miniforge3/envs/tf-gpu/lib/python3.11/site-packages/_pytest/main.py&quot;, line 372, in _main&#10;File &quot;miniforge3/envs/tf-gpu/lib/python3.11/site-packages/pluggy/_hooks.py&quot;, line 512, in __call__&#10;File &quot;miniforge3/envs/tf-gpu/lib/python3.11/site-packages/pluggy/_manager.py&quot;, line 120, in _hookexec&#10;File &quot;miniforge3/envs/tf-gpu/lib/python3.11/site-packages/pluggy/_callers.py&quot;, line 121, in _multicall&#10;File &quot;miniforge3/envs/tf-gpu/lib/python3.11/site-packages/_pytest/main.py&quot;, line 396, in pytest_runtestloop&#10;File &quot;miniforge3/envs/tf-gpu/lib/python3.11/site-packages/pluggy/_hooks.py&quot;, line 512, in __call__&#10;File &quot;miniforge3/envs/tf-gpu/lib/python3.11/site-packages/pluggy/_manager.py&quot;, line 120, in _hookexec&#10;File &quot;miniforge3/envs/tf-gpu/lib/python3.11/site-packages/pluggy/_callers.py&quot;, line 121, in _multicall&#10;File &quot;miniforge3/envs/tf-gpu/lib/python3.11/site-packages/_pytest/runner.py&quot;, line 118, in pytest_runtest_protocol&#10;File &quot;miniforge3/envs/tf-gpu/lib/python3.11/site-packages/_pytest/runner.py&quot;, line 137, in runtestprotocol&#10;File &quot;miniforge3/envs/tf-gpu/lib/python3.11/site-packages/_pytest/runner.py&quot;, line 244, in call_and_report&#10;File &quot;miniforge3/envs/tf-gpu/lib/python3.11/site-packages/_pytest/runner.py&quot;, line 353, in from_call&#10;File &quot;miniforge3/envs/tf-gpu/lib/python3.11/site-packages/_pytest/runner.py&quot;, line 245, in &lt;lambda&gt;&#10;File &quot;miniforge3/envs/tf-gpu/lib/python3.11/site-packages/pluggy/_hooks.py&quot;, line 512, in __call__&#10;File &quot;miniforge3/envs/tf-gpu/lib/python3.11/site-packages/pluggy/_manager.py&quot;, line 120, in _hookexec&#10;File &quot;miniforge3/envs/tf-gpu/lib/python3.11/site-packages/pluggy/_callers.py&quot;, line 121, in _multicall&#10;File &quot;miniforge3/envs/tf-gpu/lib/python3.11/site-packages/_pytest/runner.py&quot;, line 179, in pytest_runtest_call&#10;File &quot;miniforge3/envs/tf-gpu/lib/python3.11/site-packages/_pytest/python.py&quot;, line 1720, in runtest&#10;File &quot;miniforge3/envs/tf-gpu/lib/python3.11/site-packages/pluggy/_hooks.py&quot;, line 512, in __call__&#10;File &quot;miniforge3/envs/tf-gpu/lib/python3.11/site-packages/pluggy/_manager.py&quot;, line 120, in _hookexec&#10;File &quot;miniforge3/envs/tf-gpu/lib/python3.11/site-packages/pluggy/_callers.py&quot;, line 121, in _multicall&#10;File &quot;miniforge3/envs/tf-gpu/lib/python3.11/site-packages/_pytest/python.py&quot;, line 166, in pytest_pyfunc_call&#10;File &quot;workspace/BayesFilter/tests/test_hmc_linear_qr_readiness_tf.py&quot;, line 57, in test_qr_static_lgssm_hmc_smoke_completes_with_finite_diagnostics&#10;File &quot;workspace/BayesFilter/bayesfilter/testing/tf_hmc_readiness.py&quot;, line 240, in run_qr_static_lgssm_hmc_smoke&#10;File &quot;workspace/BayesFilter/bayesfilter/testing/tf_hmc_readiness.py&quot;, line 237, in sample_reference&#10;File &quot;miniforge3/envs/tf-gpu/lib/python3.11/site-packages/tensorflow_probability/python/mcmc/sample.py&quot;, line 359, in sample_chain&#10;File &quot;miniforge3/envs/tf-gpu/lib/python3.11/site-packages/tensorflow_probability/python/internal/loop_util.py&quot;, line 232, in trace_scan&#10;File &quot;miniforge3/envs/tf-gpu/lib/python3.11/site-packages/tensorflow_probability/python/internal/loop_util.py&quot;, line 222, in _body&#10;File &quot;miniforge3/envs/tf-gpu/lib/python3.11/site-packages/tensorflow_probability/python/mcmc/sample.py&quot;, line 352, in _trace_scan_fn&#10;File &quot;miniforge3/envs/tf-gpu/lib/python3.11/site-packages/tensorflow_probability/python/internal/loop_util.py&quot;, line 111, in smart_for_loop&#10;File &quot;miniforge3/envs/tf-gpu/lib/python3.11/site-packages/tensorflow_probability/python/internal/loop_util.py&quot;, line 113, in &lt;lambda&gt;&#10;File &quot;miniforge3/envs/tf-gpu/lib/python3.11/site-packages/tensorflow_probability/python/mcmc/sample.py&quot;, line 349, in _seeded_one_step&#10;File &quot;miniforge3/envs/tf-gpu/lib/python3.11/site-packages/tensorflow_probability/python/mcmc/hmc.py&quot;, line 527, in one_step&#10;File &quot;miniforge3/envs/tf-gpu/lib/python3.11/site-packages/tensorflow_probability/python/mcmc/metropolis_hastings.py&quot;, line 191, in one_step&#10;File &quot;miniforge3/envs/tf-gpu/lib/python3.11/site-packages/tensorflow_probability/python/mcmc/hmc.py&quot;, line 705, in one_step&#10;File &quot;miniforge3/envs/tf-gpu/lib/python3.11/site-packages/tensorflow_probability/python/mcmc/internal/leapfrog_integrator.py&quot;, line 291, in __call__&#10;&#10;&#09; [[mcmc_sample_chain/trace_scan/while/smart_for_loop/while/mh_one_step/hmc_kernel_one_step/leapfrog_integrate/while]]&#10;&#09;tf2xla conversion failed while converting mcmc_sample_chain_trace_scan_while_smart_for_loop_while_body_9512_const_0[]. Run with TF_DUMP_GRAPH_PREFIX=/path/to/dump/dir and --vmodule=xla_compiler=2 to obtain a dump of the compiled functions.&#10;&#10;Stack trace for op definition: &#10;File &quot;miniforge3/envs/tf-gpu/bin/pytest&quot;, line 6, in &lt;module&gt;&#10;File &quot;miniforge3/envs/tf-gpu/lib/python3.11/site-packages/_pytest/config/__init__.py&quot;, line 223, in console_main&#10;File &quot;miniforge3/envs/tf-gpu/lib/python3.11/site-packages/_pytest/config/__init__.py&quot;, line 199, in main&#10;File &quot;miniforge3/envs/tf-gpu/lib/python3.11/site-packages/pluggy/_hooks.py&quot;, line 512, in __call__&#10;File &quot;miniforge3/envs/tf-gpu/lib/python3.11/site-packages/pluggy/_manager.py&quot;, line 120, in _hookexec&#10;File &quot;miniforge3/envs/tf-gpu/lib/python3.11/site-packages/pluggy/_callers.py&quot;, line 121, in _multicall&#10;File &quot;miniforge3/envs/tf-gpu/lib/python3.11/site-packages/_pytest/main.py&quot;, line 365, in pytest_cmdline_main&#10;File &quot;miniforge3/envs/tf-gpu/lib/python3.11/site-packages/_pytest/main.py&quot;, line 318, in wrap_session&#10;File &quot;miniforge3/envs/tf-gpu/lib/python3.11/site-packages/_pytest/main.py&quot;, line 372, in _main&#10;File &quot;miniforge3/envs/tf-gpu/lib/python3.11/site-packages/pluggy/_hooks.py&quot;, line 512, in __call__&#10;File &quot;miniforge3/envs/tf-gpu/lib/python3.11/site-packages/pluggy/_manager.py&quot;, line 120, in _hookexec&#10;File &quot;miniforge3/envs/tf-gpu/lib/python3.11/site-packages/pluggy/_callers.py&quot;, line 121, in _multicall&#10;File &quot;miniforge3/envs/tf-gpu/lib/python3.11/site-packages/_pytest/main.py&quot;, line 396, in pytest_runtestloop&#10;File &quot;miniforge3/envs/tf-gpu/lib/python3.11/site-packages/pluggy/_hooks.py&quot;, line 512, in __call__&#10;File &quot;miniforge3/envs/tf-gpu/lib/python3.11/site-packages/pluggy/_manager.py&quot;, line 120, in _hookexec&#10;File &quot;miniforge3/envs/tf-gpu/lib/python3.11/site-packages/pluggy/_callers.py&quot;, line 121, in _multicall&#10;File &quot;miniforge3/envs/tf-gpu/lib/python3.11/site-packages/_pytest/runner.py&quot;, line 118, in pytest_runtest_protocol&#10;File &quot;miniforge3/envs/tf-gpu/lib/python3.11/site-packages/_pytest/runner.py&quot;, line 137, in runtestprotocol&#10;File &quot;miniforge3/envs/tf-gpu/lib/python3.11/site-packages/_pytest/runner.py&quot;, line 244, in call_and_report&#10;File &quot;miniforge3/envs/tf-gpu/lib/python3.11/site-packages/_pytest/runner.py&quot;, line 353, in from_call&#10;File &quot;miniforge3/envs/tf-gpu/lib/python3.11/site-packages/_pytest/runner.py&quot;, line 245, in &lt;lambda&gt;&#10;File &quot;miniforge3/envs/tf-gpu/lib/python3.11/site-packages/pluggy/_hooks.py&quot;, line 512, in __call__&#10;File &quot;miniforge3/envs/tf-gpu/lib/python3.11/site-packages/pluggy/_manager.py&quot;, line 120, in _hookexec&#10;File &quot;miniforge3/envs/tf-gpu/lib/python3.11/site-packages/pluggy/_callers.py&quot;, line 121, in _multicall&#10;File &quot;miniforge3/envs/tf-gpu/lib/python3.11/site-packages/_pytest/runner.py&quot;, line 179, in pytest_runtest_call&#10;File &quot;miniforge3/envs/tf-gpu/lib/python3.11/site-packages/_pytest/python.py&quot;, line 1720, in runtest&#10;File &quot;miniforge3/envs/tf-gpu/lib/python3.11/site-packages/pluggy/_hooks.py&quot;, line 512, in __call__&#10;File &quot;miniforge3/envs/tf-gpu/lib/python3.11/site-packages/pluggy/_manager.py&quot;, line 120, in _hookexec&#10;File &quot;miniforge3/envs/tf-gpu/lib/python3.11/site-packages/pluggy/_callers.py&quot;, line 121, in _multicall&#10;File &quot;miniforge3/envs/tf-gpu/lib/python3.11/site-packages/_pytest/python.py&quot;, line 166, in pytest_pyfunc_call&#10;File &quot;workspace/BayesFilter/tests/test_hmc_linear_qr_readiness_tf.py&quot;, line 57, in test_qr_static_lgssm_hmc_smoke_completes_with_finite_diagnostics&#10;File &quot;workspace/BayesFilter/bayesfilter/testing/tf_hmc_readiness.py&quot;, line 240, in run_qr_static_lgssm_hmc_smoke&#10;File &quot;workspace/BayesFilter/bayesfilter/testing/tf_hmc_readiness.py&quot;, line 237, in sample_reference&#10;File &quot;miniforge3/envs/tf-gpu/lib/python3.11/site-packages/tensorflow_probability/python/mcmc/sample.py&quot;, line 359, in sample_chain&#10;File &quot;miniforge3/envs/tf-gpu/lib/python3.11/site-packages/tensorflow_probability/python/internal/loop_util.py&quot;, line 232, in trace_scan&#10;File &quot;miniforge3/envs/tf-gpu/lib/python3.11/site-packages/tensorflow_probability/python/internal/loop_util.py&quot;, line 222, in _body&#10;File &quot;miniforge3/envs/tf-gpu/lib/python3.11/site-packages/tensorflow_probability/python/mcmc/sample.py&quot;, line 352, in _trace_scan_fn&#10;File &quot;miniforge3/envs/tf-gpu/lib/python3.11/site-packages/tensorflow_probability/python/internal/loop_util.py&quot;, line 111, in smart_for_loop&#10;&#10;&#09; [[mcmc_sample_chain/trace_scan/while/smart_for_loop/while]]&#10;&#09;tf2xla conversion failed while converting mcmc_sample_chain_trace_scan_while_body_9448_const_0[]. Run with TF_DUMP_GRAPH_PREFIX=/path/to/dump/dir and --vmodule=xla_compiler=2 to obtain a dump of the compiled functions.&#10;&#10;Stack trace for op definition: &#10;File &quot;miniforge3/envs/tf-gpu/bin/pytest&quot;, line 6, in &lt;module&gt;&#10;File &quot;miniforge3/envs/tf-gpu/lib/python3.11/site-packages/_pytest/config/__init__.py&quot;, line 223, in console_main&#10;File &quot;miniforge3/envs/tf-gpu/lib/python3.11/site-packages/_pytest/config/__init__.py&quot;, line 199, in main&#10;File &quot;miniforge3/envs/tf-gpu/lib/python3.11/site-packages/pluggy/_hooks.py&quot;, line 512, in __call__&#10;File &quot;miniforge3/envs/tf-gpu/lib/python3.11/site-packages/pluggy/_manager.py&quot;, line 120, in _hookexec&#10;File &quot;miniforge3/envs/tf-gpu/lib/python3.11/site-packages/pluggy/_callers.py&quot;, line 121, in _multicall&#10;File &quot;miniforge3/envs/tf-gpu/lib/python3.11/site-packages/_pytest/main.py&quot;, line 365, in pytest_cmdline_main&#10;File &quot;miniforge3/envs/tf-gpu/lib/python3.11/site-packages/_pytest/main.py&quot;, line 318, in wrap_session&#10;File &quot;miniforge3/envs/tf-gpu/lib/python3.11/site-packages/_pytest/main.py&quot;, line 372, in _main&#10;File &quot;miniforge3/envs/tf-gpu/lib/python3.11/site-packages/pluggy/_hooks.py&quot;, line 512, in __call__&#10;File &quot;miniforge3/envs/tf-gpu/lib/python3.11/site-packages/pluggy/_manager.py&quot;, line 120, in _hookexec&#10;File &quot;miniforge3/envs/tf-gpu/lib/python3.11/site-packages/pluggy/_callers.py&quot;, line 121, in _multicall&#10;File &quot;miniforge3/envs/tf-gpu/lib/python3.11/site-packages/_pytest/main.py&quot;, line 396, in pytest_runtestloop&#10;File &quot;miniforge3/envs/tf-gpu/lib/python3.11/site-packages/pluggy/_hooks.py&quot;, line 512, in __call__&#10;File &quot;miniforge3/envs/tf-gpu/lib/python3.11/site-packages/pluggy/_manager.py&quot;, line 120, in _hookexec&#10;File &quot;miniforge3/envs/tf-gpu/lib/python3.11/site-packages/pluggy/_callers.py&quot;, line 121, in _multicall&#10;File &quot;miniforge3/envs/tf-gpu/lib/python3.11/site-packages/_pytest/runner.py&quot;, line 118, in pytest_runtest_protocol&#10;File &quot;miniforge3/envs/tf-gpu/lib/python3.11/site-packages/_pytest/runner.py&quot;, line 137, in runtestprotocol&#10;File &quot;miniforge3/envs/tf-gpu/lib/python3.11/site-packages/_pytest/runner.py&quot;, line 244, in call_and_report&#10;File &quot;miniforge3/envs/tf-gpu/lib/python3.11/site-packages/_pytest/runner.py&quot;, line 353, in from_call&#10;File &quot;miniforge3/envs/tf-gpu/lib/python3.11/site-packages/_pytest/runner.py&quot;, line 245, in &lt;lambda&gt;&#10;File &quot;miniforge3/envs/tf-gpu/lib/python3.11/site-packages/pluggy/_hooks.py&quot;, line 512, in __call__&#10;File &quot;miniforge3/envs/tf-gpu/lib/python3.11/site-packages/pluggy/_manager.py&quot;, line 120, in _hookexec&#10;File &quot;miniforge3/envs/tf-gpu/lib/python3.11/site-packages/pluggy/_callers.py&quot;, line 121, in _multicall&#10;File &quot;miniforge3/envs/tf-gpu/lib/python3.11/site-packages/_pytest/runner.py&quot;, line 179, in pytest_runtest_call&#10;File &quot;miniforge3/envs/tf-gpu/lib/python3.11/site-packages/_pytest/python.py&quot;, line 1720, in runtest&#10;File &quot;miniforge3/envs/tf-gpu/lib/python3.11/site-packages/pluggy/_hooks.py&quot;, line 512, in __call__&#10;File &quot;miniforge3/envs/tf-gpu/lib/python3.11/site-packages/pluggy/_manager.py&quot;, line 120, in _hookexec&#10;File &quot;miniforge3/envs/tf-gpu/lib/python3.11/site-packages/pluggy/_callers.py&quot;, line 121, in _multicall&#10;File &quot;miniforge3/envs/tf-gpu/lib/python3.11/site-packages/_pytest/python.py&quot;, line 166, in pytest_pyfunc_call&#10;File &quot;workspace/BayesFilter/tests/test_hmc_linear_qr_readiness_tf.py&quot;, line 57, in test_qr_static_lgssm_hmc_smoke_completes_with_finite_diagnostics&#10;File &quot;workspace/BayesFilter/bayesfilter/testing/tf_hmc_readiness.py&quot;, line 240, in run_qr_static_lgssm_hmc_smoke&#10;File &quot;workspace/BayesFilter/bayesfilter/testing/tf_hmc_readiness.py&quot;, line 237, in sample_reference&#10;File &quot;miniforge3/envs/tf-gpu/lib/python3.11/site-packages/tensorflow_probability/python/mcmc/sample.py&quot;, line 359, in sample_chain&#10;File &quot;miniforge3/envs/tf-gpu/lib/python3.11/site-packages/tensorflow_probability/python/internal/loop_util.py&quot;, line 232, in trace_scan&#10;&#10;&#09; [[mcmc_sample_chain/trace_scan/while]]&#10;&#09;tf2xla conversion failed while converting __inference_sample_reference_10053[_XlaMustCompile=true,config_proto=13561319589895757934,executor_type=11160318154034397263]. Run with TF_DUMP_GRAPH_PREFIX=/path/to/dump/dir and --vmodule=xla_compiler=2 to obtain a dump of the compiled functions. [Op:__inference_sample_reference_10053]">tests/test_hmc_linear_qr_readiness_tf.py:57: in test_qr_static_lgssm_hmc_smoke_completes_with_finite_diagnostics
    diagnostics = run_qr_static_lgssm_hmc_smoke(
bayesfilter/testing/tf_hmc_readiness.py:240: in run_qr_static_lgssm_hmc_smoke
    samples, trace = sample_reference(initial_state)
                     ^^^^^^^^^^^^^^^^^^^^^^^^^^^^^^^
../../miniforge3/envs/tf-gpu/lib/python3.11/site-packages/tensorflow/python/util/traceback_utils.py:153: in error_handler
    raise e.with_traceback(filtered_tb) from None
../../miniforge3/envs/tf-gpu/lib/python3.11/site-packages/tensorflow/python/eager/execute.py:53: in quick_execute
    tensors = pywrap_tfe.TFE_Py_Execute(ctx._handle, device_name, op_name,
E   tensorflow.python.framework.errors_impl.InvalidArgumentError: Input 1 to node `gradients/matrix_transpose/transpose_grad/transpose` with op Transpose must be a compile-time constant.
E   
E   XLA compilation requires that operator arguments that represent shapes or dimensions be evaluated to concrete values at compile time. This error means that a shape or dimension argument could not be evaluated at compile time, usually because the value of the argument depends on a parameter to the computation, on a variable, or on a stateful operation such as a random number generator.
E   
E   Stack trace for op definition: 
E   File "miniforge3/envs/tf-gpu/bin/pytest", line 6, in &lt;module&gt;
E   File "miniforge3/envs/tf-gpu/lib/python3.11/site-packages/_pytest/config/__init__.py", line 223, in console_main
E   File "miniforge3/envs/tf-gpu/lib/python3.11/site-packages/_pytest/config/__init__.py", line 199, in main
E   File "miniforge3/envs/tf-gpu/lib/python3.11/site-packages/pluggy/_hooks.py", line 512, in __call__
E   File "miniforge3/envs/tf-gpu/lib/python3.11/site-packages/pluggy/_manager.py", line 120, in _hookexec
E   File "miniforge3/envs/tf-gpu/lib/python3.11/site-packages/pluggy/_callers.py", line 121, in _multicall
E   File "miniforge3/envs/tf-gpu/lib/python3.11/site-packages/_pytest/main.py", line 365, in pytest_cmdline_main
E   File "miniforge3/envs/tf-gpu/lib/python3.11/site-packages/_pytest/main.py", line 318, in wrap_session
E   File "miniforge3/envs/tf-gpu/lib/python3.11/site-packages/_pytest/main.py", line 372, in _main
E   File "miniforge3/envs/tf-gpu/lib/python3.11/site-packages/pluggy/_hooks.py", line 512, in __call__
E   File "miniforge3/envs/tf-gpu/lib/python3.11/site-packages/pluggy/_manager.py", line 120, in _hookexec
E   File "miniforge3/envs/tf-gpu/lib/python3.11/site-packages/pluggy/_callers.py", line 121, in _multicall
E   File "miniforge3/envs/tf-gpu/lib/python3.11/site-packages/_pytest/main.py", line 396, in pytest_runtestloop
E   File "miniforge3/envs/tf-gpu/lib/python3.11/site-packages/pluggy/_hooks.py", line 512, in __call__
E   File "miniforge3/envs/tf-gpu/lib/python3.11/site-packages/pluggy/_manager.py", line 120, in _hookexec
E   File "miniforge3/envs/tf-gpu/lib/python3.11/site-packages/pluggy/_callers.py", line 121, in _multicall
E   File "miniforge3/envs/tf-gpu/lib/python3.11/site-packages/_pytest/runner.py", line 118, in pytest_runtest_protocol
E   File "miniforge3/envs/tf-gpu/lib/python3.11/site-packages/_pytest/runner.py", line 137, in runtestprotocol
E   File "miniforge3/envs/tf-gpu/lib/python3.11/site-packages/_pytest/runner.py", line 244, in call_and_report
E   File "miniforge3/envs/tf-gpu/lib/python3.11/site-packages/_pytest/runner.py", line 353, in from_call
E   File "miniforge3/envs/tf-gpu/lib/python3.11/site-packages/_pytest/runner.py", line 245, in &lt;lambda&gt;
E   File "miniforge3/envs/tf-gpu/lib/python3.11/site-packages/pluggy/_hooks.py", line 512, in __call__
E   File "miniforge3/envs/tf-gpu/lib/python3.11/site-packages/pluggy/_manager.py", line 120, in _hookexec
E   File "miniforge3/envs/tf-gpu/lib/python3.11/site-packages/pluggy/_callers.py", line 121, in _multicall
E   File "miniforge3/envs/tf-gpu/lib/python3.11/site-packages/_pytest/runner.py", line 179, in pytest_runtest_call
E   File "miniforge3/envs/tf-gpu/lib/python3.11/site-packages/_pytest/python.py", line 1720, in runtest
E   File "miniforge3/envs/tf-gpu/lib/python3.11/site-packages/pluggy/_hooks.py", line 512, in __call__
E   File "miniforge3/envs/tf-gpu/lib/python3.11/site-packages/pluggy/_manager.py", line 120, in _hookexec
E   File "miniforge3/envs/tf-gpu/lib/python3.11/site-packages/pluggy/_callers.py", line 121, in _multicall
E   File "miniforge3/envs/tf-gpu/lib/python3.11/site-packages/_pytest/python.py", line 166, in pytest_pyfunc_call
E   File "workspace/BayesFilter/tests/test_hmc_linear_qr_readiness_tf.py", line 20, in test_qr_static_lgssm_target_value_gradient_and_curvature_are_finite
E   File "workspace/BayesFilter/bayesfilter/testing/tf_hmc_readiness.py", line 177, in target_log_prob_and_grad
E   File "workspace/BayesFilter/bayesfilter/testing/tf_hmc_readiness.py", line 128, in log_likelihood_and_autodiff_score
E   File "workspace/BayesFilter/bayesfilter/testing/tf_hmc_readiness.py", line 126, in reference
E   
E   	 [[{{node gradients/matrix_transpose/transpose_grad/transpose}}]]
E   	tf2xla conversion failed while converting __inference___backward_tf_qr_sqrt_kalman_log_likelihood_compact_434_1644[]. Run with TF_DUMP_GRAPH_PREFIX=/path/to/dump/dir and --vmodule=xla_compiler=2 to obtain a dump of the compiled functions.
E   	tf2xla conversion failed while converting mcmc_sample_chain_trace_scan_while_smart_for_loop_while_mh_one_step_hmc_kernel_one_step_leapfrog_integrate_while_body_9602_const_0[]. Run with TF_DUMP_GRAPH_PREFIX=/path/to/dump/dir and --vmodule=xla_compiler=2 to obtain a dump of the compiled functions.
E   
E   Stack trace for op definition: 
E   File "miniforge3/envs/tf-gpu/bin/pytest", line 6, in &lt;module&gt;
E   File "miniforge3/envs/tf-gpu/lib/python3.11/site-packages/_pytest/config/__init__.py", line 223, in console_main
E   File "miniforge3/envs/tf-gpu/lib/python3.11/site-packages/_pytest/config/__init__.py", line 199, in main
E   File "miniforge3/envs/tf-gpu/lib/python3.11/site-packages/pluggy/_hooks.py", line 512, in __call__
E   File "miniforge3/envs/tf-gpu/lib/python3.11/site-packages/pluggy/_manager.py", line 120, in _hookexec
E   File "miniforge3/envs/tf-gpu/lib/python3.11/site-packages/pluggy/_callers.py", line 121, in _multicall
E   File "miniforge3/envs/tf-gpu/lib/python3.11/site-packages/_pytest/main.py", line 365, in pytest_cmdline_main
E   File "miniforge3/envs/tf-gpu/lib/python3.11/site-packages/_pytest/main.py", line 318, in wrap_session
E   File "miniforge3/envs/tf-gpu/lib/python3.11/site-packages/_pytest/main.py", line 372, in _main
E   File "miniforge3/envs/tf-gpu/lib/python3.11/site-packages/pluggy/_hooks.py", line 512, in __call__
E   File "miniforge3/envs/tf-gpu/lib/python3.11/site-packages/pluggy/_manager.py", line 120, in _hookexec
E   File "miniforge3/envs/tf-gpu/lib/python3.11/site-packages/pluggy/_callers.py", line 121, in _multicall
E   File "miniforge3/envs/tf-gpu/lib/python3.11/site-packages/_pytest/main.py", line 396, in pytest_runtestloop
E   File "miniforge3/envs/tf-gpu/lib/python3.11/site-packages/pluggy/_hooks.py", line 512, in __call__
E   File "miniforge3/envs/tf-gpu/lib/python3.11/site-packages/pluggy/_manager.py", line 120, in _hookexec
E   File "miniforge3/envs/tf-gpu/lib/python3.11/site-packages/pluggy/_callers.py", line 121, in _multicall
E   File "miniforge3/envs/tf-gpu/lib/python3.11/site-packages/_pytest/runner.py", line 118, in pytest_runtest_protocol
E   File "miniforge3/envs/tf-gpu/lib/python3.11/site-packages/_pytest/runner.py", line 137, in runtestprotocol
E   File "miniforge3/envs/tf-gpu/lib/python3.11/site-packages/_pytest/runner.py", line 244, in call_and_report
E   File "miniforge3/envs/tf-gpu/lib/python3.11/site-packages/_pytest/runner.py", line 353, in from_call
E   File "miniforge3/envs/tf-gpu/lib/python3.11/site-packages/_pytest/runner.py", line 245, in &lt;lambda&gt;
E   File "miniforge3/envs/tf-gpu/lib/python3.11/site-packages/pluggy/_hooks.py", line 512, in __call__
E   File "miniforge3/envs/tf-gpu/lib/python3.11/site-packages/pluggy/_manager.py", line 120, in _hookexec
E   File "miniforge3/envs/tf-gpu/lib/python3.11/site-packages/pluggy/_callers.py", line 121, in _multicall
E   File "miniforge3/envs/tf-gpu/lib/python3.11/site-packages/_pytest/runner.py", line 179, in pytest_runtest_call
E   File "miniforge3/envs/tf-gpu/lib/python3.11/site-packages/_pytest/python.py", line 1720, in runtest
E   File "miniforge3/envs/tf-gpu/lib/python3.11/site-packages/pluggy/_hooks.py", line 512, in __call__
E   File "miniforge3/envs/tf-gpu/lib/python3.11/site-packages/pluggy/_manager.py", line 120, in _hookexec
E   File "miniforge3/envs/tf-gpu/lib/python3.11/site-packages/pluggy/_callers.py", line 121, in _multicall
E   File "miniforge3/envs/tf-gpu/lib/python3.11/site-packages/_pytest/python.py", line 166, in pytest_pyfunc_call
E   File "workspace/BayesFilter/tests/test_hmc_linear_qr_readiness_tf.py", line 57, in test_qr_static_lgssm_hmc_smoke_completes_with_finite_diagnostics
E   File "workspace/BayesFilter/bayesfilter/testing/tf_hmc_readiness.py", line 240, in run_qr_static_lgssm_hmc_smoke
E   File "workspace/BayesFilter/bayesfilter/testing/tf_hmc_readiness.py", line 237, in sample_reference
E   File "miniforge3/envs/tf-gpu/lib/python3.11/site-packages/tensorflow_probability/python/mcmc/sample.py", line 359, in sample_chain
E   File "miniforge3/envs/tf-gpu/lib/python3.11/site-packages/tensorflow_probability/python/internal/loop_util.py", line 232, in trace_scan
E   File "miniforge3/envs/tf-gpu/lib/python3.11/site-packages/tensorflow_probability/python/internal/loop_util.py", line 222, in _body
E   File "miniforge3/envs/tf-gpu/lib/python3.11/site-packages/tensorflow_probability/python/mcmc/sample.py", line 352, in _trace_scan_fn
E   File "miniforge3/envs/tf-gpu/lib/python3.11/site-packages/tensorflow_probability/python/internal/loop_util.py", line 111, in smart_for_loop
E   File "miniforge3/envs/tf-gpu/lib/python3.11/site-packages/tensorflow_probability/python/internal/loop_util.py", line 113, in &lt;lambda&gt;
E   File "miniforge3/envs/tf-gpu/lib/python3.11/site-packages/tensorflow_probability/python/mcmc/sample.py", line 349, in _seeded_one_step
E   File "miniforge3/envs/tf-gpu/lib/python3.11/site-packages/tensorflow_probability/python/mcmc/hmc.py", line 527, in one_step
E   File "miniforge3/envs/tf-gpu/lib/python3.11/site-packages/tensorflow_probability/python/mcmc/metropolis_hastings.py", line 191, in one_step
E   File "miniforge3/envs/tf-gpu/lib/python3.11/site-packages/tensorflow_probability/python/mcmc/hmc.py", line 705, in one_step
E   File "miniforge3/envs/tf-gpu/lib/python3.11/site-packages/tensorflow_probability/python/mcmc/internal/leapfrog_integrator.py", line 291, in __call__
E   
E   	 [[mcmc_sample_chain/trace_scan/while/smart_for_loop/while/mh_one_step/hmc_kernel_one_step/leapfrog_integrate/while]]
E   	tf2xla conversion failed while converting mcmc_sample_chain_trace_scan_while_smart_for_loop_while_body_9512_const_0[]. Run with TF_DUMP_GRAPH_PREFIX=/path/to/dump/dir and --vmodule=xla_compiler=2 to obtain a dump of the compiled functions.
E   
E   Stack trace for op definition: 
E   File "miniforge3/envs/tf-gpu/bin/pytest", line 6, in &lt;module&gt;
E   File "miniforge3/envs/tf-gpu/lib/python3.11/site-packages/_pytest/config/__init__.py", line 223, in console_main
E   File "miniforge3/envs/tf-gpu/lib/python3.11/site-packages/_pytest/config/__init__.py", line 199, in main
E   File "miniforge3/envs/tf-gpu/lib/python3.11/site-packages/pluggy/_hooks.py", line 512, in __call__
E   File "miniforge3/envs/tf-gpu/lib/python3.11/site-packages/pluggy/_manager.py", line 120, in _hookexec
E   File "miniforge3/envs/tf-gpu/lib/python3.11/site-packages/pluggy/_callers.py", line 121, in _multicall
E   File "miniforge3/envs/tf-gpu/lib/python3.11/site-packages/_pytest/main.py", line 365, in pytest_cmdline_main
E   File "miniforge3/envs/tf-gpu/lib/python3.11/site-packages/_pytest/main.py", line 318, in wrap_session
E   File "miniforge3/envs/tf-gpu/lib/python3.11/site-packages/_pytest/main.py", line 372, in _main
E   File "miniforge3/envs/tf-gpu/lib/python3.11/site-packages/pluggy/_hooks.py", line 512, in __call__
E   File "miniforge3/envs/tf-gpu/lib/python3.11/site-packages/pluggy/_manager.py", line 120, in _hookexec
E   File "miniforge3/envs/tf-gpu/lib/python3.11/site-packages/pluggy/_callers.py", line 121, in _multicall
E   File "miniforge3/envs/tf-gpu/lib/python3.11/site-packages/_pytest/main.py", line 396, in pytest_runtestloop
E   File "miniforge3/envs/tf-gpu/lib/python3.11/site-packages/pluggy/_hooks.py", line 512, in __call__
E   File "miniforge3/envs/tf-gpu/lib/python3.11/site-packages/pluggy/_manager.py", line 120, in _hookexec
E   File "miniforge3/envs/tf-gpu/lib/python3.11/site-packages/pluggy/_callers.py", line 121, in _multicall
E   File "miniforge3/envs/tf-gpu/lib/python3.11/site-packages/_pytest/runner.py", line 118, in pytest_runtest_protocol
E   File "miniforge3/envs/tf-gpu/lib/python3.11/site-packages/_pytest/runner.py", line 137, in runtestprotocol
E   File "miniforge3/envs/tf-gpu/lib/python3.11/site-packages/_pytest/runner.py", line 244, in call_and_report
E   File "miniforge3/envs/tf-gpu/lib/python3.11/site-packages/_pytest/runner.py", line 353, in from_call
E   File "miniforge3/envs/tf-gpu/lib/python3.11/site-packages/_pytest/runner.py", line 245, in &lt;lambda&gt;
E   File "miniforge3/envs/tf-gpu/lib/python3.11/site-packages/pluggy/_hooks.py", line 512, in __call__
E   File "miniforge3/envs/tf-gpu/lib/python3.11/site-packages/pluggy/_manager.py", line 120, in _hookexec
E   File "miniforge3/envs/tf-gpu/lib/python3.11/site-packages/pluggy/_callers.py", line 121, in _multicall
E   File "miniforge3/envs/tf-gpu/lib/python3.11/site-packages/_pytest/runner.py", line 179, in pytest_runtest_call
E   File "miniforge3/envs/tf-gpu/lib/python3.11/site-packages/_pytest/python.py", line 1720, in runtest
E   File "miniforge3/envs/tf-gpu/lib/python3.11/site-packages/pluggy/_hooks.py", line 512, in __call__
E   File "miniforge3/envs/tf-gpu/lib/python3.11/site-packages/pluggy/_manager.py", line 120, in _hookexec
E   File "miniforge3/envs/tf-gpu/lib/python3.11/site-packages/pluggy/_callers.py", line 121, in _multicall
E   File "miniforge3/envs/tf-gpu/lib/python3.11/site-packages/_pytest/python.py", line 166, in pytest_pyfunc_call
E   File "workspace/BayesFilter/tests/test_hmc_linear_qr_readiness_tf.py", line 57, in test_qr_static_lgssm_hmc_smoke_completes_with_finite_diagnostics
E   File "workspace/BayesFilter/bayesfilter/testing/tf_hmc_readiness.py", line 240, in run_qr_static_lgssm_hmc_smoke
E   File "workspace/BayesFilter/bayesfilter/testing/tf_hmc_readiness.py", line 237, in sample_reference
E   File "miniforge3/envs/tf-gpu/lib/python3.11/site-packages/tensorflow_probability/python/mcmc/sample.py", line 359, in sample_chain
E   File "miniforge3/envs/tf-gpu/lib/python3.11/site-packages/tensorflow_probability/python/internal/loop_util.py", line 232, in trace_scan
E   File "miniforge3/envs/tf-gpu/lib/python3.11/site-packages/tensorflow_probability/python/internal/loop_util.py", line 222, in _body
E   File "miniforge3/envs/tf-gpu/lib/python3.11/site-packages/tensorflow_probability/python/mcmc/sample.py", line 352, in _trace_scan_fn
E   File "miniforge3/envs/tf-gpu/lib/python3.11/site-packages/tensorflow_probability/python/internal/loop_util.py", line 111, in smart_for_loop
E   
E   	 [[mcmc_sample_chain/trace_scan/while/smart_for_loop/while]]
E   	tf2xla conversion failed while converting mcmc_sample_chain_trace_scan_while_body_9448_const_0[]. Run with TF_DUMP_GRAPH_PREFIX=/path/to/dump/dir and --vmodule=xla_compiler=2 to obtain a dump of the compiled functions.
E   
E   Stack trace for op definition: 
E   File "miniforge3/envs/tf-gpu/bin/pytest", line 6, in &lt;module&gt;
E   File "miniforge3/envs/tf-gpu/lib/python3.11/site-packages/_pytest/config/__init__.py", line 223, in console_main
E   File "miniforge3/envs/tf-gpu/lib/python3.11/site-packages/_pytest/config/__init__.py", line 199, in main
E   File "miniforge3/envs/tf-gpu/lib/python3.11/site-packages/pluggy/_hooks.py", line 512, in __call__
E   File "miniforge3/envs/tf-gpu/lib/python3.11/site-packages/pluggy/_manager.py", line 120, in _hookexec
E   File "miniforge3/envs/tf-gpu/lib/python3.11/site-packages/pluggy/_callers.py", line 121, in _multicall
E   File "miniforge3/envs/tf-gpu/lib/python3.11/site-packages/_pytest/main.py", line 365, in pytest_cmdline_main
E   File "miniforge3/envs/tf-gpu/lib/python3.11/site-packages/_pytest/main.py", line 318, in wrap_session
E   File "miniforge3/envs/tf-gpu/lib/python3.11/site-packages/_pytest/main.py", line 372, in _main
E   File "miniforge3/envs/tf-gpu/lib/python3.11/site-packages/pluggy/_hooks.py", line 512, in __call__
E   File "miniforge3/envs/tf-gpu/lib/python3.11/site-packages/pluggy/_manager.py", line 120, in _hookexec
E   File "miniforge3/envs/tf-gpu/lib/python3.11/site-packages/pluggy/_callers.py", line 121, in _multicall
E   File "miniforge3/envs/tf-gpu/lib/python3.11/site-packages/_pytest/main.py", line 396, in pytest_runtestloop
E   File "miniforge3/envs/tf-gpu/lib/python3.11/site-packages/pluggy/_hooks.py", line 512, in __call__
E   File "miniforge3/envs/tf-gpu/lib/python3.11/site-packages/pluggy/_manager.py", line 120, in _hookexec
E   File "miniforge3/envs/tf-gpu/lib/python3.11/site-packages/pluggy/_callers.py", line 121, in _multicall
E   File "miniforge3/envs/tf-gpu/lib/python3.11/site-packages/_pytest/runner.py", line 118, in pytest_runtest_protocol
E   File "miniforge3/envs/tf-gpu/lib/python3.11/site-packages/_pytest/runner.py", line 137, in runtestprotocol
E   File "miniforge3/envs/tf-gpu/lib/python3.11/site-packages/_pytest/runner.py", line 244, in call_and_report
E   File "miniforge3/envs/tf-gpu/lib/python3.11/site-packages/_pytest/runner.py", line 353, in from_call
E   File "miniforge3/envs/tf-gpu/lib/python3.11/site-packages/_pytest/runner.py", line 245, in &lt;lambda&gt;
E   File "miniforge3/envs/tf-gpu/lib/python3.11/site-packages/pluggy/_hooks.py", line 512, in __call__
E   File "miniforge3/envs/tf-gpu/lib/python3.11/site-packages/pluggy/_manager.py", line 120, in _hookexec
E   File "miniforge3/envs/tf-gpu/lib/python3.11/site-packages/pluggy/_callers.py", line 121, in _multicall
E   File "miniforge3/envs/tf-gpu/lib/python3.11/site-packages/_pytest/runner.py", line 179, in pytest_runtest_call
E   File "miniforge3/envs/tf-gpu/lib/python3.11/site-packages/_pytest/python.py", line 1720, in runtest
E   File "miniforge3/envs/tf-gpu/lib/python3.11/site-packages/pluggy/_hooks.py", line 512, in __call__
E   File "miniforge3/envs/tf-gpu/lib/python3.11/site-packages/pluggy/_manager.py", line 120, in _hookexec
E   File "miniforge3/envs/tf-gpu/lib/python3.11/site-packages/pluggy/_callers.py", line 121, in _multicall
E   File "miniforge3/envs/tf-gpu/lib/python3.11/site-packages/_pytest/python.py", line 166, in pytest_pyfunc_call
E   File "workspace/BayesFilter/tests/test_hmc_linear_qr_readiness_tf.py", line 57, in test_qr_static_lgssm_hmc_smoke_completes_with_finite_diagnostics
E   File "workspace/BayesFilter/bayesfilter/testing/tf_hmc_readiness.py", line 240, in run_qr_static_lgssm_hmc_smoke
E   File "workspace/BayesFilter/bayesfilter/testing/tf_hmc_readiness.py", line 237, in sample_reference
E   File "miniforge3/envs/tf-gpu/lib/python3.11/site-packages/tensorflow_probability/python/mcmc/sample.py", line 359, in sample_chain
E   File "miniforge3/envs/tf-gpu/lib/python3.11/site-packages/tensorflow_probability/python/internal/loop_util.py", line 232, in trace_scan
E   
E   	 [[mcmc_sample_chain/trace_scan/while]]
E   	tf2xla conversion failed while converting __inference_sample_reference_10053[_XlaMustCompile=true,config_proto=13561319589895757934,executor_type=11160318154034397263]. Run with TF_DUMP_GRAPH_PREFIX=/path/to/dump/dir and --vmodule=xla_compiler=2 to obtain a dump of the compiled functions. [Op:__inference_sample_reference_10053]</failure></testcase></testsuite></testsuites>