<?xml version="1.0" encoding="utf-8"?><testsuites name="pytest tests"><testsuite name="pytest" errors="0" failures="0" skipped="0" tests="13" time="18.066" timestamp="2026-09-16T21:53:27.189668+08:00" hostname="ubuntu-MZF2-AC0-00"><testcase classname="tests.test_hmc_linear_qr_readiness_tf" name="test_qr_static_lgssm_target_value_gradient_and_curvature_are_finite" time="5.716" /><testcase classname="tests.test_hmc_linear_qr_readiness_tf" name="test_qr_static_lgssm_target_compiled_and_eager_parity" time="0.965" /><testcase classname="tests.test_hmc_linear_qr_readiness_tf" name="test_qr_static_lgssm_hmc_smoke_completes_with_finite_diagnostics" time="1.836" /><testcase classname="tests.test_lgssm_generic_target_adapter_tf" name="test_lgssm_generic_target_admitted_score_route_uses_no_gradient_tape" time="0.001" /><testcase classname="tests.test_lgssm_generic_target_adapter_tf" name="test_lgssm_generic_target_contract_is_exact_stable_and_untransported" time="0.003" /><testcase classname="tests.test_lgssm_generic_target_adapter_tf" name="test_lgssm_generic_target_adapter_emits_finite_batch_values_scores" time="2.594" /><testcase classname="tests.test_lgssm_generic_target_adapter_tf" name="test_lgssm_generic_target_matches_prior_plus_qr_likelihood" time="0.008" /><testcase classname="tests.test_lgssm_generic_target_adapter_tf" name="test_lgssm_generic_target_batch_of_one_matches_source_rank1_target" time="1.160" /><testcase classname="tests.test_lgssm_generic_target_adapter_tf" name="test_lgssm_generic_batch_matches_independent_scalar_analytical_reference" time="0.492" /><testcase classname="tests.test_lgssm_generic_target_adapter_tf" name="test_lgssm_generic_target_rejects_rank1_position" time="0.001" /><testcase classname="tests.test_lgssm_generic_target_adapter_tf" name="test_lgssm_generic_target_signature_and_manifest_are_stable" time="0.003" /><testcase classname="tests.test_lgssm_generic_target_adapter_tf" name="test_lgssm_generic_target_score_matches_finite_difference_reference" time="0.028" /><testcase classname="tests.test_lgssm_generic_target_adapter_tf" name="test_lgssm_generic_target_likelihood_score_matches_analytic_qr_diagnostic" time="0.006" /></testsuite></testsuites>