<?xml version="1.0" encoding="utf-8"?><testsuites name="pytest tests"><testsuite name="pytest" errors="0" failures="3" skipped="0" tests="112" time="448.643" timestamp="2026-09-24T04:11:18.378962+08:00" hostname="ubuntu-MZ72-HB2-00"><testcase classname="tests.test_q20_bridge_identity" name="test_q20_bridge_weight_sum_is_canonical_and_repeatable" time="0.898" /><testcase classname="tests.test_q20_bridge_identity" name="test_q20_backend_identity_propagates_through_bridge_and_fixed_beta_adapter" time="0.771" /><testcase classname="tests.test_q20_campaign_costs" name="test_partial_cost_can_reject_but_cannot_admit_campaign" time="0.001" /><testcase classname="tests.test_q20_campaign_costs" name="test_invalid_measurements_cannot_issue_affordability_verdict[0.0]" time="0.001" /><testcase classname="tests.test_q20_campaign_costs" name="test_invalid_measurements_cannot_issue_affordability_verdict[-1.0]" time="0.001" /><testcase classname="tests.test_q20_campaign_costs" name="test_invalid_measurements_cannot_issue_affordability_verdict[nan]" time="0.000" /><testcase classname="tests.test_q20_campaign_costs" name="test_invalid_measurements_cannot_issue_affordability_verdict[inf]" time="0.000" /><testcase classname="tests.test_q20_campaign_costs" name="test_duplicate_or_wrong_scope_cannot_inflate_reservation" time="0.000" /><testcase classname="tests.test_q20_campaign_costs" name="test_invalid_setup_or_batch_cost_metadata_rejects" time="0.000" /><testcase classname="tests.test_q20_campaign_costs" name="test_old_pricing_cannot_hide_missing_full_diagnostic_cost" time="0.000" /><testcase classname="tests.test_q20_campaign_operations" name="test_resource_wait_and_checkpoint_recovery_finish_without_reapproval" time="0.005" /><testcase classname="tests.test_q20_campaign_operations" name="test_repeated_failure_stops_after_one_recovery" time="0.003" /><testcase classname="tests.test_q20_campaign_operations" name="test_unknown_and_budget_stops_cannot_retry_or_become_scientific_rejection[unknown]" time="0.002" /><testcase classname="tests.test_q20_campaign_operations" name="test_unknown_and_budget_stops_cannot_retry_or_become_scientific_rejection[budget]" time="0.002" /><testcase classname="tests.test_q20_campaign_operations" name="test_numerical_candidate_failure_returns_to_declared_master_branch" time="0.002" /><testcase classname="tests.test_q20_campaign_operations" name="test_exhausted_stage_cannot_be_renewed_by_retry" time="0.001" /><testcase classname="tests.test_q20_campaign_operations" name="test_shared_invalidity_cannot_be_a_transient_repair" time="0.001" /><testcase classname="tests.test_q20_campaign_operations" name="test_pricing_reallocation_retries_once_and_preserves_spend" time="0.002" /><testcase classname="tests.test_q20_campaign_operations" name="test_pricing_reallocation_obeys_every_remaining_bound[diagnostic]" time="0.002" /><testcase classname="tests.test_q20_campaign_operations" name="test_pricing_reallocation_obeys_every_remaining_bound[calendar]" time="0.002" /><testcase classname="tests.test_q20_campaign_operations" name="test_pricing_reallocation_obeys_every_remaining_bound[cumulative]" time="0.002" /><testcase classname="tests.test_q20_campaign_operations" name="test_pricing_reallocation_cannot_change_another_stage_or_renew_budget" time="0.001" /><testcase classname="tests.test_q20_campaign_operations" name="test_status_reads_the_explicit_successor" time="0.001" /><testcase classname="tests.test_q20_campaign_operations" name="test_repaired_phase_runner_preserves_full_master_progression[None]" time="0.008" /><testcase classname="tests.test_q20_campaign_operations" name="test_repaired_phase_runner_preserves_full_master_progression[sample]" time="0.016" /><testcase classname="tests.test_q20_campaign_operations" name="test_ensure_is_idempotent_and_keeps_active_worker" time="0.001" /><testcase classname="tests.test_q20_campaign_operations" name="test_ensure_refuses_to_replace_observer_that_started_numerical_work" time="0.001" /><testcase classname="tests.test_q20_campaign_runtime" name="test_process_tree_timeout_and_accounting_once" time="0.618" /><testcase classname="tests.test_q20_campaign_runtime" name="test_normal_exit_cleans_leftover_descendant" time="0.177" /><testcase classname="tests.test_q20_campaign_runtime" name="test_orphan_upper_charge_and_unresolved_creation" time="0.050" /><testcase classname="tests.test_q20_campaign_runtime" name="test_cached_artifact_integrity_and_request_identity" time="0.052" /><testcase classname="tests.test_q20_campaign_runtime" name="test_failed_json_publication_keeps_last_checkpoint" time="0.001" /><testcase classname="tests.test_q20_campaign_runtime" name="test_exhausted_campaign_reports_without_probing_gpu" time="0.095" /><testcase classname="tests.test_q20_checkpoint_migration" name="test_migration_rejects_scientific_scope_changes_before_loading_state[target]" time="0.001" /><testcase classname="tests.test_q20_checkpoint_migration" name="test_migration_rejects_scientific_scope_changes_before_loading_state[training]" time="0.001" /><testcase classname="tests.test_q20_checkpoint_migration" name="test_migration_rejects_scientific_scope_changes_before_loading_state[seed]" time="0.001" /><testcase classname="tests.test_q20_checkpoint_migration" name="test_migration_rejects_scientific_scope_changes_before_loading_state[assessment]" time="0.001" /><testcase classname="tests.test_q20_checkpoint_migration" name="test_migration_restores_state_without_old_admission_or_floor_credit" time="14.730" /><testcase classname="tests.test_q20_checkpoint_migration" name="test_master_migrates_in_supervised_worker_and_replays_phase" time="19.255"><failure message="AssertionError: {'campaign_root': '/tmp/pytest-of-ubuntu/pytest-715/test_master_migrates_in_superv0/campaign', 'declared_estimation_ch...d by this resource stop', 'reason': 'no funded work remains for train-neutra'}, 'method_ranking': 'not_estimated', ...}&#10;assert 'ESTIMATION_BUDGET_PAUSED' == 'REFERENCE_REPAIR_REQUIRED'&#10;  &#10;  - REFERENCE_REPAIR_REQUIRED&#10;  + ESTIMATION_BUDGET_PAUSED">tmp_path = PosixPath('/tmp/pytest-of-ubuntu/pytest-715/test_master_migrates_in_superv0')

    def test_master_migrates_in_supervised_worker_and_replays_phase(tmp_path):
        import tensorflow as tf
        from bayesfilter.runtime.gpu_memory_policy import configure_tensorflow_gpu_memory_growth
        from bayesfilter.inference.q20_master_program import execute_master
        from bayesfilter.inference.q20_production_training import run_training_cohort
        config = protocol()
        config["reference"].update(banks=4, rungs=[64,128], batch_size=32, ess_min=1., minimum_tail_rows=1)
        old = historical(config)
        trained = run_training_cohort(old, four_dimensional_bridge(), tmp_path/"old",
            memory_policy=configure_tensorflow_gpu_memory_growth(tf, require_gpu=False), max_seconds=120., calibration_only=True)
        kwargs = dict(repo=REPO, fixture=True, training_checkpoint=trained["checkpoint"],
            previous_source_root=REPO, previous_config=old,
            allowance={"campaign_remaining_seconds": 7200., "diagnostic_remaining_seconds": 3600.})
        root = tmp_path/"campaign"
        result = execute_master(config, root, stop_after="migrate", **kwargs)
        assert result["status"] == "TRAINING_MIGRATION_COMPLETE"
        ledger = json.loads((root/"campaign.json").read_text())
        assert set(ledger["stages"]) == {"migrate-training"}
        assert execute_master(config, root, stop_after="migrate", **kwargs) == result
        assert json.loads((root/"campaign.json").read_text())["spent_seconds"] == ledger["spent_seconds"]
        finished = execute_master(config, root, **kwargs)
        # The deliberately small reference bank is insufficient. Migration must
        # not weaken that check or silently turn it into ensemble work.
&gt;       assert finished["status"] == "REFERENCE_REPAIR_REQUIRED", finished
E       AssertionError: {'campaign_root': '/tmp/pytest-of-ubuntu/pytest-715/test_master_migrates_in_superv0/campaign', 'declared_estimation_ch...d by this resource stop', 'reason': 'no funded work remains for train-neutra'}, 'method_ranking': 'not_estimated', ...}
E       assert 'ESTIMATION_BUDGET_PAUSED' == 'REFERENCE_REPAIR_REQUIRED'
E         
E         - REFERENCE_REPAIR_REQUIRED
E         + ESTIMATION_BUDGET_PAUSED

tests/test_q20_checkpoint_migration.py:116: AssertionError</failure></testcase><testcase classname="tests.test_q20_checkpoint_migration" name="test_checkpoint_pricing_stops_before_downstream_when_training_reserve_exceeds_budget[neutra]" time="5.225" /><testcase classname="tests.test_q20_checkpoint_migration" name="test_checkpoint_pricing_stops_before_downstream_when_training_reserve_exceeds_budget[ensemble]" time="5.636" /><testcase classname="tests.test_q20_deadline_continuation" name="test_deadline_extension_preserves_total_funds_and_reserves" time="0.001" /><testcase classname="tests.test_q20_deadline_continuation" name="test_expired_or_unfunded_extension_does_not_launch" time="0.000" /><testcase classname="tests.test_q20_deadline_continuation" name="test_only_tuning_budget_pause_permits_extension[ESTIMATION_BUDGET_PAUSED-tune-neutra-beta1: partial_tuning_checkpointed-True]" time="0.001" /><testcase classname="tests.test_q20_deadline_continuation" name="test_only_tuning_budget_pause_permits_extension[ESTIMATION_BUDGET_PAUSED-sample-neutra: budget_paused-False]" time="0.000" /><testcase classname="tests.test_q20_deadline_continuation" name="test_only_tuning_budget_pause_permits_extension[MASTER_INFRASTRUCTURE_FAILURE-tune-neutra-beta1-False]" time="0.000" /><testcase classname="tests.test_q20_deadline_continuation" name="test_only_tuning_budget_pause_permits_extension[STABLE_ESTIMATE_OBTAINED--False]" time="0.000" /><testcase classname="tests.test_q20_deadline_continuation" name="test_qualification_paths_reuse_only_identical_evidence" time="0.001" /><testcase classname="tests.test_q20_deadline_continuation" name="test_prepare_campaign_preserves_ledger_and_rejects_unsettled_parent" time="0.004" /><testcase classname="tests.test_q20_deadline_continuation" name="test_real_checkpoint_extension_matches_uninterrupted_numerics" time="39.088" /><testcase classname="tests.test_q20_estimation_objective" name="test_protocol_only_permits_estimation_and_no_classical_preparation" time="0.001" /><testcase classname="tests.test_q20_estimation_objective" name="test_plain_success_does_not_launch_ensemble_or_comparison" time="0.003" /><testcase classname="tests.test_q20_estimation_objective" name="test_completed_calibration_is_reused_in_estimation_pricing_and_training" time="0.003" /><testcase classname="tests.test_q20_estimation_objective" name="test_retired_classical_phases_fail_before_creating_campaign[refresh]" time="0.001" /><testcase classname="tests.test_q20_estimation_objective" name="test_retired_classical_phases_fail_before_creating_campaign[repair]" time="0.001" /><testcase classname="tests.test_q20_estimation_objective" name="test_retired_classical_phases_fail_before_creating_campaign[checkpoint-repair]" time="0.001" /><testcase classname="tests.test_q20_estimation_objective" name="test_candidate_failure_can_be_repaired_by_ensemble[train]" time="0.005" /><testcase classname="tests.test_q20_estimation_objective" name="test_candidate_failure_can_be_repaired_by_ensemble[tune]" time="0.009" /><testcase classname="tests.test_q20_estimation_objective" name="test_candidate_failure_can_be_repaired_by_ensemble[sample]" time="0.006" /><testcase classname="tests.test_q20_estimation_objective" name="test_candidate_failure_can_be_repaired_by_ensemble[assess]" time="0.007" /><testcase classname="tests.test_q20_estimation_objective" name="test_reference_failure_requires_reference_repair_not_another_sampler" time="0.003" /><testcase classname="tests.test_q20_estimation_objective" name="test_shared_invalidity_does_not_turn_into_candidate_fallback" time="0.003" /><testcase classname="tests.test_q20_estimation_objective" name="test_master_interruption_records_terminal_state" time="0.053" /><testcase classname="tests.test_q20_estimation_objective" name="test_forecast_only_charges_current_method_and_rejects_proxy_ensemble_price" time="0.001" /><testcase classname="tests.test_q20_estimation_objective" name="test_forecast_reports_missing_training_diagnostic_pricing" time="0.001" /><testcase classname="tests.test_q20_gpu_runtime" name="test_capacity_receipt_prevents_framework_import" time="0.001" /><testcase classname="tests.test_q20_gpu_runtime" name="test_actual_launch_selection_and_contention" time="0.000" /><testcase classname="tests.test_q20_gpu_runtime" name="test_desktop_services_are_recorded_but_do_not_block_research" time="0.000" /><testcase classname="tests.test_q20_gpu_runtime" name="test_clean_device_preferred_and_explicit_device_respected" time="0.000" /><testcase classname="tests.test_q20_gpu_runtime" name="test_unmapped_gpu_process_is_not_silently_ignored" time="0.000" /><testcase classname="tests.test_q20_gpu_runtime" name="test_framework_and_growth_guards_precede_probe" time="0.000" /><testcase classname="tests.test_q20_gpu_runtime" name="test_busy_training_worker_preserves_receipt_without_import" time="0.002" /><testcase classname="tests.test_q20_gpu_runtime" name="test_nonzero_worker_failure_is_not_a_training_checkpoint" time="0.160" /><testcase classname="tests.test_q20_gpu_runtime" name="test_checkpoint_survives_an_intervening_capacity_wait" time="0.161" /><testcase classname="tests.test_q20_gpu_runtime" name="test_master_diagnostic_wait_resume_accounting_and_cached_completion" time="0.579" /><testcase classname="tests.test_q20_master_bootstrap_repair" name="test_master_requalifies_only_changed_work_and_reuses_completed_stages" time="0.012" /><testcase classname="tests.test_q20_master_bootstrap_repair" name="test_stale_or_renewed_evidence_blocks_before_launch[allowance]" time="0.004" /><testcase classname="tests.test_q20_master_bootstrap_repair" name="test_stale_or_renewed_evidence_blocks_before_launch[verification]" time="0.005" /><testcase classname="tests.test_q20_master_bootstrap_repair" name="test_stale_or_renewed_evidence_blocks_before_launch[old_artifact]" time="0.005" /><testcase classname="tests.test_q20_master_bootstrap_repair" name="test_stale_or_renewed_evidence_blocks_before_launch[ledger]" time="0.004" /><testcase classname="tests.test_q20_master_bootstrap_repair" name="test_stage_timeout_cannot_renew_its_budget_on_resume" time="0.007" /><testcase classname="tests.test_q20_master_bootstrap_repair" name="test_source_import_rejects_unrelated_numerical_change" time="0.005" /><testcase classname="tests.test_q20_master_bootstrap_repair" name="test_captured_runtime_exception_is_a_continuation_veto[None-candidate_preparation_failure]" time="0.001" /><testcase classname="tests.test_q20_master_bootstrap_repair" name="test_captured_runtime_exception_is_a_continuation_veto[ValueError-execution_failure]" time="0.001" /><testcase classname="tests.test_q20_master_bootstrap_repair" name="test_fresh_source_retry_debits_all_prior_worker_costs" time="0.008" /><testcase classname="tests.test_q20_master_checkpoint" name="test_measured_budget_and_completed_stage_reuse" time="0.009" /><testcase classname="tests.test_q20_master_checkpoint" name="test_stale_allowance_cannot_renew_budget" time="0.005" /><testcase classname="tests.test_q20_master_checkpoint" name="test_unfunded_stage_is_deferred_without_launch" time="0.006" /><testcase classname="tests.test_q20_master_integration" name="test_actual_tuning_member_and_posterior[identity]" time="9.606" /><testcase classname="tests.test_q20_master_integration" name="test_actual_tuning_member_and_posterior[classical]" time="16.067" /><testcase classname="tests.test_q20_master_integration" name="test_actual_tuning_member_and_posterior[neutra]" time="32.181" /><testcase classname="tests.test_q20_master_integration" name="test_fixed_beta_scalar_and_retained_shapes_are_exact_batch_views" time="0.077" /><testcase classname="tests.test_q20_master_integration" name="test_actual_chart_mixture_and_physical_replica_dispatch" time="100.079" /><testcase classname="tests.test_q20_master_integration" name="test_actual_pricing_dispatch_and_finite_complete_forecast" time="4.249" /><testcase classname="tests.test_q20_master_integration" name="test_ensemble_pricing_uses_actual_chart_mixture_without_classical_work" time="14.468" /><testcase classname="tests.test_q20_master_profile" name="test_profile_debits_both_balances" time="0.001" /><testcase classname="tests.test_q20_master_profile" name="test_profile_rejects_stale_verification" time="0.001" /><testcase classname="tests.test_q20_master_profile" name="test_profile_candidate_rejection_is_not_parity_or_campaign_success[result0-MASTER_PROFILE_PARITY_PASSED]" time="0.000" /><testcase classname="tests.test_q20_master_profile" name="test_profile_candidate_rejection_is_not_parity_or_campaign_success[result1-MASTER_PROFILE_CANDIDATE_REJECTED]" time="0.000" /><testcase classname="tests.test_q20_master_profile" name="test_profile_candidate_rejection_is_not_parity_or_campaign_success[result2-MASTER_PROFILE_INCOMPLETE]" time="0.000" /><testcase classname="tests.test_q20_master_profile" name="test_profile_source_overlay_rejects_numerical_change" time="0.003" /><testcase classname="tests.test_q20_master_profile" name="test_diagnostic_bindings_import_in_the_executed_source" time="0.006" /><testcase classname="tests.test_q20_master_profile" name="test_retry_shares_original_worker_cap_and_debits_failure" time="0.002" /><testcase classname="tests.test_q20_master_profile" name="test_only_matching_declared_infinity_sentinel_is_allowed" time="0.013" /><testcase classname="tests.test_q20_master_profile" name="test_cache_protocol_is_optional_and_keeps_the_same_other_target_fields" time="0.001" /><testcase classname="tests.test_q20_master_profile" name="test_qualification_cannot_renew_the_profile_allocation" time="0.000" /><testcase classname="tests.test_q20_master_program" name="test_calibration_master_prices_only_training_and_preserves_partial_cohort" time="12.754" /><testcase classname="tests.test_q20_master_program" name="test_real_pricing_worker_stops_early_and_resume_does_not_repeat" time="7.699" /><testcase classname="tests.test_q20_master_program" name="test_master_stops_after_valid_plain_estimate_and_reuses_completed_stages" time="106.949"><failure message="AssertionError: {'campaign_root': '/tmp/pytest-of-ubuntu/pytest-715/test_master_stops_after_valid_0/campaign', 'declared_estimation_ch...numerical, training, sampling or cost failure within the remaining allowance'}, 'method_ranking': 'not_estimated', ...}&#10;assert 'ESTIMATION_REPAIR_REQUIRED' == 'SMOKE_ESTIMA...CHECKS_PASSED'&#10;  &#10;  - SMOKE_ESTIMATION_CHECKS_PASSED&#10;  + ESTIMATION_REPAIR_REQUIRED">tmp_path = PosixPath('/tmp/pytest-of-ubuntu/pytest-715/test_master_stops_after_valid_0')

    def test_master_stops_after_valid_plain_estimate_and_reuses_completed_stages(tmp_path):
        config=protocol()
        config["training"].update(betas=[0.,1.],pricing_batches=[8])
        config["tuning"].update(initial_epsilon=.3,max_repairs_per_family=4,
            practical_region=[.00001,.99999],repair_region=[.000001,.999999],
            total_budget_units=50,repair_reserve_units=20)
        # Loose screens exercise dispatch and receipts on a known distribution.
        # They are smoke hypotheses and cannot qualify research accuracy.
        config["posterior"].update(warmup_rhat=10.,retained_rhat=10.,bulk_ess=1.,tail_ess=1.)
        config["assessment"].update(mean_margin_sd=10.,quantile_margin_sd=10.,event_margin=1.)
        config["reference"].update(banks=4,rungs=[512,2048],batch_size=32,ess_min=2.,minimum_tail_rows=1)
        validate_protocol(config)
        kwargs=dict(repo=Path(__file__).resolve().parents[1],fixture=True,
            allowance={"campaign_remaining_seconds":20000.,"diagnostic_remaining_seconds":1200.})
        result=execute_master(config,tmp_path/"campaign",**kwargs)
&gt;       assert result["status"]=="SMOKE_ESTIMATION_CHECKS_PASSED",result
E       AssertionError: {'campaign_root': '/tmp/pytest-of-ubuntu/pytest-715/test_master_stops_after_valid_0/campaign', 'declared_estimation_ch...numerical, training, sampling or cost failure within the remaining allowance'}, 'method_ranking': 'not_estimated', ...}
E       assert 'ESTIMATION_REPAIR_REQUIRED' == 'SMOKE_ESTIMA...CHECKS_PASSED'
E         
E         - SMOKE_ESTIMATION_CHECKS_PASSED
E         + ESTIMATION_REPAIR_REQUIRED

tests/test_q20_master_program.py:73: AssertionError</failure></testcase><testcase classname="tests.test_q20_master_refresh" name="test_source_import_allows_only_reviewed_coordinator_or_assessment_changes" time="0.010" /><testcase classname="tests.test_q20_master_refresh" name="test_import_preserves_optimizer_rng_cache_and_ordinary_restart" time="35.979" /><testcase classname="tests.test_q20_master_refresh" name="test_refresh_master_runs_real_workers_and_reuses_finished_stages" time="15.465"><failure message="AssertionError: {'details': {'incomplete_stage': 'refresh-price-downstream', 'next_action': 'resume unchanged master within the shared....}}, 'posterior_qualified': False, 'production_qualified': False, 'remaining_campaign_seconds': 7188.491165828891, ...}&#10;assert 'MASTER_REFRESH_PAUSED' == 'MASTER_REFRE...NG_INCOMPLETE'&#10;  &#10;  - MASTER_REFRESH_PRICING_INCOMPLETE&#10;  + MASTER_REFRESH_PAUSED">tmp_path = PosixPath('/tmp/pytest-of-ubuntu/pytest-715/test_refresh_master_runs_real_0')

    def test_refresh_master_runs_real_workers_and_reuses_finished_stages(tmp_path):
        from bayesfilter.inference.q20_production_training import run_training_cohort
        from bayesfilter.inference.q20_master_program import execute_master
        from tests.test_q20_master_integration import protocol
        config = protocol()
        config["training"].update(pricing_batches=[8])
        config["reference"].update(banks=4, rungs=[64,128], batch_size=32, ess_min=1., minimum_tail_rows=1)
        import tensorflow as tf
        from bayesfilter.runtime.gpu_memory_policy import configure_tensorflow_gpu_memory_growth
        memory = configure_tensorflow_gpu_memory_growth(tf, require_gpu=False)
        trained = run_training_cohort(config, four_dimensional_bridge(), tmp_path / "training",
            memory_policy=memory, max_seconds=120., calibration_only=True)
        path = Path(trained["checkpoint"])
        kwargs = dict(repo=REPO, fixture=True, stop_after="refresh", training_checkpoint=str(path), previous_source_root=REPO,
            allowance={"campaign_remaining_seconds": 7200., "diagnostic_remaining_seconds": 3600.})
        result = execute_master(config, tmp_path / "campaign", **kwargs)
&gt;       assert result["status"] == "MASTER_REFRESH_PRICING_INCOMPLETE", result
E       AssertionError: {'details': {'incomplete_stage': 'refresh-price-downstream', 'next_action': 'resume unchanged master within the shared....}}, 'posterior_qualified': False, 'production_qualified': False, 'remaining_campaign_seconds': 7188.491165828891, ...}
E       assert 'MASTER_REFRESH_PAUSED' == 'MASTER_REFRE...NG_INCOMPLETE'
E         
E         - MASTER_REFRESH_PRICING_INCOMPLETE
E         + MASTER_REFRESH_PAUSED

tests/test_q20_master_refresh.py:104: AssertionError</failure></testcase></testsuite></testsuites>