<?xml version="1.0" encoding="utf-8"?><testsuites name="pytest tests"><testsuite name="pytest" errors="0" failures="0" skipped="0" tests="6" time="57.550" timestamp="2026-09-24T04:53:04.249665+08:00" hostname="ubuntu-MZ72-HB2-00"><testcase classname="tests.test_hmc_binary_posterior_quantity" name="test_explicit_binary_event_ess_matches_direct_indicator_ess" time="0.859" /><testcase classname="tests.test_hmc_binary_posterior_quantity" name="test_unobserved_binary_outcome_does_not_pass[0.0]" time="0.440" /><testcase classname="tests.test_hmc_binary_posterior_quantity" name="test_unobserved_binary_outcome_does_not_pass[1.0]" time="0.027" /><testcase classname="tests.test_hmc_binary_posterior_quantity" name="test_binary_declaration_is_checked_against_actual_values" time="0.002" /><testcase classname="tests.test_hmc_binary_posterior_quantity" name="test_stuck_binary_chains_still_fail_probability_rhat" time="0.029" /><testcase classname="tests.test_q20_master_program" name="test_master_stops_after_valid_plain_estimate_and_reuses_completed_stages" time="53.374" /></testsuite></testsuites>