<?xml version="1.0" encoding="utf-8"?><testsuites name="pytest tests"><testsuite name="pytest" errors="0" failures="0" skipped="0" tests="87" time="239.529" timestamp="2026-09-24T04:26:12.391545+08:00" hostname="ubuntu-MZ72-HB2-00"><testcase classname="tests.test_q20_checkpoint_migration" name="test_master_migrates_in_supervised_worker_and_replays_phase" time="21.609" /><testcase classname="tests.test_q20_master_refresh" name="test_source_import_allows_only_reviewed_coordinator_or_assessment_changes" time="0.005" /><testcase classname="tests.test_q20_master_refresh" name="test_import_preserves_optimizer_rng_cache_and_ordinary_restart" time="34.502" /><testcase classname="tests.test_q20_master_refresh" name="test_refresh_master_runs_real_workers_and_reuses_finished_stages" time="19.107" /><testcase classname="tests.test_q20_master_refresh" name="test_preparation_pricing_preserves_progress_and_structured_failure[False]" time="0.049" /><testcase classname="tests.test_q20_master_refresh" name="test_preparation_pricing_preserves_progress_and_structured_failure[True]" time="0.044" /><testcase classname="tests.test_q20_pricing_import_repair" name="test_multitemperature_import_preserves_timing_and_map_provenance" time="26.274" /><testcase classname="tests.test_q20_pricing_import_repair" name="test_completed_plain_rejection_preserved_while_refreshed_maps_get_fresh_trials" time="0.004" /><testcase classname="tests.test_q20_pricing_import_repair" name="test_unfinished_or_successful_tuning_is_not_imported_as_failure[partial_budget-False]" time="0.001" /><testcase classname="tests.test_q20_pricing_import_repair" name="test_unfinished_or_successful_tuning_is_not_imported_as_failure[complete-True]" time="0.001" /><testcase classname="tests.test_q20_pricing_import_repair" name="test_changed_negative_evidence_is_rejected" time="0.001" /><testcase classname="tests.test_q20_process_topology" name="test_default_topology_is_exactly_the_requested_72_worker_cores" time="0.000" /><testcase classname="tests.test_q20_process_topology" name="test_barrier_assignments_are_disjoint_and_exact" time="0.000" /><testcase classname="tests.test_q20_process_topology" name="test_assignment_fails_closed_when_affinity_is_too_small" time="0.000" /><testcase classname="tests.test_q20_process_topology" name="test_invalid_barrier_values_fail_closed" time="0.000" /><testcase classname="tests.test_q20_process_topology" name="test_benchmark_declares_eight_candidate_pairs_and_staged_task_counts" time="0.017" /><testcase classname="tests.test_q20_process_topology" name="test_process_artifact_encoding_preserves_nonfinite_diagnostics" time="0.001" /><testcase classname="tests.test_q20_process_topology" name="test_deadline_closeout_preserves_partial_task_coverage" time="0.003" /><testcase classname="tests.test_q20_process_topology" name="test_launch_barrier_raises_typed_deadline_after_readiness_cap" time="0.003" /><testcase classname="tests.test_q20_production_repair" name="test_protocol_shortcuts_fail_before_training" time="0.007" /><testcase classname="tests.test_q20_production_repair" name="test_adam_exact_restart_and_beta_continuation" time="1.945" /><testcase classname="tests.test_q20_production_repair" name="test_checkpoint_corruption_and_scope_drift_reject" time="0.638" /><testcase classname="tests.test_q20_production_repair" name="test_post_update_nonfinite_rolls_back" time="0.633" /><testcase classname="tests.test_q20_production_repair" name="test_nonzero_map_export_and_loss_assessment" time="0.954" /><testcase classname="tests.test_q20_production_repair" name="test_learning_dispositions[-1.0--0.3-True-False-0-hmc_trial_nominee]" time="0.001" /><testcase classname="tests.test_q20_production_repair" name="test_learning_dispositions[-1.0-0.0-True-False-1-hmc_trial_nominee]" time="0.001" /><testcase classname="tests.test_q20_production_repair" name="test_learning_dispositions[-1.0-0.3-True-False-0-deterioration_repair_trigger]" time="0.001" /><testcase classname="tests.test_q20_production_repair" name="test_learning_dispositions[0.0-0.0-False-True-0-cap_learning_unresolved]" time="0.001" /><testcase classname="tests.test_q20_production_repair" name="test_learning_dispositions[-1.0--0.3-True-True-0-hmc_trial_nominee]" time="0.001" /><testcase classname="tests.test_q20_production_repair" name="test_production_entrypoint_has_explicit_modes_and_nonpromotion" time="2.156" /><testcase classname="tests.test_q20_production_repair" name="test_cohort_restart_runs_both_positive_temperatures" time="18.158" /><testcase classname="tests.test_q20_production_repair" name="test_plain_training_completion_does_not_train_ensemble_schedules" time="5.532" /><testcase classname="tests.test_q20_qualification" name="test_finite_large_energy_is_reporting_only_and_bad_status_is_veto" time="0.320" /><testcase classname="tests.test_q20_qualification" name="test_new_starts_preserve_geometry_domain_and_round_trip" time="0.286" /><testcase classname="tests.test_q20_qualification" name="test_enclosing_xla_and_actual_batched_runner_qualification" time="2.710" /><testcase classname="tests.test_q20_qualification" name="test_plain_qualification_does_not_require_hot_temperature" time="2.478" /><testcase classname="tests.test_q20_recovery_plan" name="test_interrupted_pricing_reuses_complete_blocks_and_rejects_changed_scope" time="0.003" /><testcase classname="tests.test_q20_recovery_plan" name="test_pricing_checks_next_block_cost_but_can_replay_without_funds" time="0.002" /><testcase classname="tests.test_q20_recovery_plan" name="test_actual_pricing_resume_skips_saved_training_and_hmc" time="4.897" /><testcase classname="tests.test_q20_recovery_plan" name="test_terminal_contention_preserves_worker_result" time="0.047" /><testcase classname="tests.test_q20_recovery_plan" name="test_exact_selected_price_binds_members_and_can_veto_affordability" time="0.001" /><testcase classname="tests.test_q20_recovery_plan" name="test_only_contended_selected_timing_retries_within_one_cumulative_cap" time="0.005" /><testcase classname="tests.test_q20_recovery_plan" name="test_cached_losses_do_not_erase_restore_and_reassessment_cost" time="0.001" /><testcase classname="tests.test_q20_recovery_plan" name="test_explicit_repaired_attempt_keeps_prior_charge_and_cumulative_ceiling" time="0.002" /><testcase classname="tests.test_q20_recovery_plan" name="test_actual_finite_cohort_fresh_verification_and_selected_price" time="13.614" /><testcase classname="tests.test_q20_reference_comparison" name="test_independent_importance_estimates_match_known_gaussian" time="0.336" /><testcase classname="tests.test_q20_reference_comparison" name="test_unvisited_sign_and_collapsed_bank_do_not_get_zero_error" time="0.139" /><testcase classname="tests.test_q20_reference_comparison" name="test_reference_checkpoint_exact_replay_and_empty_posterior" time="0.996" /><testcase classname="tests.test_q20_staged_budget" name="test_forecast_uses_actual_tuning_and_repair_limits" time="0.001" /><testcase classname="tests.test_q20_staged_budget" name="test_allocator_debits_actual_time_and_never_renews_a_stage_or_repair_hold" time="0.000" /><testcase classname="tests.test_q20_staged_budget" name="test_expensive_caps_do_not_prevent_affordable_master_stages" time="0.003" /><testcase classname="tests.test_q20_staged_budget" name="test_cheap_sampling_cannot_hide_unaffordable_required_tuning_cohort" time="0.001" /><testcase classname="tests.test_q20_staged_budget" name="test_partial_tuning_cannot_select_member_or_fallback[partial_budget]" time="0.002" /><testcase classname="tests.test_q20_staged_budget" name="test_partial_tuning_cannot_select_member_or_fallback[budget_bound]" time="0.003" /><testcase classname="tests.test_q20_staged_budget" name="test_partial_tuning_cannot_select_member_or_fallback[budget_paused]" time="0.002" /><testcase classname="tests.test_q20_staged_budget" name="test_selected_trajectory_cost_controls_chunk_allowance" time="0.000" /><testcase classname="tests.test_q20_staged_budget" name="test_checkpoint_pauses_before_new_work_and_replays_without_new_compute" time="0.015" /><testcase classname="tests.test_q20_staged_budget" name="test_supervisor_does_not_cache_budget_pauses[tune-partial_budget]" time="0.052" /><testcase classname="tests.test_q20_staged_budget" name="test_supervisor_does_not_cache_budget_pauses[tune-budget_bound]" time="0.054" /><testcase classname="tests.test_q20_staged_budget" name="test_supervisor_does_not_cache_budget_pauses[sample-budget_paused]" time="0.055" /><testcase classname="tests.test_q20_staged_budget" name="test_supervisor_does_not_cache_budget_pauses[reference-budget_paused]" time="0.054" /><testcase classname="tests.test_q20_staged_budget" name="test_supervisor_does_not_cache_budget_pauses[train-partial_validation_budget]" time="0.054" /><testcase classname="tests.test_q20_staged_budget" name="test_training_handoff_waits_for_full_floor_and_all_temperatures[neutra]" time="5.552" /><testcase classname="tests.test_q20_staged_budget" name="test_training_handoff_waits_for_full_floor_and_all_temperatures[ensemble]" time="10.909" /><testcase classname="tests.test_q20_staged_budget" name="test_reference_pause_resumes_preserved_chunks_exactly" time="1.181" /><testcase classname="tests.test_q20_staged_budget" name="test_public_tuning_partial_budget_resumes_without_new_allowance" time="10.655" /><testcase classname="tests.test_q20_training_continuation_diagnostic" name="test_shadow_probe_preserves_exact_actual_adam_and_rng_path" time="2.499" /><testcase classname="tests.test_q20_training_continuation_diagnostic" name="test_gradient_disagreement_vetoes_probe" time="1.686" /><testcase classname="tests.test_q20_training_continuation_diagnostic" name="test_failed_probe_never_launches_continuation" time="0.002" /><testcase classname="tests.test_q20_training_repair_execution" name="test_missing_distinct_increment_cannot_create_plateau" time="0.000" /><testcase classname="tests.test_q20_training_repair_execution" name="test_requested_rung_covers_all_ensemble_temperatures" time="7.013" /><testcase classname="tests.test_q20_training_repair_execution" name="test_eligible_checkpoint_continues_to_next_rung" time="7.304" /><testcase classname="tests.test_q20_training_repair_execution" name="test_reissued_distinct_comparison_does_not_count_another_plateau" time="9.130" /><testcase classname="tests.test_q20_training_repair_execution" name="test_legacy_endpoint_gets_post_training_checks_without_retraining" time="8.260" /><testcase classname="tests.test_q20_training_repair_execution" name="test_identity_depth_extension_preserves_nonzero_map_and_adam_prefix" time="1.967" /><testcase classname="tests.test_q20_training_repair_execution" name="test_envelope_uses_observed_norms_and_rejects_nonfinite" time="0.000" /><testcase classname="tests.test_q20_training_repair_execution" name="test_queue_reserves_sum_and_accounts_overlap" time="1.551" /><testcase classname="tests.test_q20_training_repair_execution" name="test_master_retries_an_alternative_map_before_ensemble" time="0.008" /><testcase classname="tests.test_q20_training_repair_execution" name="test_master_returns_failed_map_cohort_to_training" time="0.017" /><testcase classname="tests.test_q20_training_repair_execution" name="test_worker_honors_assigned_device_before_tf_import" time="0.004" /><testcase classname="tests.test_q20_training_repair_execution" name="test_repair_worker_writes_resumable_cohort_and_disposable_pilot" time="9.738" /><testcase classname="tests.test_q20_trial_admission" name="test_serious_consumers_require_current_trial_assessment[True-True-True-True]" time="0.002" /><testcase classname="tests.test_q20_trial_admission" name="test_serious_consumers_require_current_trial_assessment[False-True-True-False]" time="0.002" /><testcase classname="tests.test_q20_trial_admission" name="test_serious_consumers_require_current_trial_assessment[None-True-True-False]" time="0.001" /><testcase classname="tests.test_q20_trial_admission" name="test_serious_consumers_require_current_trial_assessment[True-True-False-False]" time="0.001" /><testcase classname="tests.test_q20_trial_admission" name="test_repeated_import_cannot_erase_a_saved_training_veto[deterioration_repair_trigger]" time="0.243" /><testcase classname="tests.test_q20_trial_admission" name="test_repeated_import_cannot_erase_a_saved_training_veto[numerically_invalid]" time="0.226" /></testsuite></testsuites>