<?xml version="1.0" encoding="utf-8"?><testsuites name="pytest tests"><testsuite name="pytest" errors="0" failures="0" skipped="0" tests="20" time="51.910" timestamp="2026-09-24T04:18:00.184416+08:00" hostname="ubuntu-MZ72-HB2-00"><testcase classname="tests.test_q20_training_validation" name="test_cache_extends_exact_prefix_and_reuses_shared_maps_after_restart[False]" time="2.447" /><testcase classname="tests.test_q20_training_validation" name="test_cache_extends_exact_prefix_and_reuses_shared_maps_after_restart[True]" time="1.849" /><testcase classname="tests.test_q20_training_validation" name="test_partial_validation_saves_completed_blocks_and_resumes_only_suffix" time="0.384" /><testcase classname="tests.test_q20_training_validation" name="test_corrupt_cached_tensor_fails_closed" time="0.177" /><testcase classname="tests.test_q20_training_validation" name="test_learning_screen_permits_trials_without_fine_plateau_precision[base0-inc0-False-True-True-hmc_trial_nominee]" time="0.001" /><testcase classname="tests.test_q20_training_validation" name="test_learning_screen_permits_trials_without_fine_plateau_precision[base1-inc1-False-True-False-deterioration_repair_trigger]" time="0.001" /><testcase classname="tests.test_q20_training_validation" name="test_learning_screen_permits_trials_without_fine_plateau_precision[base2-inc2-False-True-True-hmc_trial_nominee]" time="0.001" /><testcase classname="tests.test_q20_training_validation" name="test_learning_screen_permits_trials_without_fine_plateau_precision[base3-inc3-True-True-True-hmc_trial_nominee]" time="0.001" /><testcase classname="tests.test_q20_training_validation" name="test_learning_screen_permits_trials_without_fine_plateau_precision[base4-inc4-True-True-False-cap_learning_unresolved]" time="0.001" /><testcase classname="tests.test_q20_training_validation" name="test_learning_screen_permits_trials_without_fine_plateau_precision[base5-inc5-False-False-False-continue_training]" time="0.001" /><testcase classname="tests.test_q20_training_validation" name="test_learning_screen_permits_trials_without_fine_plateau_precision[base6-inc6-False-True-True-hmc_trial_nominee]" time="0.001" /><testcase classname="tests.test_q20_training_validation" name="test_learning_screen_permits_trials_without_fine_plateau_precision[base7-inc7-False-True-False-deterioration_repair_trigger]" time="0.001" /><testcase classname="tests.test_q20_training_validation" name="test_learning_screen_permits_trials_without_fine_plateau_precision[base8-inc8-False-True-False-continue_training]" time="0.001" /><testcase classname="tests.test_q20_training_validation" name="test_precise_pre_floor_plateau_is_preserved_without_early_promotion" time="0.000" /><testcase classname="tests.test_q20_training_validation" name="test_plateau_cannot_substitute_for_learning[bounds0-True-True-hmc_trial_nominee]" time="0.001" /><testcase classname="tests.test_q20_training_validation" name="test_plateau_cannot_substitute_for_learning[bounds1-False-False-continue_training]" time="0.000" /><testcase classname="tests.test_q20_training_validation" name="test_plateau_cannot_substitute_for_learning[bounds2-True-False-continue_training]" time="0.000" /><testcase classname="tests.test_q20_training_validation" name="test_numerical_veto_blocks_learned_map_trial" time="0.000" /><testcase classname="tests.test_q20_training_validation" name="test_actual_training_bounds_validation_and_continues_nominees" time="8.704" /><testcase classname="tests.test_q20_training_validation" name="test_calibration_resumes_into_full_protocol_without_rng_or_optimizer_drift" time="36.498" /></testsuite></testsuites>