<?xml version="1.0" encoding="utf-8"?><testsuites name="pytest tests"><testsuite name="pytest" errors="0" failures="0" skipped="0" tests="8" time="210.376" timestamp="2026-09-24T04:06:01.085297+08:00" hostname="ubuntu-MZ72-HB2-00"><testcase classname="tests.test_hmc_candidate_set_execution" name="test_supported_frozen_transports_use_numerical_controller_and_durable_geometry[False-affine]" time="10.432" /><testcase classname="tests.test_hmc_candidate_set_execution" name="test_supported_frozen_transports_use_numerical_controller_and_durable_geometry[False-dense_iaf]" time="31.616" /><testcase classname="tests.test_hmc_candidate_set_execution" name="test_supported_frozen_transports_use_numerical_controller_and_durable_geometry[False-configured_iaf]" time="36.277" /><testcase classname="tests.test_hmc_candidate_set_execution" name="test_supported_frozen_transports_use_numerical_controller_and_durable_geometry[False-configured_naf_dsf]" time="39.462" /><testcase classname="tests.test_hmc_candidate_set_execution" name="test_supported_frozen_transports_use_numerical_controller_and_durable_geometry[True-affine]" time="8.744" /><testcase classname="tests.test_hmc_candidate_set_execution" name="test_supported_frozen_transports_use_numerical_controller_and_durable_geometry[True-dense_iaf]" time="20.770" /><testcase classname="tests.test_hmc_candidate_set_execution" name="test_supported_frozen_transports_use_numerical_controller_and_durable_geometry[True-configured_iaf]" time="28.450" /><testcase classname="tests.test_hmc_candidate_set_execution" name="test_supported_frozen_transports_use_numerical_controller_and_durable_geometry[True-configured_naf_dsf]" time="31.856" /></testsuite></testsuites>