<?xml version="1.0" encoding="utf-8"?><testsuites name="pytest tests"><testsuite name="pytest" errors="0" failures="2" skipped="0" tests="145" time="295.628" timestamp="2026-09-24T04:01:17.406684+08:00" hostname="ubuntu-MZ72-HB2-00"><testcase classname="tests.test_neutra_single_authority" name="test_conditional_map_jacobian_score_inverse_and_logdet[iaf]" time="0.181" /><testcase classname="tests.test_neutra_single_authority" name="test_conditional_map_jacobian_score_inverse_and_logdet[naf_dsf]" time="1.751" /><testcase classname="tests.test_neutra_single_authority" name="test_author_free_bias_is_outside_cap_and_has_unrestricted_gradient" time="0.015" /><testcase classname="tests.test_neutra_single_authority" name="test_hoffman_profile_masks_match_author_tfp_blocks" time="0.020" /><testcase classname="tests.test_neutra_single_authority" name="test_frozen_and_training_legacy_numerics_share_authority[bounded_tanh]" time="0.017" /><testcase classname="tests.test_neutra_single_authority" name="test_frozen_and_training_legacy_numerics_share_authority[dsge_bounded_tanh]" time="0.012" /><testcase classname="tests.test_neutra_single_authority" name="test_frozen_and_training_legacy_numerics_share_authority[identity]" time="0.012" /><testcase classname="tests.test_neutra_single_authority" name="test_naf_paper_equation_interior_and_unbounded_tails" time="0.616" /><testcase classname="tests.test_neutra_single_authority" name="test_naf_inverse_input_and_parameter_derivatives_are_implicit" time="8.058" /><testcase classname="tests.test_neutra_single_authority" name="test_naf_author_conditioner_matches_independent_source_operations" time="0.022" /><testcase classname="tests.test_neutra_single_authority" name="test_failed_inverse_is_nonfinite_instead_of_silent_approximation" time="0.064" /><testcase classname="tests.test_neutra_single_authority" name="test_layerwise_vaitl_score_matches_density_score[iaf]" time="0.113" /><testcase classname="tests.test_neutra_single_authority" name="test_layerwise_vaitl_score_matches_density_score[naf_dsf]" time="1.667" /><testcase classname="tests.test_neutra_single_authority" name="test_exact_gaussian_map_has_zero_path_gradient_without_target_hessian" time="0.016" /><testcase classname="tests.test_neutra_single_authority" name="test_frozen_loader_roundtrip_and_tamper_rejection[iaf]" time="0.042" /><testcase classname="tests.test_neutra_single_authority" name="test_frozen_loader_roundtrip_and_tamper_rejection[naf_dsf]" time="0.130" /><testcase classname="tests.test_neutra_single_authority" name="test_xla_adam_resume_rejection_and_graph_contract[iaf-standard]" time="1.339" /><testcase classname="tests.test_neutra_single_authority" name="test_xla_adam_resume_rejection_and_graph_contract[iaf-path]" time="1.451" /><testcase classname="tests.test_neutra_single_authority" name="test_xla_adam_resume_rejection_and_graph_contract[naf_dsf-path]" time="3.944" /><testcase classname="tests.test_neutra_single_authority" name="test_new_naf_uses_standard_1000_point_post_training_procedure" time="3.025" /><testcase classname="tests.test_neutra_single_authority" name="test_adam_rolls_back_finite_but_overflowing_parameter_proposal" time="0.821" /><testcase classname="tests.test_neutra_single_authority" name="test_naf_inverse_density_gradient_compiles_for_weighted_training" time="2.449" /><testcase classname="tests.test_neutra_single_authority" name="test_actual_weighted_trainer_accepts_configured_naf" time="2.574" /><testcase classname="tests.test_neutra_single_authority" name="test_tempered_checkpoint_reconstructs_configured_naf_and_affine_wrapper" time="1.791" /><testcase classname="tests.test_neutra_single_authority" name="test_path_score_reuses_each_layer_forward_once" time="0.093" /><testcase classname="tests.test_neutra_single_authority" name="test_frozen_naf_is_wired_through_actual_hmc_geometry_builder" time="3.726" /><testcase classname="tests.test_neutra_single_authority" name="test_existing_iaf_facades_cannot_contain_numerical_forks" time="3.710" /><testcase classname="tests.test_neutra_precision" name="test_fp32_flow_fp64_target_matches_identical_parameter_reference[standard-iaf]" time="2.558" /><testcase classname="tests.test_neutra_precision" name="test_fp32_flow_fp64_target_matches_identical_parameter_reference[standard-naf_dsf]" time="6.421" /><testcase classname="tests.test_neutra_precision" name="test_fp32_flow_fp64_target_matches_identical_parameter_reference[path-iaf]" time="3.911" /><testcase classname="tests.test_neutra_precision" name="test_fp32_flow_fp64_target_matches_identical_parameter_reference[path-naf_dsf]" time="8.521" /><testcase classname="tests.test_neutra_precision" name="test_fp32_tail_inverse_and_implicit_input_derivative[iaf]" time="1.552" /><testcase classname="tests.test_neutra_precision" name="test_fp32_tail_inverse_and_implicit_input_derivative[naf_dsf]" time="5.325" /><testcase classname="tests.test_neutra_precision" name="test_fp32_checkpoint_resume_and_explicit_fp64_export[iaf]" time="2.957" /><testcase classname="tests.test_neutra_precision" name="test_fp32_checkpoint_resume_and_explicit_fp64_export[naf_dsf]" time="7.894" /><testcase classname="tests.test_neutra_precision" name="test_historical_configured_checkpoint_without_precision_fields_resumes" time="1.429" /><testcase classname="tests.test_neutra_precision" name="test_precision_and_affine_configuration_reject_invalid_values" time="0.000" /><testcase classname="tests.test_neutra_precision" name="test_configured_fp32_naf_weighted_consumer_and_validation" time="8.135" /><testcase classname="tests.test_neutra_precision" name="test_fp32_finalization_verifies_the_exported_fp64_map" time="3.119" /><testcase classname="tests.test_neutra_training" name="test_training_rejects_missing_batch_binding_before_side_effect" time="0.004" /><testcase classname="tests.test_neutra_training" name="test_training_runs_exact_batch_native_lgssm_one_step" time="5.024" /><testcase classname="tests.test_neutra_training" name="test_training_records_missing_condition_estimate_as_unavailable" time="1.566" /><testcase classname="tests.test_neutra_training" name="test_exact_target_reverse_kl_gradient_matches_finite_difference" time="0.658" /><testcase classname="tests.test_neutra_training" name="test_exact_target_five_step_training_is_deterministic" time="3.653" /><testcase classname="tests.test_neutra_training" name="test_training_config_rejects_singleton_batch_before_output" time="0.002" /><testcase classname="tests.test_neutra_training" name="test_trainable_flow_matches_frozen_reload" time="1.745" /><testcase classname="tests.test_neutra_training" name="test_training_records_combined_target_status" time="1.885" /><testcase classname="tests.test_neutra_training" name="test_training_uses_one_graph_native_program_and_terminal_checkpoint" time="1.677" /><testcase classname="tests.test_neutra_training" name="test_training_rejects_invalid_combined_target_status" time="1.525" /><testcase classname="tests.test_neutra_training" name="test_uninterrupted_and_resumed_training_are_bitwise_equal" time="5.018" /><testcase classname="tests.test_neutra_training" name="test_resume_rejects_config_mismatch" time="1.672" /><testcase classname="tests.test_neutra_training" name="test_lower_rate_repair_resume_has_explicit_lineage" time="3.297" /><testcase classname="tests.test_neutra_training" name="test_lower_rate_repair_rejects_other_config_changes" time="1.684" /><testcase classname="tests.test_neutra_training" name="test_infrastructure_resume_uses_fresh_output_and_preserves_state" time="5.570" /><testcase classname="tests.test_neutra_training" name="test_segmented_training_matches_uninterrupted_and_freezes_only_terminal" time="6.665" /><testcase classname="tests.test_neutra_training" name="test_infrastructure_resume_rejects_existing_output" time="1.626" /><testcase classname="tests.test_neutra_training" name="test_no_overwrite_freeze_and_checkpoint" time="1.636" /><testcase classname="tests.test_neutra_training" name="test_reverse_kl_gradient_matches_finite_difference_at_one_weight" time="0.044" /><testcase classname="tests.test_neutra_training" name="test_frozen_explicit_score_matches_autodiff_and_xla" time="2.709" /><testcase classname="tests.test_neutra_artifact_loader" name="test_frozen_neutra_loader_accepts_synthetic_artifact_and_binding" time="0.003" /><testcase classname="tests.test_neutra_artifact_loader" name="test_frozen_neutra_loader_forward_and_logdet_roundtrip" time="0.003" /><testcase classname="tests.test_neutra_artifact_loader" name="test_frozen_neutra_loader_rejects_schema_dimension_target_and_logdet_failures" time="0.007" /><testcase classname="tests.test_neutra_artifact_loader" name="test_frozen_neutra_loader_rejects_process_local_identity" time="0.001" /><testcase classname="tests.test_neutra_artifact_loader" name="test_frozen_neutra_loader_is_compatible_with_fixed_transport_adapter" time="0.003" /><testcase classname="tests.test_neutra_artifact_loader" name="test_frozen_neutra_loader_does_not_promote_fallback_base_authority" time="0.002" /><testcase classname="tests.test_dense_iaf_neutra_artifact_loader" name="test_dense_iaf_loader_accepts_synthetic_payload_and_manifest" time="0.004" /><testcase classname="tests.test_dense_iaf_neutra_artifact_loader" name="test_dense_iaf_loader_forward_and_logdet_match_fixture" time="0.006" /><testcase classname="tests.test_dense_iaf_neutra_artifact_loader" name="test_dense_iaf_inverse_and_manual_scores_match_debug_autodiff" time="0.042" /><testcase classname="tests.test_dense_iaf_neutra_artifact_loader" name="test_nonsymmetric_linear_and_affine_transpose_conventions" time="0.010" /><testcase classname="tests.test_dense_iaf_neutra_artifact_loader" name="test_nested_composition_order_and_batch_permutation" time="0.045" /><testcase classname="tests.test_dense_iaf_neutra_artifact_loader" name="test_dense_iaf_manual_scores_match_directional_finite_differences" time="0.016" /><testcase classname="tests.test_dense_iaf_neutra_artifact_loader" name="test_dense_iaf_pullback_rejects_shape_mismatch" time="0.004" /><testcase classname="tests.test_dense_iaf_neutra_artifact_loader" name="test_identity_and_diagonal_affine_closure" time="0.010" /><testcase classname="tests.test_dense_iaf_neutra_artifact_loader" name="test_supported_activation_manual_scores_match_debug_autodiff[elu]" time="0.018" /><testcase classname="tests.test_dense_iaf_neutra_artifact_loader" name="test_supported_activation_manual_scores_match_debug_autodiff[relu]" time="0.021" /><testcase classname="tests.test_dense_iaf_neutra_artifact_loader" name="test_dense_iaf_reload_replays_all_closure_operations" time="0.038" /><testcase classname="tests.test_dense_iaf_neutra_artifact_loader" name="test_dense_iaf_closure_integrates_with_fixed_transport_target" time="0.021" /><testcase classname="tests.test_dense_iaf_neutra_artifact_loader" name="test_dense_iaf_loader_rejects_target_signature_mismatch_and_legacy_identity" time="0.003" /><testcase classname="tests.test_dense_iaf_neutra_artifact_loader" name="test_dense_iaf_loader_rejects_individual_hash_tampering" time="0.007" /><testcase classname="tests.test_dense_iaf_neutra_artifact_loader" name="test_dense_iaf_loader_rejects_nonfinite_and_shape_mismatch" time="0.004" /><testcase classname="tests.test_dense_iaf_neutra_artifact_loader" name="test_dense_iaf_loader_rejects_process_local_identity_and_component_semantics" time="0.011" /><testcase classname="tests.test_dense_iaf_neutra_artifact_loader" name="test_dense_iaf_loader_rejects_summary_only_historical_artifacts" time="0.001" /><testcase classname="tests.test_neutra_training_mechanisms" name="test_affine_identity_scale_derivative_and_inverse" time="0.007" /><testcase classname="tests.test_neutra_training_mechanisms" name="test_scalar_logdet_and_force_against_value_finite_differences" time="0.019" /><testcase classname="tests.test_neutra_training_mechanisms" name="test_scalar_xla_full_range_tail_roundtrip_and_failure_at_cap" time="0.859" /><testcase classname="tests.test_neutra_training_mechanisms" name="test_single_component_affine_and_distinct_components_shape_direction" time="0.010" /><testcase classname="tests.test_neutra_training_mechanisms" name="test_exact_identity_components_have_only_affine_initial_directions" time="0.017" /><testcase classname="tests.test_neutra_training_mechanisms" name="test_path_gradient_zero_pointwise_at_exact_gaussian_and_real_loss_reported" time="0.461" /><testcase classname="tests.test_neutra_training_mechanisms" name="test_nonlinear_path_expectation_agrees_with_standard_and_finite_difference" time="0.940" /><testcase classname="tests.test_neutra_training_mechanisms" name="test_composed_existing_iaf_proposal_score_and_freezing" time="0.695" /><testcase classname="tests.test_neutra_training_mechanisms" name="test_scalar_training_is_batched_forward_only_and_rejects_invalid_updates[standard]" time="0.440" /><testcase classname="tests.test_neutra_training_mechanisms" name="test_scalar_training_is_batched_forward_only_and_rejects_invalid_updates[path]" time="0.641" /><testcase classname="tests.test_neutra_training_mechanisms" name="test_mechanism_state_roundtrip_is_not_hmc_admission[flow0]" time="0.006" /><testcase classname="tests.test_neutra_training_mechanisms" name="test_mechanism_state_roundtrip_is_not_hmc_admission[flow1]" time="0.012" /><testcase classname="tests.test_neutra_training_mechanisms" name="test_invalid_configuration_and_degenerate_parameters_fail" time="0.381" /><testcase classname="tests.test_neutra_training_mechanisms" name="test_inverse_does_not_accept_a_small_residual_in_a_flat_region" time="0.016" /><testcase classname="tests.test_neutra_training_mechanisms" name="test_update_rejects_finite_parameters_that_would_destroy_positive_scale" time="0.405" /><testcase classname="tests.test_neutra_training_mechanisms" name="test_finite_target_status_veto_does_not_update_parameters" time="0.212" /><testcase classname="tests.test_neutra_mechanism_adam_canary" name="test_first_adam_step_matches_bias_corrected_formula" time="0.598" /><testcase classname="tests.test_neutra_mechanism_adam_canary" name="test_finite_status_veto_preserves_parameters_and_all_slots" time="0.344" /><testcase classname="tests.test_neutra_mechanism_adam_canary" name="test_post_update_constraint_failure_rolls_back_adam_slots_and_iteration" time="0.405" /><testcase classname="tests.test_neutra_mechanism_adam_canary" name="test_slot_and_parameter_restore_matches_uninterrupted_updates" time="0.806" /><testcase classname="tests.test_neutra_mechanism_adam_canary" name="test_invalid_explicit_adam_controls_rejected[beta1-1.0]" time="0.001" /><testcase classname="tests.test_neutra_mechanism_adam_canary" name="test_invalid_explicit_adam_controls_rejected[epsilon-0.0]" time="0.001" /><testcase classname="tests.test_neutra_mechanism_adam_canary" name="test_invalid_explicit_adam_controls_rejected[gradient_clip_norm-0.0]" time="0.001" /><testcase classname="tests.test_neutra_scale_aware_training" name="test_correlated_metric_orientation_units_and_quantile" time="0.009" /><testcase classname="tests.test_neutra_scale_aware_training" name="test_policy_cannot_weaken_required_staging_or_unbound_work[release_boundaries-value0]" time="0.000" /><testcase classname="tests.test_neutra_scale_aware_training" name="test_policy_cannot_weaken_required_staging_or_unbound_work[release_boundaries-value1]" time="0.000" /><testcase classname="tests.test_neutra_scale_aware_training" name="test_policy_cannot_weaken_required_staging_or_unbound_work[maximum_halvings-31]" time="0.001" /><testcase classname="tests.test_neutra_scale_aware_training" name="test_policy_cannot_weaken_required_staging_or_unbound_work[training_batch_size-1]" time="0.000" /><testcase classname="tests.test_neutra_scale_aware_training" name="test_inactive_stages_include_hidden_tensors_and_nonzero_momentum" time="3.660" /><testcase classname="tests.test_neutra_scale_aware_training" name="test_external_target_binding_failure_stops_and_rolls_back[signature]" time="2.995" /><testcase classname="tests.test_neutra_scale_aware_training" name="test_external_target_binding_failure_stops_and_rolls_back[theta]" time="2.177" /><testcase classname="tests.test_neutra_scale_aware_training" name="test_external_target_binding_failure_stops_and_rolls_back[eligibility]" time="2.152" /><testcase classname="tests.test_neutra_scale_aware_training" name="test_external_target_binding_failure_stops_and_rolls_back[nan_score]" time="2.142" /><testcase classname="tests.test_neutra_scale_aware_training" name="test_candidate_exception_restores_and_remains_charged" time="3.814" /><testcase classname="tests.test_neutra_scale_aware_training" name="test_durable_commit_event_failure_restores_every_effectful_value" time="3.712" /><testcase classname="tests.test_neutra_scale_aware_training" name="test_budget_exhaustion_is_a_typed_rollback_without_candidate_target" time="3.723" /><testcase classname="tests.test_neutra_scale_aware_training" name="test_interrupted_restore_reproduces_exact_next_owned_draw_and_update" time="7.833" /><testcase classname="tests.test_neutra_scale_aware_training" name="test_invalid_checkpoint_never_partially_restores[hash]" time="3.640" /><testcase classname="tests.test_neutra_scale_aware_training" name="test_invalid_checkpoint_never_partially_restores[variable_order]" time="3.615" /><testcase classname="tests.test_neutra_scale_aware_training" name="test_invalid_checkpoint_never_partially_restores[nonfinite]" time="3.610" /><testcase classname="tests.test_neutra_scale_aware_training" name="test_invalid_checkpoint_never_partially_restores[target]" time="3.617" /><testcase classname="tests.test_neutra_scale_aware_training" name="test_invalid_checkpoint_never_partially_restores[seed]" time="5.374" /><testcase classname="tests.test_neutra_scale_aware_training" name="test_invalid_checkpoint_never_partially_restores[negative_slot]" time="3.728" /><testcase classname="tests.test_neutra_scale_aware_training" name="test_fixed_chunk_padding_matches_full_batch_gradient_and_single_adam" time="7.330" /><testcase classname="tests.test_neutra_scale_aware_training" name="test_healthy_and_damped_adam_moments_match_raw_canonical_gradient" time="9.765" /><testcase classname="tests.test_neutra_scale_aware_training" name="test_release_boundary_preserves_map_and_slots_and_advances_only_one_stage" time="10.566" /><testcase classname="tests.test_neutra_scale_aware_training" name="test_failed_independent_release_stops_without_mutating_map_or_slots" time="1.033" /><testcase classname="tests.test_neutra_scale_aware_training" name="test_fixed_shape_cpu_xla_map_and_raw_gradient_match_nonxla" time="1.816" /><testcase classname="tests.test_neutra_scale_aware_xla" name="test_compiled_transactions_match_reference_and_reuse_graphs" time="11.829" /><testcase classname="tests.test_neutra_scale_aware_xla" name="test_compiled_rejection_restores_all_optimizer_slots_and_variables" time="9.504" /><testcase classname="tests.test_neutra_scale_aware_xla" name="test_all_three_compiled_adam_stages_and_independent_releases" time="28.284" /><testcase classname="tests.test_neutra_scale_aware_xla" name="test_inverse_graph_uses_bounded_tensor_loop_at_dimension_142" time="0.256" /><testcase classname="tests.test_neutra_scale_aware_xla" name="test_compiled_width_exhaustion_preserves_state" time="7.562" /><testcase classname="tests.test_neutra_scale_aware_xla" name="test_prepared_stream_preserves_original_draws_and_does_not_mutate_state" time="0.095" /><testcase classname="tests.test_neutra_training_graph_contract" name="test_singleton_updates_are_rejected_before_any_state_change[direct]" time="0.009" /><testcase classname="tests.test_neutra_training_graph_contract" name="test_singleton_updates_are_rejected_before_any_state_change[external]" time="0.003" /><testcase classname="tests.test_neutra_training_graph_contract" name="test_singleton_updates_are_rejected_before_any_state_change[padded_singleton]" time="0.008" /><testcase classname="tests.test_neutra_training_graph_contract" name="test_singleton_updates_are_rejected_before_any_state_change[scalar_chunks]" time="0.003" /><testcase classname="tests.test_neutra_training_graph_contract" name="test_cache_eviction_preserves_updates_and_signatures_are_static" time="1.612" /><testcase classname="tests.test_neutra_training_graph_contract" name="test_static_targets_and_single_row_validation_remain_supported" time="0.437" /><testcase classname="tests.test_neutra_training_graph_contract" name="test_external_and_chunked_programs_have_explicit_signatures" time="0.590" /><testcase classname="tests.test_neutra_post_training" name="test_exact_gaussian_and_bad_scaling_are_measured_without_mutating_training[False]" time="0.001"><failure message="TypeError: training_cohort() got an unexpected keyword argument 'method'">jit_compile = False

    @pytest.mark.parametrize("jit_compile", [False, True])
    def test_exact_gaussian_and_bad_scaling_are_measured_without_mutating_training(jit_compile):
&gt;       session, bridge = fixture()
                          ^^^^^^^^^

tests/test_neutra_post_training.py:37: 
_ _ _ _ _ _ _ _ _ _ _ _ _ _ _ _ _ _ _ _ _ _ _ _ _ _ _ _ _ _ _ _ _ _ _ _ _ _ _ _ 

    def fixture():
        config, bridge = tiny_protocol(), four_dimensional_bridge()
&gt;       candidate = training_cohort(config, method="neutra")[0]
                    ^^^^^^^^^^^^^^^^^^^^^^^^^^^^^^^^^^^^^^^^
E       TypeError: training_cohort() got an unexpected keyword argument 'method'

tests/test_neutra_post_training.py:23: TypeError</failure></testcase><testcase classname="tests.test_neutra_post_training" name="test_exact_gaussian_and_bad_scaling_are_measured_without_mutating_training[True]" time="0.002"><failure message="TypeError: training_cohort() got an unexpected keyword argument 'method'">jit_compile = True

    @pytest.mark.parametrize("jit_compile", [False, True])
    def test_exact_gaussian_and_bad_scaling_are_measured_without_mutating_training(jit_compile):
&gt;       session, bridge = fixture()
                          ^^^^^^^^^

tests/test_neutra_post_training.py:37: 
_ _ _ _ _ _ _ _ _ _ _ _ _ _ _ _ _ _ _ _ _ _ _ _ _ _ _ _ _ _ _ _ _ _ _ _ _ _ _ _ 

    def fixture():
        config, bridge = tiny_protocol(), four_dimensional_bridge()
&gt;       candidate = training_cohort(config, method="neutra")[0]
                    ^^^^^^^^^^^^^^^^^^^^^^^^^^^^^^^^^^^^^^^^
E       TypeError: training_cohort() got an unexpected keyword argument 'method'

tests/test_neutra_post_training.py:23: TypeError</failure></testcase></testsuite></testsuites>