<?xml version="1.0" encoding="utf-8"?><testsuites name="pytest tests"><testsuite name="pytest" errors="0" failures="2" skipped="0" tests="87" time="46.004" timestamp="2026-09-24T04:09:10.378214+08:00" hostname="ubuntu-MZ72-HB2-00"><testcase classname="tests.test_neutra_post_training" name="test_exact_gaussian_and_bad_scaling_are_measured_without_mutating_training[False]" time="3.200" /><testcase classname="tests.test_neutra_post_training" name="test_exact_gaussian_and_bad_scaling_are_measured_without_mutating_training[True]" time="2.844" /><testcase classname="tests.test_neutra_post_training" name="test_nonlinear_probe_includes_log_jacobian_score" time="0.508" /><testcase classname="tests.test_neutra_post_training" name="test_invalid_target_is_recorded_and_vetoes_trial[False]" time="0.903" /><testcase classname="tests.test_neutra_post_training" name="test_invalid_target_is_recorded_and_vetoes_trial[True]" time="0.738" /><testcase classname="tests.test_neutra_post_training" name="test_saturated_scale_and_continuous_clipping_are_repair_signals" time="0.772" /><testcase classname="tests.test_neutra_post_training" name="test_probe_cache_is_exact_map_bound_and_respects_budget" time="2.415" /><testcase classname="tests.test_neutra_post_training" name="test_consumer_rejects_absent_stale_or_invalid_report[missing]" time="0.901" /><testcase classname="tests.test_neutra_post_training" name="test_consumer_rejects_absent_stale_or_invalid_report[state]" time="0.864" /><testcase classname="tests.test_neutra_post_training" name="test_consumer_rejects_absent_stale_or_invalid_report[map]" time="0.842" /><testcase classname="tests.test_neutra_post_training" name="test_consumer_rejects_absent_stale_or_invalid_report[beta]" time="0.845" /><testcase classname="tests.test_neutra_post_training" name="test_consumer_rejects_absent_stale_or_invalid_report[invalid]" time="0.841" /><testcase classname="tests.test_neutra_post_training" name="test_consumer_rejects_absent_stale_or_invalid_report[short]" time="0.838" /><testcase classname="tests.test_neutra_post_training" name="test_consumer_rejects_absent_stale_or_invalid_report[partial]" time="0.843" /><testcase classname="tests.test_neutra_post_training" name="test_consumer_rejects_absent_stale_or_invalid_report[no_quantiles]" time="0.849" /><testcase classname="tests.test_neutra_post_training" name="test_standard_count_is_independent_of_small_map_parity_bank" time="0.001" /><testcase classname="tests.test_neutra_post_training" name="test_full_1000_point_xla_report_matches_independent_statistics" time="1.889" /><testcase classname="tests.test_neutra_post_training" name="test_partial_bank_resumes_saved_batches_and_cannot_issue_summary" time="2.233" /><testcase classname="tests.test_neutra_post_training" name="test_training_endpoint_uses_full_diagnostic_for_standard_role" time="1.124" /><testcase classname="tests.test_neutra_post_training" name="test_repair_summary_displays_full_distribution" time="0.827" /><testcase classname="tests.test_neutra_weighted_training" name="test_initial_transport_preserves_standard_normal_density" time="0.061" /><testcase classname="tests.test_neutra_weighted_training" name="test_zero_initialized_scale_linear_skip_preserves_identity" time="0.012" /><testcase classname="tests.test_neutra_weighted_training" name="test_scale_linear_skip_mask_is_strictly_autoregressive" time="0.004" /><testcase classname="tests.test_neutra_weighted_training" name="test_inverse_roundtrip_and_logdet_hold_after_parameter_perturbation" time="0.053" /><testcase classname="tests.test_neutra_weighted_training" name="test_stage_specific_scale_caps_preserve_roundtrip_and_scores" time="0.132" /><testcase classname="tests.test_neutra_weighted_training" name="test_scale_linear_skip_preserves_roundtrip_and_matches_autodiff_scores" time="0.122" /><testcase classname="tests.test_neutra_weighted_training" name="test_unbounded_scale_linear_exactly_represents_funnel_map" time="0.024" /><testcase classname="tests.test_neutra_weighted_training" name="test_campaign_architectures_contain_exact_funnel_map[1-100-full_reverse-stage_caps0]" time="0.337" /><testcase classname="tests.test_neutra_weighted_training" name="test_campaign_architectures_contain_exact_funnel_map[3-100-root_preserving_reverse-stage_caps1]" time="0.944" /><testcase classname="tests.test_neutra_weighted_training" name="test_campaign_architectures_contain_exact_funnel_map[3-100-full_reverse-stage_caps2]" time="0.947" /><testcase classname="tests.test_neutra_weighted_training" name="test_campaign_architectures_contain_exact_funnel_map[3-200-root_preserving_reverse-stage_caps3]" time="1.189" /><testcase classname="tests.test_neutra_weighted_training" name="test_unbounded_scale_linear_matches_autodiff_scores" time="0.132" /><testcase classname="tests.test_neutra_weighted_training" name="test_unbounded_scale_linear_config_and_variables_roundtrip" time="0.040" /><testcase classname="tests.test_neutra_weighted_training" name="test_permutation_policy_preserves_roundtrip_and_matches_autodiff_scores[full_reverse]" time="0.142" /><testcase classname="tests.test_neutra_weighted_training" name="test_permutation_policy_preserves_roundtrip_and_matches_autodiff_scores[root_preserving_reverse]" time="0.137" /><testcase classname="tests.test_neutra_weighted_training" name="test_root_preserving_permutation_keeps_root_and_reverses_children" time="0.016" /><testcase classname="tests.test_neutra_weighted_training" name="test_invalid_permutation_policy_fails_closed" time="0.000" /><testcase classname="tests.test_neutra_weighted_training" name="test_stage_specific_scale_caps_reject_invalid_values[stage_s_max0-match stages]" time="0.001" /><testcase classname="tests.test_neutra_weighted_training" name="test_stage_specific_scale_caps_reject_invalid_values[stage_s_max1-finite and positive]" time="0.001" /><testcase classname="tests.test_neutra_weighted_training" name="test_stage_scale_linear_skip_rejects_invalid_values[stage_scale_linear_skip0-match stages]" time="0.000" /><testcase classname="tests.test_neutra_weighted_training" name="test_stage_scale_linear_skip_rejects_invalid_values[stage_scale_linear_skip1-must be booleans]" time="0.000" /><testcase classname="tests.test_neutra_weighted_training" name="test_stage_unbounded_scale_linear_rejects_invalid_values[stage_unbounded_scale_linear0-match stages]" time="0.000" /><testcase classname="tests.test_neutra_weighted_training" name="test_stage_unbounded_scale_linear_rejects_invalid_values[stage_unbounded_scale_linear1-must be booleans]" time="0.000" /><testcase classname="tests.test_neutra_weighted_training" name="test_pre_cap_and_unbounded_scale_linear_are_mutually_exclusive" time="0.000" /><testcase classname="tests.test_neutra_weighted_training" name="test_weighted_loss_matches_manual_reduction_and_weight_diagnostics" time="0.717" /><testcase classname="tests.test_neutra_weighted_training" name="test_validation_accepts_distinct_static_partition_sizes" time="0.561" /><testcase classname="tests.test_neutra_weighted_training" name="test_validation_reuses_inverse_identity_without_changing_log_density" time="0.350" /><testcase classname="tests.test_neutra_weighted_training" name="test_weighted_gradient_matches_finite_difference" time="1.172" /><testcase classname="tests.test_neutra_weighted_training" name="test_xla_weighted_update_is_finite_and_replays_from_same_initialization" time="3.961" /><testcase classname="tests.test_neutra_weighted_training" name="test_invalid_weights_and_shapes_fail_closed" time="0.019" /><testcase classname="tests.test_neutra_weighted_training" name="test_matched_reverse_kl_comparator_uses_same_transport_and_xla" time="1.526" /><testcase classname="tests.test_neutra_weighted_training_dtype" name="test_elu_pullback_preserves_float64_dtype" time="0.070" /><testcase classname="tests.test_tempered_transport_ensemble" name="test_properness_receipt_rejects_missing_positive_variance" time="0.000" /><testcase classname="tests.test_tempered_transport_ensemble" name="test_bridge_endpoint_and_interior_score_decomposition" time="0.075" /><testcase classname="tests.test_tempered_transport_ensemble" name="test_affine_bank_is_not_an_averaged_map_and_is_permutation_invariant" time="0.014" /><testcase classname="tests.test_tempered_transport_ensemble" name="test_joint_mixture_loss_has_quadratic_transport_work_and_one_target_batch" time="0.037" /><testcase classname="tests.test_tempered_transport_ensemble" name="test_independent_reverse_kl_uses_fresh_batch_and_updates_once" time="0.282" /><testcase classname="tests.test_tempered_transport_ensemble" name="test_pullback_gaussianization_diagnostic_is_exact_for_gaussian_bridge" time="0.036" /><testcase classname="tests.test_tempered_transport_ensemble" name="test_chunked_pullback_diagnostic_matches_direct_rows" time="0.097" /><testcase classname="tests.test_tempered_transport_ensemble" name="test_chunked_pullback_diagnostic_rejects_singleton_and_nondivisor" time="0.001" /><testcase classname="tests.test_tempered_transport_ensemble" name="test_paired_reverse_kl_improvement_detects_worse_chart" time="0.038" /><testcase classname="tests.test_tempered_transport_ensemble" name="test_joint_trainer_reports_k_squared_work" time="1.721" /><testcase classname="tests.test_tempered_transport_ensemble" name="test_temperature_checkpoint_restores_fresh_exact_transport" time="0.309" /><testcase classname="tests.test_tempered_transport_ensemble" name="test_temperature_checkpoint_rejects_tamper_and_context_drift" time="0.034" /><testcase classname="tests.test_tempered_transport_ensemble" name="test_temperature_checkpoint_requires_complete_execution_scope" time="0.033" /><testcase classname="tests.test_tempered_transport_ensemble" name="test_preflight_uses_fixed_bank_and_rejects_single_row_batches" time="0.030" /><testcase classname="tests.test_tempered_transport_ensemble" name="test_runtime_sources_have_no_forbidden_row_mapping" time="0.001" /><testcase classname="tests.test_q20_training_validation" name="test_cache_extends_exact_prefix_and_reuses_shared_maps_after_restart[False]" time="1.226" /><testcase classname="tests.test_q20_training_validation" name="test_cache_extends_exact_prefix_and_reuses_shared_maps_after_restart[True]" time="1.814" /><testcase classname="tests.test_q20_training_validation" name="test_partial_validation_saves_completed_blocks_and_resumes_only_suffix" time="0.379" /><testcase classname="tests.test_q20_training_validation" name="test_corrupt_cached_tensor_fails_closed" time="0.174" /><testcase classname="tests.test_q20_training_validation" name="test_learning_screen_permits_trials_without_fine_plateau_precision[base0-inc0-False-True-True-hmc_trial_nominee]" time="0.001" /><testcase classname="tests.test_q20_training_validation" name="test_learning_screen_permits_trials_without_fine_plateau_precision[base1-inc1-False-True-False-deterioration_repair_trigger]" time="0.001" /><testcase classname="tests.test_q20_training_validation" name="test_learning_screen_permits_trials_without_fine_plateau_precision[base2-inc2-False-True-True-hmc_trial_nominee]" time="0.001" /><testcase classname="tests.test_q20_training_validation" name="test_learning_screen_permits_trials_without_fine_plateau_precision[base3-inc3-True-True-True-hmc_trial_nominee]" time="0.001" /><testcase classname="tests.test_q20_training_validation" name="test_learning_screen_permits_trials_without_fine_plateau_precision[base4-inc4-True-True-False-cap_learning_unresolved]" time="0.001" /><testcase classname="tests.test_q20_training_validation" name="test_learning_screen_permits_trials_without_fine_plateau_precision[base5-inc5-False-False-False-continue_training]" time="0.001" /><testcase classname="tests.test_q20_training_validation" name="test_learning_screen_permits_trials_without_fine_plateau_precision[base6-inc6-False-True-True-hmc_trial_nominee]" time="0.001" /><testcase classname="tests.test_q20_training_validation" name="test_learning_screen_permits_trials_without_fine_plateau_precision[base7-inc7-False-True-False-deterioration_repair_trigger]" time="0.001" /><testcase classname="tests.test_q20_training_validation" name="test_learning_screen_permits_trials_without_fine_plateau_precision[base8-inc8-False-True-False-continue_training]" time="0.001" /><testcase classname="tests.test_q20_training_validation" name="test_precise_pre_floor_plateau_is_preserved_without_early_promotion" time="0.000" /><testcase classname="tests.test_q20_training_validation" name="test_plateau_cannot_substitute_for_learning[bounds0-True-True-hmc_trial_nominee]" time="0.000" /><testcase classname="tests.test_q20_training_validation" name="test_plateau_cannot_substitute_for_learning[bounds1-False-False-continue_training]" time="0.000" /><testcase classname="tests.test_q20_training_validation" name="test_plateau_cannot_substitute_for_learning[bounds2-True-False-continue_training]" time="0.000" /><testcase classname="tests.test_q20_training_validation" name="test_numerical_veto_blocks_learned_map_trial" time="0.000" /><testcase classname="tests.test_q20_training_validation" name="test_actual_training_bounds_validation_and_continues_nominees" time="0.048"><failure message="FileNotFoundError: [Errno 2] No such file or directory: '/tmp/BayesFilter-neutra-precision-20260924/docs/benchmarks/diagnose_q20_hmc_status_reuse_2026_09_16.py'">tmp_path = PosixPath('/tmp/pytest-of-ubuntu/pytest-714/test_actual_training_bounds_va0')

    def test_actual_training_bounds_validation_and_continues_nominees(tmp_path):
        config, bridge = tiny_protocol(), four_dimensional_bridge()
        config["training"].update(cohort_min_updates=2, rungs=[1, 2, 4])
        config["validation"]["bank_sizes"] = [16, 32, 64]
&gt;       result = run_training_cohort(config, bridge, tmp_path / "bounded", method="neutra",
            memory_policy={"mode": "tiny_cpu_reference"}, max_seconds=180.)

tests/test_q20_training_validation.py:145: 
_ _ _ _ _ _ _ _ _ _ _ _ _ _ _ _ _ _ _ _ _ _ _ _ _ _ _ _ _ _ _ _ _ _ _ _ _ _ _ _ 
bayesfilter/inference/q20_production_training.py:149: in run_training_cohort
    started, sources = time.monotonic(), source_snapshot()
                                         ^^^^^^^^^^^^^^^^^
bayesfilter/inference/q20_production_training.py:28: in source_snapshot
    return snapshot(Path(__file__).resolve().parents[2])
           ^^^^^^^^^^^^^^^^^^^^^^^^^^^^^^^^^^^^^^^^^^^^^
bayesfilter/inference/q20_campaign_runtime.py:42: in source_snapshot
    return {str(p.relative_to(repo)): hashlib.sha256(p.read_bytes()).hexdigest() for p in paths}
                                                     ^^^^^^^^^^^^^^
/home/ubuntu/anaconda3/envs/tfgpu/lib/python3.13/pathlib/_abc.py:625: in read_bytes
    with self.open(mode='rb') as f:
         ^^^^^^^^^^^^^^^^^^^^
_ _ _ _ _ _ _ _ _ _ _ _ _ _ _ _ _ _ _ _ _ _ _ _ _ _ _ _ _ _ _ _ _ _ _ _ _ _ _ _ 

self = PosixPath('/tmp/BayesFilter-neutra-precision-20260924/docs/benchmarks/diagnose_q20_hmc_status_reuse_2026_09_16.py')
mode = 'rb', buffering = -1, encoding = None, errors = None, newline = None

    def open(self, mode='r', buffering=-1, encoding=None,
             errors=None, newline=None):
        """
        Open the file pointed to by this path and return a file object, as
        the built-in open() function does.
        """
        if "b" not in mode:
            encoding = io.text_encoding(encoding)
&gt;       return io.open(self, mode, buffering, encoding, errors, newline)
               ^^^^^^^^^^^^^^^^^^^^^^^^^^^^^^^^^^^^^^^^^^^^^^^^^^^^^^^^^
E       FileNotFoundError: [Errno 2] No such file or directory: '/tmp/BayesFilter-neutra-precision-20260924/docs/benchmarks/diagnose_q20_hmc_status_reuse_2026_09_16.py'

/home/ubuntu/anaconda3/envs/tfgpu/lib/python3.13/pathlib/_local.py:537: FileNotFoundError</failure></testcase><testcase classname="tests.test_q20_training_validation" name="test_calibration_resumes_into_full_protocol_without_rng_or_optimizer_drift" time="0.046"><failure message="FileNotFoundError: [Errno 2] No such file or directory: '/tmp/BayesFilter-neutra-precision-20260924/docs/benchmarks/diagnose_q20_hmc_status_reuse_2026_09_16.py'">tmp_path = PosixPath('/tmp/pytest-of-ubuntu/pytest-714/test_calibration_resumes_into_0')

    def test_calibration_resumes_into_full_protocol_without_rng_or_optimizer_drift(tmp_path):
        config, bridge = tiny_protocol(), four_dimensional_bridge()
        config["training"]["cohort_min_updates"] = 2
        config["validation"]["bank_sizes"] = [16, 32]
        kwargs = dict(memory_policy={"mode": "tiny_cpu_reference"}, max_seconds=180.)
&gt;       calibration = run_training_cohort(config, bridge, tmp_path / "calibration", calibration_only=True, **kwargs)
                      ^^^^^^^^^^^^^^^^^^^^^^^^^^^^^^^^^^^^^^^^^^^^^^^^^^^^^^^^^^^^^^^^^^^^^^^^^^^^^^^^^^^^^^^^^^^^^^

tests/test_q20_training_validation.py:169: 
_ _ _ _ _ _ _ _ _ _ _ _ _ _ _ _ _ _ _ _ _ _ _ _ _ _ _ _ _ _ _ _ _ _ _ _ _ _ _ _ 
bayesfilter/inference/q20_production_training.py:149: in run_training_cohort
    started, sources = time.monotonic(), source_snapshot()
                                         ^^^^^^^^^^^^^^^^^
bayesfilter/inference/q20_production_training.py:28: in source_snapshot
    return snapshot(Path(__file__).resolve().parents[2])
           ^^^^^^^^^^^^^^^^^^^^^^^^^^^^^^^^^^^^^^^^^^^^^
bayesfilter/inference/q20_campaign_runtime.py:42: in source_snapshot
    return {str(p.relative_to(repo)): hashlib.sha256(p.read_bytes()).hexdigest() for p in paths}
                                                     ^^^^^^^^^^^^^^
/home/ubuntu/anaconda3/envs/tfgpu/lib/python3.13/pathlib/_abc.py:625: in read_bytes
    with self.open(mode='rb') as f:
         ^^^^^^^^^^^^^^^^^^^^
_ _ _ _ _ _ _ _ _ _ _ _ _ _ _ _ _ _ _ _ _ _ _ _ _ _ _ _ _ _ _ _ _ _ _ _ _ _ _ _ 

self = PosixPath('/tmp/BayesFilter-neutra-precision-20260924/docs/benchmarks/diagnose_q20_hmc_status_reuse_2026_09_16.py')
mode = 'rb', buffering = -1, encoding = None, errors = None, newline = None

    def open(self, mode='r', buffering=-1, encoding=None,
             errors=None, newline=None):
        """
        Open the file pointed to by this path and return a file object, as
        the built-in open() function does.
        """
        if "b" not in mode:
            encoding = io.text_encoding(encoding)
&gt;       return io.open(self, mode, buffering, encoding, errors, newline)
               ^^^^^^^^^^^^^^^^^^^^^^^^^^^^^^^^^^^^^^^^^^^^^^^^^^^^^^^^^
E       FileNotFoundError: [Errno 2] No such file or directory: '/tmp/BayesFilter-neutra-precision-20260924/docs/benchmarks/diagnose_q20_hmc_status_reuse_2026_09_16.py'

/home/ubuntu/anaconda3/envs/tfgpu/lib/python3.13/pathlib/_local.py:537: FileNotFoundError</failure></testcase></testsuite></testsuites>