<?xml version="1.0" encoding="utf-8"?><testsuites name="pytest tests"><testsuite name="pytest" errors="0" failures="1" skipped="0" tests="66" time="78.148" timestamp="2026-09-24T03:57:10.651694+08:00" hostname="ubuntu-MZ72-HB2-00"><testcase classname="tests.test_neutra_precision" name="test_fp32_flow_fp64_target_matches_identical_parameter_reference[standard-iaf]" time="2.962" /><testcase classname="tests.test_neutra_precision" name="test_fp32_flow_fp64_target_matches_identical_parameter_reference[standard-naf_dsf]" time="6.633" /><testcase classname="tests.test_neutra_precision" name="test_fp32_flow_fp64_target_matches_identical_parameter_reference[path-iaf]" time="3.830" /><testcase classname="tests.test_neutra_precision" name="test_fp32_flow_fp64_target_matches_identical_parameter_reference[path-naf_dsf]" time="8.886" /><testcase classname="tests.test_neutra_precision" name="test_fp32_tail_inverse_and_implicit_input_derivative[iaf]" time="2.383" /><testcase classname="tests.test_neutra_precision" name="test_fp32_tail_inverse_and_implicit_input_derivative[naf_dsf]" time="6.372" /><testcase classname="tests.test_neutra_precision" name="test_fp32_checkpoint_resume_and_explicit_fp64_export[iaf]" time="3.068" /><testcase classname="tests.test_neutra_precision" name="test_fp32_checkpoint_resume_and_explicit_fp64_export[naf_dsf]" time="8.231" /><testcase classname="tests.test_neutra_precision" name="test_historical_configured_checkpoint_without_precision_fields_resumes" time="1.461" /><testcase classname="tests.test_neutra_precision" name="test_precision_and_affine_configuration_reject_invalid_values" time="0.000" /><testcase classname="tests.test_neutra_precision" name="test_configured_fp32_naf_weighted_consumer_and_validation" time="8.013"><failure message="TypeError: 'WeightedNeuTraValidation' object is not iterable">def test_configured_fp32_naf_weighted_consumer_and_validation():
        from bayesfilter.inference.neutra_weighted_training import WeightedForwardKLNeuTraTrainer, WeightedNeuTraConfig
        flow = NeuTraTransport(config("naf_dsf"))
        trainer = WeightedForwardKLNeuTraTrainer(WeightedNeuTraConfig(dimension=3), transport=flow)
        result = trainer.train_step(rows(), tf.zeros([4], tf.float32))
        assert int(result.step) == 1
        validation = trainer.validation_batch(rows(), tf.zeros([4], tf.float32))
&gt;       assert all(bool(tf.reduce_all(tf.math.is_finite(v))) for v in vars(validation).values())
                                                                      ^^^^^^^^^^
E       TypeError: 'WeightedNeuTraValidation' object is not iterable

tests/test_neutra_precision.py:137: TypeError</failure></testcase><testcase classname="tests.test_neutra_precision" name="test_fp32_finalization_verifies_the_exported_fp64_map" time="3.683" /><testcase classname="tests.test_neutra_training_graph_contract" name="test_singleton_updates_are_rejected_before_any_state_change[direct]" time="0.010" /><testcase classname="tests.test_neutra_training_graph_contract" name="test_singleton_updates_are_rejected_before_any_state_change[external]" time="0.003" /><testcase classname="tests.test_neutra_training_graph_contract" name="test_singleton_updates_are_rejected_before_any_state_change[padded_singleton]" time="0.008" /><testcase classname="tests.test_neutra_training_graph_contract" name="test_singleton_updates_are_rejected_before_any_state_change[scalar_chunks]" time="0.004" /><testcase classname="tests.test_neutra_training_graph_contract" name="test_cache_eviction_preserves_updates_and_signatures_are_static" time="1.576" /><testcase classname="tests.test_neutra_training_graph_contract" name="test_static_targets_and_single_row_validation_remain_supported" time="0.438" /><testcase classname="tests.test_neutra_training_graph_contract" name="test_external_and_chunked_programs_have_explicit_signatures" time="0.935" /><testcase classname="tests.test_neutra_weighted_training" name="test_initial_transport_preserves_standard_normal_density" time="0.063" /><testcase classname="tests.test_neutra_weighted_training" name="test_zero_initialized_scale_linear_skip_preserves_identity" time="0.013" /><testcase classname="tests.test_neutra_weighted_training" name="test_scale_linear_skip_mask_is_strictly_autoregressive" time="0.006" /><testcase classname="tests.test_neutra_weighted_training" name="test_inverse_roundtrip_and_logdet_hold_after_parameter_perturbation" time="0.055" /><testcase classname="tests.test_neutra_weighted_training" name="test_stage_specific_scale_caps_preserve_roundtrip_and_scores" time="0.125" /><testcase classname="tests.test_neutra_weighted_training" name="test_scale_linear_skip_preserves_roundtrip_and_matches_autodiff_scores" time="0.135" /><testcase classname="tests.test_neutra_weighted_training" name="test_unbounded_scale_linear_exactly_represents_funnel_map" time="0.025" /><testcase classname="tests.test_neutra_weighted_training" name="test_campaign_architectures_contain_exact_funnel_map[1-100-full_reverse-stage_caps0]" time="0.334" /><testcase classname="tests.test_neutra_weighted_training" name="test_campaign_architectures_contain_exact_funnel_map[3-100-root_preserving_reverse-stage_caps1]" time="0.943" /><testcase classname="tests.test_neutra_weighted_training" name="test_campaign_architectures_contain_exact_funnel_map[3-100-full_reverse-stage_caps2]" time="0.949" /><testcase classname="tests.test_neutra_weighted_training" name="test_campaign_architectures_contain_exact_funnel_map[3-200-root_preserving_reverse-stage_caps3]" time="1.115" /><testcase classname="tests.test_neutra_weighted_training" name="test_unbounded_scale_linear_matches_autodiff_scores" time="0.124" /><testcase classname="tests.test_neutra_weighted_training" name="test_unbounded_scale_linear_config_and_variables_roundtrip" time="0.038" /><testcase classname="tests.test_neutra_weighted_training" name="test_permutation_policy_preserves_roundtrip_and_matches_autodiff_scores[full_reverse]" time="0.145" /><testcase classname="tests.test_neutra_weighted_training" name="test_permutation_policy_preserves_roundtrip_and_matches_autodiff_scores[root_preserving_reverse]" time="0.140" /><testcase classname="tests.test_neutra_weighted_training" name="test_root_preserving_permutation_keeps_root_and_reverses_children" time="0.016" /><testcase classname="tests.test_neutra_weighted_training" name="test_invalid_permutation_policy_fails_closed" time="0.001" /><testcase classname="tests.test_neutra_weighted_training" name="test_stage_specific_scale_caps_reject_invalid_values[stage_s_max0-match stages]" time="0.001" /><testcase classname="tests.test_neutra_weighted_training" name="test_stage_specific_scale_caps_reject_invalid_values[stage_s_max1-finite and positive]" time="0.001" /><testcase classname="tests.test_neutra_weighted_training" name="test_stage_scale_linear_skip_rejects_invalid_values[stage_scale_linear_skip0-match stages]" time="0.000" /><testcase classname="tests.test_neutra_weighted_training" name="test_stage_scale_linear_skip_rejects_invalid_values[stage_scale_linear_skip1-must be booleans]" time="0.000" /><testcase classname="tests.test_neutra_weighted_training" name="test_stage_unbounded_scale_linear_rejects_invalid_values[stage_unbounded_scale_linear0-match stages]" time="0.000" /><testcase classname="tests.test_neutra_weighted_training" name="test_stage_unbounded_scale_linear_rejects_invalid_values[stage_unbounded_scale_linear1-must be booleans]" time="0.000" /><testcase classname="tests.test_neutra_weighted_training" name="test_pre_cap_and_unbounded_scale_linear_are_mutually_exclusive" time="0.000" /><testcase classname="tests.test_neutra_weighted_training" name="test_weighted_loss_matches_manual_reduction_and_weight_diagnostics" time="0.638" /><testcase classname="tests.test_neutra_weighted_training" name="test_validation_accepts_distinct_static_partition_sizes" time="0.565" /><testcase classname="tests.test_neutra_weighted_training" name="test_validation_reuses_inverse_identity_without_changing_log_density" time="0.339" /><testcase classname="tests.test_neutra_weighted_training" name="test_weighted_gradient_matches_finite_difference" time="1.194" /><testcase classname="tests.test_neutra_weighted_training" name="test_xla_weighted_update_is_finite_and_replays_from_same_initialization" time="3.809" /><testcase classname="tests.test_neutra_weighted_training" name="test_invalid_weights_and_shapes_fail_closed" time="0.018" /><testcase classname="tests.test_neutra_weighted_training" name="test_matched_reverse_kl_comparator_uses_same_transport_and_xla" time="1.112" /><testcase classname="tests.test_neutra_training_mechanisms" name="test_affine_identity_scale_derivative_and_inverse" time="0.007" /><testcase classname="tests.test_neutra_training_mechanisms" name="test_scalar_logdet_and_force_against_value_finite_differences" time="0.019" /><testcase classname="tests.test_neutra_training_mechanisms" name="test_scalar_xla_full_range_tail_roundtrip_and_failure_at_cap" time="0.874" /><testcase classname="tests.test_neutra_training_mechanisms" name="test_single_component_affine_and_distinct_components_shape_direction" time="0.010" /><testcase classname="tests.test_neutra_training_mechanisms" name="test_exact_identity_components_have_only_affine_initial_directions" time="0.017" /><testcase classname="tests.test_neutra_training_mechanisms" name="test_path_gradient_zero_pointwise_at_exact_gaussian_and_real_loss_reported" time="0.470" /><testcase classname="tests.test_neutra_training_mechanisms" name="test_nonlinear_path_expectation_agrees_with_standard_and_finite_difference" time="1.016" /><testcase classname="tests.test_neutra_training_mechanisms" name="test_composed_existing_iaf_proposal_score_and_freezing" time="0.706" /><testcase classname="tests.test_neutra_training_mechanisms" name="test_scalar_training_is_batched_forward_only_and_rejects_invalid_updates[standard]" time="0.449" /><testcase classname="tests.test_neutra_training_mechanisms" name="test_scalar_training_is_batched_forward_only_and_rejects_invalid_updates[path]" time="0.650" /><testcase classname="tests.test_neutra_training_mechanisms" name="test_mechanism_state_roundtrip_is_not_hmc_admission[flow0]" time="0.004" /><testcase classname="tests.test_neutra_training_mechanisms" name="test_mechanism_state_roundtrip_is_not_hmc_admission[flow1]" time="0.007" /><testcase classname="tests.test_neutra_training_mechanisms" name="test_invalid_configuration_and_degenerate_parameters_fail" time="0.366" /><testcase classname="tests.test_neutra_training_mechanisms" name="test_inverse_does_not_accept_a_small_residual_in_a_flat_region" time="0.015" /><testcase classname="tests.test_neutra_training_mechanisms" name="test_update_rejects_finite_parameters_that_would_destroy_positive_scale" time="0.405" /><testcase classname="tests.test_neutra_training_mechanisms" name="test_finite_target_status_veto_does_not_update_parameters" time="0.214" /></testsuite></testsuites>