<?xml version="1.0" encoding="utf-8"?><testsuites name="pytest tests"><testsuite name="pytest" errors="0" failures="0" skipped="0" tests="2" time="15.098" timestamp="2026-09-24T03:59:53.956243+08:00" hostname="ubuntu-MZ72-HB2-00"><testcase classname="tests.test_neutra_precision" name="test_configured_fp32_naf_weighted_consumer_and_validation" time="8.946" /><testcase classname="tests.test_neutra_precision" name="test_fp32_finalization_verifies_the_exported_fp64_map" time="4.177" /></testsuite></testsuites>