<?xml version="1.0" encoding="utf-8"?><testsuites name="pytest tests"><testsuite name="pytest" errors="0" failures="1" skipped="0" tests="360" time="922.726" timestamp="2026-09-24T03:50:52.452476+08:00" hostname="ubuntu-MZ72-HB2-00"><testcase classname="tests.inference_validation.test_acceptance_calibration" name="test_beta_refresh_preserves_stationary_mean_and_creates_dependence" time="0.051" /><testcase classname="tests.inference_validation.test_acceptance_calibration" name="test_screen_calibration_runs_real_stages_and_keeps_missing_denominator" time="0.327" /><testcase classname="tests.inference_validation.test_acceptance_calibration" name="test_actual_hmc_acceptance_uses_stationary_gaussian_transitions" time="0.298" /><testcase classname="tests.inference_validation.test_acceptance_calibration" name="test_actual_hmc_acceptance_rejects_non_gaussian_and_keeps_synthetic_contract" time="0.001" /><testcase classname="tests.inference_validation.test_acceptance_calibration" name="test_prepared_calibration_calls_public_tuner_and_issues_fresh_receipts" time="11.056" /><testcase classname="tests.inference_validation.test_acceptance_calibration" name="test_acceptance_routes_enforce_initialization_and_reference_contract" time="0.001" /><testcase classname="tests.inference_validation.test_acceptance_calibration" name="test_public_acceptance_reference_vetoes_an_incorrect_energy_ratio" time="0.123" /><testcase classname="tests.inference_validation.test_acceptance_calibration" name="test_public_acceptance_expired_deadline_does_not_issue_receipts" time="0.001" /><testcase classname="tests.inference_validation.test_aggregation" name="test_group_definition_rejects_duplicated_and_changed_settings" time="0.001" /><testcase classname="tests.inference_validation.test_aggregation" name="test_parallel_sbc_shards_preserve_complete_and_missing_denominators" time="5.728" /><testcase classname="tests.inference_validation.test_ar1_batch_reference" name="test_expected_batch_estimate_matches_dense_quadratic_form[False-0.0]" time="0.001" /><testcase classname="tests.inference_validation.test_ar1_batch_reference" name="test_expected_batch_estimate_matches_dense_quadratic_form[False--0.4]" time="0.001" /><testcase classname="tests.inference_validation.test_ar1_batch_reference" name="test_expected_batch_estimate_matches_dense_quadratic_form[False-0.8]" time="0.001" /><testcase classname="tests.inference_validation.test_ar1_batch_reference" name="test_expected_batch_estimate_matches_dense_quadratic_form[False-0.995]" time="0.001" /><testcase classname="tests.inference_validation.test_ar1_batch_reference" name="test_expected_batch_estimate_matches_dense_quadratic_form[True-0.0]" time="0.001" /><testcase classname="tests.inference_validation.test_ar1_batch_reference" name="test_expected_batch_estimate_matches_dense_quadratic_form[True--0.4]" time="0.001" /><testcase classname="tests.inference_validation.test_ar1_batch_reference" name="test_expected_batch_estimate_matches_dense_quadratic_form[True-0.8]" time="0.001" /><testcase classname="tests.inference_validation.test_ar1_batch_reference" name="test_expected_batch_estimate_matches_dense_quadratic_form[True-0.995]" time="0.001" /><testcase classname="tests.inference_validation.test_ar1_batch_reference" name="test_iid_lugsail_mean_variance_is_unbiased_with_unused_terminal_draws" time="0.000" /><testcase classname="tests.inference_validation.test_ar1_batch_reference" name="test_persistent_gaussian_sqrt_batch_bias_is_detected" time="0.010" /><testcase classname="tests.inference_validation.test_campaign_audit" name="test_retries_are_charged_and_partial_datasets_are_not_completed" time="0.003" /><testcase classname="tests.inference_validation.test_campaign_audit" name="test_running_reservation_is_charged_conservatively" time="0.002" /><testcase classname="tests.inference_validation.test_campaign_audit" name="test_live_ledger_charges_cancelled_attempt_and_releases_unstarted" time="0.002" /><testcase classname="tests.inference_validation.test_campaign_audit" name="test_live_ledger_reserves_queued_jobs_while_coordinator_is_active" time="0.002" /><testcase classname="tests.inference_validation.test_campaign_audit" name="test_cancelled_suite_keeps_unstarted_sbc_denominator" time="0.002" /><testcase classname="tests.inference_validation.test_campaign_audit" name="test_overhead_counts_toward_budget_without_becoming_worker_time" time="0.002" /><testcase classname="tests.inference_validation.test_campaign_audit" name="test_corrupt_result_tensor_and_missing_index_fail_audit" time="0.003" /><testcase classname="tests.inference_validation.test_campaign_audit" name="test_complete_dataset_requires_every_fit" time="0.003" /><testcase classname="tests.inference_validation.test_campaign_audit" name="test_invalid_worker_seconds_rejected[-1]" time="0.000" /><testcase classname="tests.inference_validation.test_campaign_audit" name="test_invalid_worker_seconds_rejected[nan]" time="0.000" /><testcase classname="tests.inference_validation.test_campaign_audit" name="test_invalid_worker_seconds_rejected[inf]" time="0.000" /><testcase classname="tests.inference_validation.test_campaign_audit" name="test_invalid_worker_seconds_rejected[True]" time="0.000" /><testcase classname="tests.inference_validation.test_campaign_audit" name="test_invalid_worker_seconds_rejected[2]" time="0.000" /><testcase classname="tests.inference_validation.test_campaign_audit" name="test_cli_does_not_import_frameworks_or_overwrite_evidence" time="0.177" /><testcase classname="tests.inference_validation.test_campaign_pipeline" name="test_global_mode_quantity_vetoes_false_precision" time="0.777" /><testcase classname="tests.inference_validation.test_campaign_pipeline" name="test_mode_quantity_interval_uses_the_declared_mixture_law" time="0.003" /><testcase classname="tests.inference_validation.test_campaign_pipeline" name="test_missing_mode_posteriors_keep_the_mode_quantity_denominator" time="0.001" /><testcase classname="tests.inference_validation.test_campaign_pipeline" name="test_inventory_allows_terminal_shared_failure_observation" time="0.037" /><testcase classname="tests.inference_validation.test_campaign_pipeline" name="test_mode_dispersed_starts_require_chain_bank_preserving_route" time="0.004" /><testcase classname="tests.inference_validation.test_campaign_pipeline" name="test_selection_depends_on_tuning_id_and_keeps_scope_explicit" time="0.000" /><testcase classname="tests.inference_validation.test_campaign_pipeline" name="test_design_rejects_threshold_override_and_undeclared_fixed_counts" time="0.001" /><testcase classname="tests.inference_validation.test_campaign_pipeline" name="test_design_rejects_invalid_posterior_count_budget[None]" time="0.000" /><testcase classname="tests.inference_validation.test_campaign_pipeline" name="test_design_rejects_invalid_posterior_count_budget[budget1]" time="0.000" /><testcase classname="tests.inference_validation.test_campaign_pipeline" name="test_design_rejects_invalid_posterior_count_budget[budget2]" time="0.000" /><testcase classname="tests.inference_validation.test_campaign_pipeline" name="test_design_rejects_invalid_posterior_count_budget[budget3]" time="0.000" /><testcase classname="tests.inference_validation.test_campaign_pipeline" name="test_design_rejects_invalid_posterior_count_budget[budget4]" time="0.000" /><testcase classname="tests.inference_validation.test_campaign_pipeline" name="test_design_count_budget_bounds_all_requested_counts" time="0.001" /><testcase classname="tests.inference_validation.test_campaign_pipeline" name="test_design_rejects_invalid_posterior_precision_method[None]" time="0.000" /><testcase classname="tests.inference_validation.test_campaign_pipeline" name="test_design_rejects_invalid_posterior_precision_method[]" time="0.000" /><testcase classname="tests.inference_validation.test_campaign_pipeline" name="test_design_rejects_invalid_posterior_precision_method[unknown]" time="0.000" /><testcase classname="tests.inference_validation.test_campaign_pipeline" name="test_design_rejects_invalid_posterior_precision_method[method3]" time="0.000" /><testcase classname="tests.inference_validation.test_campaign_pipeline" name="test_real_public_pipeline_uses_explicit_count_budget" time="43.746" /><testcase classname="tests.inference_validation.test_campaign_pipeline" name="test_native_ordinary_search_passes_no_epsilon_override" time="0.046" /><testcase classname="tests.inference_validation.test_campaign_pipeline" name="test_subset_completeness_does_not_claim_all_members" time="0.001" /><testcase classname="tests.inference_validation.test_campaign_pipeline" name="test_missing_requested_posterior_is_not_an_unassessed_sibling" time="0.001" /><testcase classname="tests.inference_validation.test_campaign_pipeline" name="test_missed_mode_reference_and_missing_comparator_denominator" time="0.095" /><testcase classname="tests.inference_validation.test_campaign_pipeline" name="test_entire_missing_stopping_cohort_keeps_declared_quantities" time="0.003" /><testcase classname="tests.inference_validation.test_campaign_pipeline" name="test_stopping_coverage_distinguishes_missing_from_uncovered_intervals" time="0.001" /><testcase classname="tests.inference_validation.test_campaign_pipeline" name="test_real_simplex_member_and_fixed_comparator" time="18.767" /><testcase classname="tests.inference_validation.test_controller_stopping" name="test_fixed_mean_law_matches_full_conditional_covariance[0.0]" time="0.000" /><testcase classname="tests.inference_validation.test_controller_stopping" name="test_fixed_mean_law_matches_full_conditional_covariance[0.8]" time="0.000" /><testcase classname="tests.inference_validation.test_controller_stopping" name="test_fixed_mean_law_matches_full_conditional_covariance[-0.4]" time="0.000" /><testcase classname="tests.inference_validation.test_controller_stopping" name="test_fixed_mean_law_matches_full_conditional_covariance[0.9999]" time="0.000" /><testcase classname="tests.inference_validation.test_controller_stopping" name="test_exact_recurrence_matches_independently_expanded_innovations" time="0.068" /><testcase classname="tests.inference_validation.test_controller_stopping" name="test_actual_controller_preserves_archives_and_excludes_warmup" time="0.491" /><testcase classname="tests.inference_validation.test_controller_stopping" name="test_missing_interval_is_unavailable" time="0.000" /><testcase classname="tests.inference_validation.test_controller_stopping" name="test_interval_uses_the_declared_precision_estimator[autocorrelation]" time="0.057" /><testcase classname="tests.inference_validation.test_controller_stopping" name="test_interval_uses_the_declared_precision_estimator[lugsail]" time="0.079" /><testcase classname="tests.inference_validation.test_controller_stopping" name="test_interval_uses_the_declared_precision_estimator[batch_means]" time="0.078" /><testcase classname="tests.inference_validation.test_controller_stopping" name="test_invalid_interval_method_fails_even_when_draws_are_missing" time="0.001" /><testcase classname="tests.inference_validation.test_controller_stopping" name="test_actual_controller_interval_matches_its_autocorrelation_policy" time="0.154" /><testcase classname="tests.inference_validation.test_controller_stopping" name="test_invalid_transition_is_rejected[nan]" time="0.000" /><testcase classname="tests.inference_validation.test_controller_stopping" name="test_invalid_transition_is_rejected[1.0]" time="0.000" /><testcase classname="tests.inference_validation.test_controller_stopping" name="test_invalid_transition_is_rejected[-1.0]" time="0.000" /><testcase classname="tests.inference_validation.test_controller_stopping" name="test_invalid_transition_is_rejected[1.1]" time="0.000" /><testcase classname="tests.inference_validation.test_controller_stopping_report" name="test_caps_and_missing_replications_keep_the_planned_denominator" time="0.001" /><testcase classname="tests.inference_validation.test_controller_stopping_report" name="test_oracle_checks_transient_expectation_not_stationary_zero" time="0.001" /><testcase classname="tests.inference_validation.test_controller_stopping_report" name="test_duplicate_or_unplanned_observations_cannot_inflate_precision[indices0]" time="0.000" /><testcase classname="tests.inference_validation.test_controller_stopping_report" name="test_duplicate_or_unplanned_observations_cannot_inflate_precision[indices1]" time="0.000" /><testcase classname="tests.inference_validation.test_controller_stopping_report" name="test_duplicate_or_unplanned_observations_cannot_inflate_precision[indices2]" time="0.000" /><testcase classname="tests.inference_validation.test_controller_stopping_report" name="test_duplicate_or_unplanned_observations_cannot_inflate_precision[indices3]" time="0.000" /><testcase classname="tests.inference_validation.test_coverage_rendering" name="test_renderer_rechecks_source_instead_of_trusting_saved_current_label" time="0.001"><failure message="FileNotFoundError: [Errno 2] No such file or directory: '/home/ubuntu/python/BayesFilter/docs/plans/artifacts/hmc-remaining-gaps-2026-09-24/f-r1/source-r2/scripts/render_inference_validation_coverage.py'">tmp_path = PosixPath('/tmp/pytest-of-ubuntu/pytest-709/test_renderer_rechecks_source_0')

    def test_renderer_rechecks_source_instead_of_trusting_saved_current_label(tmp_path):
        script=Path(__file__).resolve().parents[2]/"scripts/render_inference_validation_coverage.py"
        spec=importlib.util.spec_from_file_location("coverage_renderer",script)
        module=importlib.util.module_from_spec(spec)
&gt;       spec.loader.exec_module(module)

tests/inference_validation/test_coverage_rendering.py:11: 
_ _ _ _ _ _ _ _ _ _ _ _ _ _ _ _ _ _ _ _ _ _ _ _ _ _ _ _ _ _ _ _ _ _ _ _ _ _ _ _ 
&lt;frozen importlib._bootstrap_external&gt;:1019: in exec_module
    ???
&lt;frozen importlib._bootstrap_external&gt;:1156: in get_code
    ???
_ _ _ _ _ _ _ _ _ _ _ _ _ _ _ _ _ _ _ _ _ _ _ _ _ _ _ _ _ _ _ _ _ _ _ _ _ _ _ _ 

self = &lt;_frozen_importlib_external.SourceFileLoader object at 0x7c1fc03284d0&gt;
path = '/home/ubuntu/python/BayesFilter/docs/plans/artifacts/hmc-remaining-gaps-2026-09-24/f-r1/source-r2/scripts/render_inference_validation_coverage.py'

&gt;   ???
E   FileNotFoundError: [Errno 2] No such file or directory: '/home/ubuntu/python/BayesFilter/docs/plans/artifacts/hmc-remaining-gaps-2026-09-24/f-r1/source-r2/scripts/render_inference_validation_coverage.py'

&lt;frozen importlib._bootstrap_external&gt;:1214: FileNotFoundError</failure></testcase><testcase classname="tests.inference_validation.test_definitions" name="test_design_round_trip_and_seed_separation" time="0.001" /><testcase classname="tests.inference_validation.test_definitions" name="test_no_silent_route_or_mutation_fallback[invariance-gaussian-ordinary-baseline]" time="0.001" /><testcase classname="tests.inference_validation.test_definitions" name="test_no_silent_route_or_mutation_fallback[sbc-funnel-ordinary-baseline]" time="0.001" /><testcase classname="tests.inference_validation.test_definitions" name="test_no_silent_route_or_mutation_fallback[mechanics-gaussian-frozen-omit_jacobian]" time="0.001" /><testcase classname="tests.inference_validation.test_definitions" name="test_no_silent_route_or_mutation_fallback[stopping-gamma-reference-baseline]" time="0.001" /><testcase classname="tests.inference_validation.test_definitions" name="test_no_silent_route_or_mutation_fallback[mechanics-gaussian-ordinary-baseline]" time="0.001" /><testcase classname="tests.inference_validation.test_definitions" name="test_no_silent_route_or_mutation_fallback[search-gaussian-controller-wrong_energy]" time="0.001" /><testcase classname="tests.inference_validation.test_definitions" name="test_no_silent_route_or_mutation_fallback[invariance-gamma-frozen-two_cycle]" time="0.001" /><testcase classname="tests.inference_validation.test_definitions" name="test_no_silent_route_or_mutation_fallback[power-gaussian-reference-baseline]" time="0.001" /><testcase classname="tests.inference_validation.test_definitions" name="test_sbc_rejects_reference_start_and_coarse_null" time="0.001" /><testcase classname="tests.inference_validation.test_definitions" name="test_suite_keeps_missing_consumer_and_enforces_profile" time="0.001" /><testcase classname="tests.inference_validation.test_definitions" name="test_planning_accepts_simplex_model_quantities" time="0.001" /><testcase classname="tests.inference_validation.test_definitions" name="test_planning_import_is_framework_free" time="0.074" /><testcase classname="tests.inference_validation.test_engine_contracts" name="test_controller_oracle_detects_lost_members_pairs_and_work" time="0.020" /><testcase classname="tests.inference_validation.test_engine_contracts" name="test_tensor_checksum_shape_and_immutable_observations" time="0.005" /><testcase classname="tests.inference_validation.test_engine_contracts" name="test_runtime_rhat_against_independent_rank_reference[stationary]" time="0.168" /><testcase classname="tests.inference_validation.test_engine_contracts" name="test_runtime_rhat_against_independent_rank_reference[transient]" time="0.028" /><testcase classname="tests.inference_validation.test_engine_contracts" name="test_runtime_rhat_against_independent_rank_reference[constant]" time="0.027" /><testcase classname="tests.inference_validation.test_engine_contracts" name="test_runtime_rhat_against_independent_rank_reference[missed_mode]" time="0.027" /><testcase classname="tests.inference_validation.test_engine_contracts" name="test_sbc_failures_stay_in_denominator" time="1.883" /><testcase classname="tests.inference_validation.test_engine_contracts" name="test_reference_sbc_reports_likelihood_and_independent_datasets" time="16.734" /><testcase classname="tests.inference_validation.test_engine_contracts" name="test_identity_invariance_is_not_mixing" time="0.231" /><testcase classname="tests.inference_validation.test_engine_contracts" name="test_gandy_scott_left_arm_order" time="0.000" /><testcase classname="tests.inference_validation.test_engine_contracts" name="test_energy_mutation_is_detected_and_recurrence_control_is_retained" time="0.651" /><testcase classname="tests.inference_validation.test_engine_contracts" name="test_power_runs_declared_experiment_instead_of_fake_sampler_results" time="1.266" /><testcase classname="tests.inference_validation.test_engine_contracts" name="test_external_references_require_identity_and_uncertainty" time="0.002" /><testcase classname="tests.inference_validation.test_engine_contracts" name="test_accuracy_control_response_classifies_reference_failure" time="0.000" /><testcase classname="tests.inference_validation.test_engine_contracts" name="test_partial_diagnostic_arrays_do_not_report_completion" time="0.001" /><testcase classname="tests.inference_validation.test_engine_contracts" name="test_empty_posterior_does_not_satisfy_output_or_interval_coverage" time="0.001" /><testcase classname="tests.inference_validation.test_engine_contracts" name="test_one_replication_without_a_candidate_stays_visible" time="0.001" /><testcase classname="tests.inference_validation.test_execution" name="test_cli_workers_resume_without_duplicate_trials_and_detect_corruption" time="9.263" /><testcase classname="tests.inference_validation.test_execution" name="test_interrupted_coordinator_reservation_is_not_forgotten" time="0.139" /><testcase classname="tests.inference_validation.test_execution" name="test_old_saved_empty_posteriors_do_not_count_as_complete_assessment" time="0.000" /><testcase classname="tests.inference_validation.test_execution" name="test_planned_cells_do_not_borrow_completion_from_the_same_category[False]" time="0.006" /><testcase classname="tests.inference_validation.test_execution" name="test_planned_cells_do_not_borrow_completion_from_the_same_category[True]" time="0.005" /><testcase classname="tests.inference_validation.test_execution" name="test_opt_in_host_profile_survives_success_and_failure[False]" time="0.006" /><testcase classname="tests.inference_validation.test_execution" name="test_opt_in_host_profile_survives_success_and_failure[True]" time="0.006" /><testcase classname="tests.inference_validation.test_execution" name="test_profile_write_failure_preserves_the_original_engine_failure" time="0.003" /><testcase classname="tests.inference_validation.test_fit_process" name="test_isolation_requires_supported_explicit_allocation[options0]" time="0.001" /><testcase classname="tests.inference_validation.test_fit_process" name="test_isolation_requires_supported_explicit_allocation[options1]" time="0.000" /><testcase classname="tests.inference_validation.test_fit_process" name="test_isolation_requires_supported_explicit_allocation[options2]" time="0.000" /><testcase classname="tests.inference_validation.test_fit_process" name="test_isolation_requires_supported_explicit_allocation[options3]" time="0.000" /><testcase classname="tests.inference_validation.test_fit_process" name="test_isolation_requires_supported_explicit_allocation[options4]" time="0.000" /><testcase classname="tests.inference_validation.test_fit_process" name="test_isolation_requires_supported_explicit_allocation[options5]" time="0.000" /><testcase classname="tests.inference_validation.test_fit_process" name="test_fresh_children_keep_replication_ids_and_resume_without_replay" time="0.007" /><testcase classname="tests.inference_validation.test_fit_process" name="test_failed_child_and_missing_output_keep_full_denominator[failed-7-False]" time="0.003" /><testcase classname="tests.inference_validation.test_fit_process" name="test_failed_child_and_missing_output_keep_full_denominator[timed_out--15-False]" time="0.003" /><testcase classname="tests.inference_validation.test_fit_process" name="test_failed_child_and_missing_output_keep_full_denominator[complete-0-False]" time="0.003" /><testcase classname="tests.inference_validation.test_fit_process" name="test_failed_child_and_missing_output_keep_full_denominator[failed--15-True]" time="0.006" /><testcase classname="tests.inference_validation.test_fit_process" name="test_unreconciled_launch_does_not_start_duplicate_worker" time="0.002" /><testcase classname="tests.inference_validation.test_fit_process" name="test_partial_failure_resumes_under_remaining_cap" time="0.006" /><testcase classname="tests.inference_validation.test_fit_process" name="test_real_supervisor_records_exit_and_bounds_hung_process" time="0.138" /><testcase classname="tests.inference_validation.test_fit_process" name="test_coordinator_import_stays_framework_free" time="0.717" /><testcase classname="tests.inference_validation.test_fit_process" name="test_resource_inspection_accepts_extension_type_module_descriptors" time="0.002" /><testcase classname="tests.inference_validation.test_fit_process" name="test_public_isolated_pipeline_preserves_outputs_and_restart[gaussian]" time="13.708" /><testcase classname="tests.inference_validation.test_fit_process" name="test_public_isolated_pipeline_preserves_outputs_and_restart[beta_binomial]" time="13.546" /><testcase classname="tests.inference_validation.test_full_fit_mutations" name="test_translation_has_declared_normal_mode_curvature_and_density[0.0]" time="0.118" /><testcase classname="tests.inference_validation.test_full_fit_mutations" name="test_translation_has_declared_normal_mode_curvature_and_density[0.25]" time="0.061" /><testcase classname="tests.inference_validation.test_full_fit_mutations" name="test_translation_has_declared_normal_mode_curvature_and_density[0.5]" time="0.061" /><testcase classname="tests.inference_validation.test_full_fit_mutations" name="test_translation_has_declared_normal_mode_curvature_and_density[-0.5]" time="0.060" /><testcase classname="tests.inference_validation.test_full_fit_mutations" name="test_unactivated_mutation_is_rejected[gaussian-None-0.5]" time="0.001" /><testcase classname="tests.inference_validation.test_full_fit_mutations" name="test_unactivated_mutation_is_rejected[normal_conjugate-None-0.5]" time="0.001" /><testcase classname="tests.inference_validation.test_full_fit_mutations" name="test_unactivated_mutation_is_rejected[normal_conjugate-data2-None]" time="0.000" /><testcase classname="tests.inference_validation.test_full_fit_mutations" name="test_unactivated_mutation_is_rejected[normal_conjugate-data3-nan]" time="0.000" /><testcase classname="tests.inference_validation.test_full_fit_mutations" name="test_reference_route_cannot_silently_ignore_translation" time="0.000" /><testcase classname="tests.inference_validation.test_full_fit_mutations" name="test_public_ordinary_preparation_receives_translated_target" time="0.107" /><testcase classname="tests.inference_validation.test_funnel_coordinates" name="test_funnel_change_of_variables_includes_full_jacobian" time="0.065" /><testcase classname="tests.inference_validation.test_funnel_coordinates" name="test_coordinate_comparison_preserves_model_start_bank[dispersed]" time="0.003" /><testcase classname="tests.inference_validation.test_funnel_coordinates" name="test_coordinate_comparison_preserves_model_start_bank[remote]" time="0.003" /><testcase classname="tests.inference_validation.test_funnel_coordinates" name="test_independent_draws_transform_to_identical_model_law" time="0.001" /><testcase classname="tests.inference_validation.test_funnel_geometry" name="test_residual_law_and_derivatives_against_original_funnel[exact-None]" time="0.091" /><testcase classname="tests.inference_validation.test_funnel_geometry" name="test_residual_law_and_derivatives_against_original_funnel[partial-1.0]" time="0.105" /><testcase classname="tests.inference_validation.test_funnel_geometry" name="test_residual_law_and_derivatives_against_original_funnel[partial_half-0.5]" time="0.095" /><testcase classname="tests.inference_validation.test_funnel_geometry" name="test_model_inverse_roundtrip_and_exact_gaussian_control[exact]" time="0.003" /><testcase classname="tests.inference_validation.test_funnel_geometry" name="test_model_inverse_roundtrip_and_exact_gaussian_control[partial]" time="0.003" /><testcase classname="tests.inference_validation.test_funnel_geometry" name="test_model_inverse_roundtrip_and_exact_gaussian_control[partial_half]" time="0.003" /><testcase classname="tests.inference_validation.test_funnel_geometry" name="test_partial_map_remains_unbounded_in_negative_tail[partial]" time="0.001" /><testcase classname="tests.inference_validation.test_funnel_geometry" name="test_partial_map_remains_unbounded_in_negative_tail[partial_half]" time="0.001" /><testcase classname="tests.inference_validation.test_gaussian_energy_test" name="test_energy_null_uses_all_independent_coordinates_and_both_tails" time="0.001" /><testcase classname="tests.inference_validation.test_gaussian_energy_test" name="test_invalid_statistical_contract_rejected_before_execution[funnel-invariance-options0]" time="0.001" /><testcase classname="tests.inference_validation.test_gaussian_energy_test" name="test_invalid_statistical_contract_rejected_before_execution[gaussian-mechanics-options1]" time="0.001" /><testcase classname="tests.inference_validation.test_gaussian_energy_test" name="test_invalid_statistical_contract_rejected_before_execution[gaussian-invariance-options2]" time="0.001" /><testcase classname="tests.inference_validation.test_gaussian_energy_test" name="test_invalid_statistical_contract_rejected_before_execution[gaussian-invariance-options3]" time="0.001" /><testcase classname="tests.inference_validation.test_gaussian_energy_test" name="test_invalid_statistical_contract_rejected_before_execution[gaussian-invariance-options4]" time="0.001" /><testcase classname="tests.inference_validation.test_gaussian_energy_test" name="test_energy_test_is_wired_to_independent_endpoint_and_family" time="0.219" /><testcase classname="tests.inference_validation.test_global_pipeline_wiring" name="test_public_posterior_actually_evaluates_mode_indicator[single_mode]" time="6.577" /><testcase classname="tests.inference_validation.test_global_pipeline_wiring" name="test_public_posterior_actually_evaluates_mode_indicator[mode_dispersed]" time="6.603" /><testcase classname="tests.inference_validation.test_kernel_power" name="test_independent_energy_oracle_detects_reversed_ratio_at_weak_settings[0.3]" time="1.056" /><testcase classname="tests.inference_validation.test_kernel_power" name="test_independent_energy_oracle_detects_reversed_ratio_at_weak_settings[0.6]" time="1.026" /><testcase classname="tests.inference_validation.test_kernel_power" name="test_power_composes_complete_transitions_with_the_recorded_substep_seeds[baseline]" time="0.359" /><testcase classname="tests.inference_validation.test_kernel_power" name="test_power_composes_complete_transitions_with_the_recorded_substep_seeds[wrong_energy]" time="0.360" /><testcase classname="tests.inference_validation.test_kernel_power" name="test_power_composes_complete_transitions_with_the_recorded_substep_seeds[identity]" time="0.091" /><testcase classname="tests.inference_validation.test_kernel_power" name="test_power_composes_complete_transitions_with_the_recorded_substep_seeds[two_cycle]" time="0.092" /><testcase classname="tests.inference_validation.test_kernel_power" name="test_power_one_preserves_the_original_invariance_experiment" time="0.701" /><testcase classname="tests.inference_validation.test_kernel_power" name="test_even_power_preserves_the_stationary_but_immobile_cycle_counterexample" time="0.207" /><testcase classname="tests.inference_validation.test_kernel_power" name="test_invalid_kernel_powers_fail_at_design_time[0]" time="0.001" /><testcase classname="tests.inference_validation.test_kernel_power" name="test_invalid_kernel_powers_fail_at_design_time[-1]" time="0.000" /><testcase classname="tests.inference_validation.test_kernel_power" name="test_invalid_kernel_powers_fail_at_design_time[True]" time="0.000" /><testcase classname="tests.inference_validation.test_kernel_power" name="test_invalid_kernel_powers_fail_at_design_time[1.5]" time="0.000" /><testcase classname="tests.inference_validation.test_kernel_power" name="test_invalid_kernel_powers_fail_at_design_time[2147483648]" time="0.000" /><testcase classname="tests.inference_validation.test_kernel_power" name="test_kernel_power_cannot_silently_thin_a_posterior_pipeline" time="0.000" /><testcase classname="tests.inference_validation.test_kernel_power" name="test_composition_health_preserves_a_nonfinite_intermediate_ratio" time="0.039" /><testcase classname="tests.inference_validation.test_kernel_power" name="test_invariance_honors_an_expired_deadline" time="0.001" /><testcase classname="tests.inference_validation.test_kernel_power" name="test_invariance_does_not_count_nonfinite_substeps_as_detection" time="0.002" /><testcase classname="tests.inference_validation.test_m28_design" name="test_four_resolved_map_seed_cells_match_written_count_table" time="0.004" /><testcase classname="tests.inference_validation.test_m28_design" name="test_count_check_rejects_warmup_cap_drift_and_missing_reason" time="0.003" /><testcase classname="tests.inference_validation.test_m29_design" name="test_m29_preserves_both_model_allocations" time="0.001" /><testcase classname="tests.inference_validation.test_m29_design" name="test_m29_rejects_scientific_drift[seed]" time="0.001" /><testcase classname="tests.inference_validation.test_m29_design" name="test_m29_rejects_scientific_drift[counts]" time="0.001" /><testcase classname="tests.inference_validation.test_m29_design" name="test_m29_rejects_scientific_drift[tolerance]" time="0.001" /><testcase classname="tests.inference_validation.test_m29_design" name="test_m29_rejects_scientific_drift[written_table]" time="0.001" /><testcase classname="tests.inference_validation.test_multimodel_pipeline" name="test_public_multimodel_candidates_reload_and_exclude_warmup[gaussian-1.3]" time="9.488" /><testcase classname="tests.inference_validation.test_multimodel_pipeline" name="test_public_multimodel_candidates_reload_and_exclude_warmup[rotated_gaussian-1.3]" time="8.966" /><testcase classname="tests.inference_validation.test_multimodel_pipeline" name="test_public_multimodel_candidates_reload_and_exclude_warmup[beta_binomial-0.8]" time="9.423" /><testcase classname="tests.inference_validation.test_multimodel_pipeline" name="test_public_multimodel_candidates_reload_and_exclude_warmup[lgssm_location-0.7]" time="10.360" /><testcase classname="tests.inference_validation.test_multimodel_pipeline" name="test_public_multimodel_candidates_reload_and_exclude_warmup[banana-0.5]" time="8.863" /><testcase classname="tests.inference_validation.test_multimodel_pipeline" name="test_public_multimodel_candidates_reload_and_exclude_warmup[funnel_noncentered-1.2]" time="8.622" /><testcase classname="tests.inference_validation.test_normal_endpoint" name="test_conjugate_reference_and_independent_test_formulas" time="0.001" /><testcase classname="tests.inference_validation.test_normal_endpoint" name="test_location_and_variance_adversaries_and_noop" time="0.012" /><testcase classname="tests.inference_validation.test_normal_endpoint" name="test_missing_invalid_and_duplicate_records_cannot_be_detections" time="0.000" /><testcase classname="tests.inference_validation.test_normal_endpoint" name="test_pipeline_output_rule_and_caps" time="0.005" /><testcase classname="tests.inference_validation.test_posterior_policy_wiring" name="test_bad_settings_rejected_before_execution[posterior_precision_settings-None]" time="0.001" /><testcase classname="tests.inference_validation.test_posterior_policy_wiring" name="test_bad_settings_rejected_before_execution[posterior_precision_settings-value1]" time="0.000" /><testcase classname="tests.inference_validation.test_posterior_policy_wiring" name="test_bad_settings_rejected_before_execution[posterior_precision_settings-value2]" time="0.000" /><testcase classname="tests.inference_validation.test_posterior_policy_wiring" name="test_bad_settings_rejected_before_execution[posterior_precision_settings-value3]" time="0.000" /><testcase classname="tests.inference_validation.test_posterior_policy_wiring" name="test_bad_settings_rejected_before_execution[posterior_precision_settings-value4]" time="0.000" /><testcase classname="tests.inference_validation.test_posterior_policy_wiring" name="test_bad_settings_rejected_before_execution[posterior_precision_settings-value5]" time="0.000" /><testcase classname="tests.inference_validation.test_posterior_policy_wiring" name="test_bad_settings_rejected_before_execution[posterior_precision_settings-value6]" time="0.000" /><testcase classname="tests.inference_validation.test_posterior_policy_wiring" name="test_bad_settings_rejected_before_execution[posterior_precision_settings-value7]" time="0.000" /><testcase classname="tests.inference_validation.test_posterior_policy_wiring" name="test_bad_settings_rejected_before_execution[posterior_assessment_settings-value8]" time="0.001" /><testcase classname="tests.inference_validation.test_posterior_policy_wiring" name="test_bad_settings_rejected_before_execution[posterior_assessment_settings-value9]" time="0.000" /><testcase classname="tests.inference_validation.test_posterior_policy_wiring" name="test_bad_settings_rejected_before_execution[posterior_assessment_settings-value10]" time="0.000" /><testcase classname="tests.inference_validation.test_posterior_policy_wiring" name="test_bad_settings_rejected_before_execution[posterior_assessment_settings-value11]" time="0.000" /><testcase classname="tests.inference_validation.test_posterior_policy_wiring" name="test_bad_settings_rejected_before_execution[posterior_assessment_settings-value12]" time="0.000" /><testcase classname="tests.inference_validation.test_posterior_policy_wiring" name="test_comparator_matches_independent_batch_formula_and_unavailable_batches" time="0.155" /><testcase classname="tests.inference_validation.test_posterior_policy_wiring" name="test_public_stopped_fixed_policy_and_restart_identity" time="11.087" /><testcase classname="tests.inference_validation.test_posteriordb_targets" name="test_density_score_and_model_coordinate_order[eight_schools-eight_schools_noncentered]" time="0.110" /><testcase classname="tests.inference_validation.test_posteriordb_targets" name="test_density_score_and_model_coordinate_order[sblrc-blr]" time="0.099" /><testcase classname="tests.inference_validation.test_posteriordb_targets" name="test_real_consumer_adapter_reaches_public_tuner" time="2.061" /><testcase classname="tests.inference_validation.test_posteriordb_targets" name="test_invalid_consumer_inputs_are_rejected" time="0.000" /><testcase classname="tests.inference_validation.test_profiling" name="test_profile_checksum_change_is_reported_without_changing_numerical_receipt" time="0.002" /><testcase classname="tests.inference_validation.test_profiling" name="test_child_profiles_actual_execution_even_when_it_fails[False]" time="0.003" /><testcase classname="tests.inference_validation.test_profiling" name="test_child_profiles_actual_execution_even_when_it_fails[True]" time="0.005" /><testcase classname="tests.inference_validation.test_profiling" name="test_broken_profiling_preserves_child_outcome[False-enable]" time="0.002" /><testcase classname="tests.inference_validation.test_profiling" name="test_broken_profiling_preserves_child_outcome[False-disable]" time="0.002" /><testcase classname="tests.inference_validation.test_profiling" name="test_broken_profiling_preserves_child_outcome[False-dump_stats]" time="0.002" /><testcase classname="tests.inference_validation.test_profiling" name="test_broken_profiling_preserves_child_outcome[True-enable]" time="0.003" /><testcase classname="tests.inference_validation.test_profiling" name="test_broken_profiling_preserves_child_outcome[True-disable]" time="0.003" /><testcase classname="tests.inference_validation.test_profiling" name="test_broken_profiling_preserves_child_outcome[True-dump_stats]" time="0.003" /><testcase classname="tests.inference_validation.test_profiling" name="test_completed_isolated_resume_reports_missing_profile_without_a_child" time="0.005" /><testcase classname="tests.inference_validation.test_profiling" name="test_public_ordinary_pipeline_profile_preserves_numerics_and_resume[gaussian]" time="41.825" /><testcase classname="tests.inference_validation.test_profiling" name="test_public_ordinary_pipeline_profile_preserves_numerics_and_resume[beta_binomial]" time="43.514" /><testcase classname="tests.inference_validation.test_public_pipeline" name="test_real_tuning_all_verified_members_reach_posterior_assessment" time="8.249" /><testcase classname="tests.inference_validation.test_public_pipeline" name="test_reloading_complete_pipeline_does_not_append_draws" time="0.228" /><testcase classname="tests.inference_validation.test_public_pipeline" name="test_interval_assessment_uses_actual_controller_quantities" time="0.000" /><testcase classname="tests.inference_validation.test_reference_mean" name="test_independent_variance_against_tensorflow[iid]" time="0.027" /><testcase classname="tests.inference_validation.test_reference_mean" name="test_independent_variance_against_tensorflow[persistent]" time="0.007" /><testcase classname="tests.inference_validation.test_reference_mean" name="test_independent_variance_against_tensorflow[antithetic]" time="0.007" /><testcase classname="tests.inference_validation.test_reference_mean" name="test_independent_variance_against_tensorflow[ties]" time="0.003" /><testcase classname="tests.inference_validation.test_reference_mean" name="test_independent_variance_against_tensorflow[negative]" time="0.025" /><testcase classname="tests.inference_validation.test_reference_mean" name="test_independent_variance_against_tensorflow[constant]" time="0.003" /><testcase classname="tests.inference_validation.test_reference_mean" name="test_insufficient_batches_are_unavailable" time="0.000" /><testcase classname="tests.inference_validation.test_reference_mean" name="test_reference_independent_of_shifted_draws_and_runtime_mcse" time="0.007" /><testcase classname="tests.inference_validation.test_reference_mean" name="test_unqualified_fits_cannot_be_detections[warmup_cap_hit]" time="0.003" /><testcase classname="tests.inference_validation.test_reference_mean" name="test_unqualified_fits_cannot_be_detections[retained_cap_hit]" time="0.003" /><testcase classname="tests.inference_validation.test_reference_mean" name="test_unqualified_fits_cannot_be_detections[hard_vetoes]" time="0.003" /><testcase classname="tests.inference_validation.test_reference_mean" name="test_unqualified_fits_cannot_be_detections[passed]" time="0.003" /><testcase classname="tests.inference_validation.test_reference_mean" name="test_unqualified_fits_cannot_be_detections[warmup_exclusion]" time="0.003" /><testcase classname="tests.inference_validation.test_reference_mean" name="test_empty_selection_and_changed_member_rule" time="0.003" /><testcase classname="tests.inference_validation.test_reference_mean" name="test_complete_denominators_and_exact_screen_boundaries" time="0.052" /><testcase classname="tests.inference_validation.test_reference_mean" name="test_duplicate_corrupt_and_changed_policy_records_fail" time="0.001" /><testcase classname="tests.inference_validation.test_reference_mean" name="test_design_binds_estimator_scale_selection_and_data" time="0.001" /><testcase classname="tests.inference_validation.test_reference_mean" name="test_public_full_fit_and_cached_policy_identity" time="12.898" /><testcase classname="tests.inference_validation.test_references_and_mechanics" name="test_every_target_density_score_against_independent_reference[gaussian]" time="0.342" /><testcase classname="tests.inference_validation.test_references_and_mechanics" name="test_every_target_density_score_against_independent_reference[rotated_gaussian]" time="0.066" /><testcase classname="tests.inference_validation.test_references_and_mechanics" name="test_every_target_density_score_against_independent_reference[banana]" time="0.053" /><testcase classname="tests.inference_validation.test_references_and_mechanics" name="test_every_target_density_score_against_independent_reference[funnel]" time="0.074" /><testcase classname="tests.inference_validation.test_references_and_mechanics" name="test_every_target_density_score_against_independent_reference[funnel_noncentered]" time="0.051" /><testcase classname="tests.inference_validation.test_references_and_mechanics" name="test_every_target_density_score_against_independent_reference[student_t]" time="0.039" /><testcase classname="tests.inference_validation.test_references_and_mechanics" name="test_every_target_density_score_against_independent_reference[cauchy]" time="0.038" /><testcase classname="tests.inference_validation.test_references_and_mechanics" name="test_every_target_density_score_against_independent_reference[mixture]" time="0.080" /><testcase classname="tests.inference_validation.test_references_and_mechanics" name="test_every_target_density_score_against_independent_reference[gamma]" time="0.040" /><testcase classname="tests.inference_validation.test_references_and_mechanics" name="test_every_target_density_score_against_independent_reference[beta]" time="0.053" /><testcase classname="tests.inference_validation.test_references_and_mechanics" name="test_every_target_density_score_against_independent_reference[dirichlet]" time="0.051" /><testcase classname="tests.inference_validation.test_references_and_mechanics" name="test_every_target_density_score_against_independent_reference[normal_conjugate]" time="0.023" /><testcase classname="tests.inference_validation.test_references_and_mechanics" name="test_every_target_density_score_against_independent_reference[beta_binomial]" time="0.053" /><testcase classname="tests.inference_validation.test_references_and_mechanics" name="test_every_target_density_score_against_independent_reference[lgssm_location]" time="0.023" /><testcase classname="tests.inference_validation.test_references_and_mechanics" name="test_likelihood_including_kalman_recursion[normal_conjugate-data0]" time="0.064" /><testcase classname="tests.inference_validation.test_references_and_mechanics" name="test_likelihood_including_kalman_recursion[beta_binomial-data1]" time="0.054" /><testcase classname="tests.inference_validation.test_references_and_mechanics" name="test_likelihood_including_kalman_recursion[lgssm_location-data2]" time="0.088" /><testcase classname="tests.inference_validation.test_references_and_mechanics" name="test_coordinate_roundtrip_and_model_dimension[gamma]" time="0.001" /><testcase classname="tests.inference_validation.test_references_and_mechanics" name="test_coordinate_roundtrip_and_model_dimension[beta]" time="0.001" /><testcase classname="tests.inference_validation.test_references_and_mechanics" name="test_coordinate_roundtrip_and_model_dimension[dirichlet]" time="0.001" /><testcase classname="tests.inference_validation.test_references_and_mechanics" name="test_coordinate_roundtrip_and_model_dimension[beta_binomial]" time="0.001" /><testcase classname="tests.inference_validation.test_references_and_mechanics" name="test_dirichlet_reference_contains_full_jacobian" time="0.001" /><testcase classname="tests.inference_validation.test_references_and_mechanics" name="test_invalid_laws_are_rejected[gamma-params0]" time="0.000" /><testcase classname="tests.inference_validation.test_references_and_mechanics" name="test_invalid_laws_are_rejected[lgssm_location-params1]" time="0.000" /><testcase classname="tests.inference_validation.test_references_and_mechanics" name="test_invalid_laws_are_rejected[dirichlet-params2]" time="0.000" /><testcase classname="tests.inference_validation.test_references_and_mechanics" name="test_invalid_laws_are_rejected[student_t-params3]" time="0.000" /><testcase classname="tests.inference_validation.test_references_and_mechanics" name="test_invalid_laws_are_rejected[normal_conjugate-params4]" time="0.000" /><testcase classname="tests.inference_validation.test_references_and_mechanics" name="test_target_defects_activate_and_are_detected[gaussian-wrong_score]" time="0.240" /><testcase classname="tests.inference_validation.test_references_and_mechanics" name="test_target_defects_activate_and_are_detected[gamma-omit_jacobian]" time="0.029" /><testcase classname="tests.inference_validation.test_references_and_mechanics" name="test_target_defects_activate_and_are_detected[beta-omit_jacobian]" time="0.035" /><testcase classname="tests.inference_validation.test_references_and_mechanics" name="test_target_defects_activate_and_are_detected[dirichlet-omit_jacobian]" time="0.033" /><testcase classname="tests.inference_validation.test_references_and_mechanics" name="test_noop_is_numerically_identical" time="0.687" /><testcase classname="tests.inference_validation.test_residual_funnel_map" name="test_residual_density_jacobian_analytic_score_and_directional_difference[0.0]" time="0.105" /><testcase classname="tests.inference_validation.test_residual_funnel_map" name="test_residual_density_jacobian_analytic_score_and_directional_difference[0.5]" time="0.094" /><testcase classname="tests.inference_validation.test_residual_funnel_map" name="test_child_curvature_is_bounded_but_complete_hessian_is_not" time="0.093" /><testcase classname="tests.inference_validation.test_residual_funnel_map" name="test_invalid_residual_amplitudes_fail[-0.1]" time="0.000" /><testcase classname="tests.inference_validation.test_residual_funnel_map" name="test_invalid_residual_amplitudes_fail[inf]" time="0.000" /><testcase classname="tests.inference_validation.test_residual_funnel_map" name="test_invalid_residual_amplitudes_fail[nan]" time="0.000" /><testcase classname="tests.inference_validation.test_residual_funnel_map" name="test_invalid_residual_amplitudes_fail[True]" time="0.000" /><testcase classname="tests.inference_validation.test_residual_funnel_map" name="test_public_supplied_map_continues_after_failed_first_member[exact]" time="8.286" /><testcase classname="tests.inference_validation.test_residual_funnel_map" name="test_public_supplied_map_continues_after_failed_first_member[residual]" time="11.555" /><testcase classname="tests.inference_validation.test_resource_resume" name="test_resource_retry_preserves_design_prior_cost_and_attempt" time="7.095" /><testcase classname="tests.inference_validation.test_reuse_multimodel" name="test_real_public_reuse_parity_across_geometry[rotated_gaussian]" time="15.884" /><testcase classname="tests.inference_validation.test_reuse_multimodel" name="test_real_public_reuse_parity_across_geometry[dirichlet]" time="15.532" /><testcase classname="tests.inference_validation.test_reuse_multimodel" name="test_real_public_reuse_parity_across_geometry[residual]" time="27.630" /><testcase classname="tests.inference_validation.test_sequential_validation" name="test_wrapper_rejection_and_nonrejection_boundaries" time="0.000" /><testcase classname="tests.inference_validation.test_sequential_validation" name="test_source_increases_samples_once_and_corrects_raw_pvalues_once" time="0.000" /><testcase classname="tests.inference_validation.test_sequential_validation" name="test_exhaustive_independent_discrete_null_obeys_bound[1]" time="0.003" /><testcase classname="tests.inference_validation.test_sequential_validation" name="test_exhaustive_independent_discrete_null_obeys_bound[2]" time="0.003" /><testcase classname="tests.inference_validation.test_sequential_validation" name="test_invalid_pvalues_are_execution_errors_not_rejections[values0]" time="0.000" /><testcase classname="tests.inference_validation.test_sequential_validation" name="test_invalid_pvalues_are_execution_errors_not_rejections[values1]" time="0.000" /><testcase classname="tests.inference_validation.test_sequential_validation" name="test_invalid_pvalues_are_execution_errors_not_rejections[values2]" time="0.000" /><testcase classname="tests.inference_validation.test_sequential_validation" name="test_invalid_pvalues_are_execution_errors_not_rejections[values3]" time="0.000" /><testcase classname="tests.inference_validation.test_sequential_validation" name="test_invalid_pvalues_are_execution_errors_not_rejections[values4]" time="0.000" /><testcase classname="tests.inference_validation.test_sequential_validation" name="test_invalid_pvalues_are_execution_errors_not_rejections[values5]" time="0.000" /><testcase classname="tests.inference_validation.test_sequential_validation" name="test_invariance_wrapper_uses_fresh_complete_looks" time="0.004" /><testcase classname="tests.inference_validation.test_sequential_validation" name="test_actual_tf_invariance_runs_through_wrapper" time="0.212" /><testcase classname="tests.inference_validation.test_sequential_validation" name="test_invalid_sequential_design_fails_before_execution[options0]" time="0.001" /><testcase classname="tests.inference_validation.test_sequential_validation" name="test_invalid_sequential_design_fails_before_execution[options1]" time="0.000" /><testcase classname="tests.inference_validation.test_sequential_validation" name="test_invalid_sequential_design_fails_before_execution[options2]" time="0.000" /><testcase classname="tests.inference_validation.test_sequential_validation" name="test_invalid_sequential_design_fails_before_execution[options3]" time="0.000" /><testcase classname="tests.inference_validation.test_sequential_validation" name="test_unresolved_mc_pvalues_do_not_enter_sequential_campaign" time="0.000" /><testcase classname="tests.inference_validation.test_sibling_assessment" name="test_selection_is_distinct_length_ordered_and_never_uses_posterior" time="0.000" /><testcase classname="tests.inference_validation.test_sibling_assessment" name="test_invalid_or_implicit_sibling_allocations_fail_before_execution[options0]" time="0.000" /><testcase classname="tests.inference_validation.test_sibling_assessment" name="test_invalid_or_implicit_sibling_allocations_fail_before_execution[options1]" time="0.000" /><testcase classname="tests.inference_validation.test_sibling_assessment" name="test_invalid_or_implicit_sibling_allocations_fail_before_execution[options2]" time="0.000" /><testcase classname="tests.inference_validation.test_sibling_assessment" name="test_invalid_or_implicit_sibling_allocations_fail_before_execution[options3]" time="0.000" /><testcase classname="tests.inference_validation.test_sibling_assessment" name="test_invalid_or_implicit_sibling_allocations_fail_before_execution[options4]" time="0.000" /><testcase classname="tests.inference_validation.test_sibling_assessment" name="test_invalid_or_implicit_sibling_allocations_fail_before_execution[options5]" time="0.000" /><testcase classname="tests.inference_validation.test_sibling_assessment" name="test_slot_denominators_keep_missing_fits_shortages_and_failed_processes" time="0.003" /><testcase classname="tests.inference_validation.test_sibling_assessment" name="test_unassessed_siblings_do_not_hide_complete_selected_comparator" time="0.004" /><testcase classname="tests.inference_validation.test_sibling_assessment" name="test_real_public_pipeline_continues_after_failed_first_sibling_and_resumes[gaussian]" time="11.748" /><testcase classname="tests.inference_validation.test_sibling_assessment" name="test_real_public_pipeline_continues_after_failed_first_sibling_and_resumes[rotated_gaussian]" time="12.620" /><testcase classname="tests.inference_validation.test_statistics" name="test_randomized_ties_cover_every_ordinal" time="0.038" /><testcase classname="tests.inference_validation.test_statistics" name="test_multinomial_null_plus_one_and_multiplicity" time="0.004" /><testcase classname="tests.inference_validation.test_statistics" name="test_tied_permutation_ks_and_strong_location_defect" time="0.016" /><testcase classname="tests.inference_validation.test_statistics" name="test_clopper_pearson_endpoints_and_empty_draws" time="0.001" /><testcase classname="tests.inference_validation.test_statistics" name="test_correlated_external_reference_does_not_receive_iid_standard_error" time="0.001" /><testcase classname="tests.inference_validation.test_supplied_funnel_maps" name="test_frozen_funnel_map_matches_independent_density_score_and_inverse[exact]" time="0.068" /><testcase classname="tests.inference_validation.test_supplied_funnel_maps" name="test_frozen_funnel_map_matches_independent_density_score_and_inverse[partial]" time="0.097" /><testcase classname="tests.inference_validation.test_supplied_funnel_maps" name="test_frozen_funnel_map_matches_independent_density_score_and_inverse[partial_half]" time="0.100" /><testcase classname="tests.inference_validation.test_supplied_funnel_maps" name="test_all_maps_preserve_the_physical_start_bank[dispersed]" time="0.049" /><testcase classname="tests.inference_validation.test_supplied_funnel_maps" name="test_all_maps_preserve_the_physical_start_bank[remote]" time="0.048" /><testcase classname="tests.inference_validation.test_supplied_funnel_maps" name="test_invalid_funnel_map_scale_fails[0.0]" time="0.000" /><testcase classname="tests.inference_validation.test_supplied_funnel_maps" name="test_invalid_funnel_map_scale_fails[-1.0]" time="0.000" /><testcase classname="tests.inference_validation.test_supplied_funnel_maps" name="test_invalid_funnel_map_scale_fails[nan]" time="0.000" /><testcase classname="tests.inference_validation.test_supplied_funnel_maps" name="test_invalid_funnel_map_scale_fails[inf]" time="0.000" /><testcase classname="tests.inference_validation.test_supplied_funnel_maps" name="test_invalid_funnel_map_scale_fails[True]" time="0.000" /><testcase classname="tests.inference_validation.test_supplied_funnel_maps" name="test_map_identities_differ_and_mismatched_target_fails" time="0.013" /><testcase classname="tests.inference_validation.test_supplied_funnel_maps" name="test_affine_inverse_preserves_base_start_coordinates" time="0.002" /><testcase classname="tests.inference_validation.test_supplied_funnel_maps" name="test_supplied_map_uses_real_public_tuning_and_replay[exact]" time="66.645" /><testcase classname="tests.inference_validation.test_supplied_funnel_maps" name="test_supplied_map_uses_real_public_tuning_and_replay[residual]" time="201.619" /><testcase classname="tests.inference_validation.test_training_pipeline_composition" name="test_batch_training_frozen_reload_public_retuning[banana]" time="12.181" /><testcase classname="tests.inference_validation.test_training_pipeline_composition" name="test_batch_training_frozen_reload_public_retuning[mixture]" time="11.339" /><testcase classname="tests.inference_validation.test_transport_route_integration" name="test_nonlinear_frozen_transport_retains_reloads_and_excludes_warmup[gaussian]" time="13.950" /><testcase classname="tests.inference_validation.test_transport_route_integration" name="test_nonlinear_frozen_transport_retains_reloads_and_excludes_warmup[banana]" time="14.740" /><testcase classname="tests.inference_validation.test_transport_route_integration" name="test_nonlinear_frozen_transport_retains_reloads_and_excludes_warmup[dirichlet]" time="18.213" /><testcase classname="tests.inference_validation.test_transport_route_integration" name="test_position_field_multimodel_resume_remains_conditional[gaussian-None]" time="2.098" /><testcase classname="tests.inference_validation.test_transport_route_integration" name="test_position_field_multimodel_resume_remains_conditional[beta_binomial-data1]" time="2.241" /><testcase classname="tests.inference_validation.test_transport_route_integration" name="test_position_field_multimodel_resume_remains_conditional[lgssm_location-data2]" time="2.338" /><testcase classname="tests.inference_validation.test_transport_route_integration" name="test_position_field_multimodel_resume_remains_conditional[banana-None]" time="2.220" /><testcase classname="tests.inference_validation.test_transport_route_integration" name="test_position_field_directional_pilots_reach_own_fresh_verification[gaussian-None]" time="40.823" /><testcase classname="tests.inference_validation.test_transport_route_integration" name="test_position_field_directional_pilots_reach_own_fresh_verification[beta_binomial-data1]" time="27.263" /><testcase classname="tests.inference_validation.test_transport_route_integration" name="test_position_field_directional_pilots_reach_own_fresh_verification[lgssm_location-data2]" time="30.988" /><testcase classname="tests.inference_validation.test_transport_route_integration" name="test_position_field_directional_pilots_reach_own_fresh_verification[banana-None]" time="25.023" /></testsuite></testsuites>