<?xml version="1.0" encoding="utf-8"?><testsuites name="pytest tests"><testsuite name="pytest" errors="0" failures="0" skipped="0" tests="8" time="215.685" timestamp="2026-09-24T03:00:23.205843+08:00" hostname="ubuntu-MZ72-HB2-00"><testcase classname="tests.test_hmc_candidate_set_execution" name="test_supported_frozen_transports_use_numerical_controller_and_durable_geometry[False-affine]" time="10.666" /><testcase classname="tests.test_hmc_candidate_set_execution" name="test_supported_frozen_transports_use_numerical_controller_and_durable_geometry[False-dense_iaf]" time="31.850" /><testcase classname="tests.test_hmc_candidate_set_execution" name="test_supported_frozen_transports_use_numerical_controller_and_durable_geometry[False-configured_iaf]" time="38.098" /><testcase classname="tests.test_hmc_candidate_set_execution" name="test_supported_frozen_transports_use_numerical_controller_and_durable_geometry[False-configured_naf_dsf]" time="39.928" /><testcase classname="tests.test_hmc_candidate_set_execution" name="test_supported_frozen_transports_use_numerical_controller_and_durable_geometry[True-affine]" time="8.777" /><testcase classname="tests.test_hmc_candidate_set_execution" name="test_supported_frozen_transports_use_numerical_controller_and_durable_geometry[True-dense_iaf]" time="21.843" /><testcase classname="tests.test_hmc_candidate_set_execution" name="test_supported_frozen_transports_use_numerical_controller_and_durable_geometry[True-configured_iaf]" time="30.290" /><testcase classname="tests.test_hmc_candidate_set_execution" name="test_supported_frozen_transports_use_numerical_controller_and_durable_geometry[True-configured_naf_dsf]" time="31.689" /></testsuite></testsuites>