<?xml version="1.0" encoding="utf-8"?><testsuites name="pytest tests"><testsuite name="pytest" errors="0" failures="0" skipped="0" tests="35" time="15.464" timestamp="2026-09-24T01:07:07.147171+08:00" hostname="ubuntu-MZ72-HB2-00"><testcase classname="tests.test_neutra_dsge_procedure_parity" name="test_capacity_preset_changes_width_only_and_preserves_source_preset" time="0.156" /><testcase classname="tests.test_neutra_dsge_procedure_parity" name="test_exact_schedule_boundaries_and_per_variable_clipping" time="0.141" /><testcase classname="tests.test_neutra_dsge_procedure_parity" name="test_strict_preset_and_live_target_chart_fail_closed" time="0.043" /><testcase classname="tests.test_neutra_dsge_procedure_parity" name="test_serialized_procedure_mutations_are_rejected[&lt;lambda&gt;-component order mismatch0]" time="0.048" /><testcase classname="tests.test_neutra_dsge_procedure_parity" name="test_serialized_procedure_mutations_are_rejected[&lt;lambda&gt;-reverse mixing mismatch]" time="0.041" /><testcase classname="tests.test_neutra_dsge_procedure_parity" name="test_serialized_procedure_mutations_are_rejected[&lt;lambda&gt;-activation mismatch]" time="0.042" /><testcase classname="tests.test_neutra_dsge_procedure_parity" name="test_serialized_procedure_mutations_are_rejected[&lt;lambda&gt;-translation mismatch]" time="0.040" /><testcase classname="tests.test_neutra_dsge_procedure_parity" name="test_serialized_procedure_mutations_are_rejected[&lt;lambda&gt;-output scale]" time="0.041" /><testcase classname="tests.test_neutra_dsge_procedure_parity" name="test_serialized_procedure_mutations_are_rejected[&lt;lambda&gt;-component order mismatch1]" time="0.042" /><testcase classname="tests.test_neutra_dsge_procedure_parity" name="test_six_component_serialization_inverse_scores_and_exact_resume" time="3.580" /><testcase classname="tests.test_neutra_dsge_procedure_parity" name="test_capacity_serialization_resume_and_procedure_label_are_exact" time="2.520" /><testcase classname="tests.test_neutra_dsge_procedure_parity" name="test_tuned_capacity_mutable_learning_rate_resume_and_label_are_exact" time="2.577" /><testcase classname="tests.test_neutra_dsge_procedure_parity" name="test_tuned_capacity_fixed_output_scale_freezes_and_roundtrips_exactly" time="0.149" /><testcase classname="tests.test_neutra_dsge_procedure_parity" name="test_tuned_capacity_fixed_output_dense_factor_freezes_and_roundtrips_exactly" time="0.152" /><testcase classname="tests.test_neutra_dsge_procedure_parity" name="test_deep_capacity_has_distinct_three_layer_contract" time="1.642" /><testcase classname="tests.test_neutra_dsge_procedure_parity" name="test_wide_capacity_has_distinct_64x64_contract" time="1.532" /><testcase classname="tests.test_neutra_dsge_procedure_parity" name="test_wide_capacity_accepts_model_owned_dense_chart" time="0.175" /><testcase classname="tests.test_neutra_dsge_procedure_parity" name="test_restore_accepts_float32_learning_rate_roundoff" time="0.110" /><testcase classname="tests.test_neutra_dsge_procedure_parity" name="test_tuned_capacity_search_contract_fails_closed[learning_rate-0.003]" time="0.001" /><testcase classname="tests.test_neutra_dsge_procedure_parity" name="test_tuned_capacity_search_contract_fails_closed[initialization_scale-0.03]" time="0.000" /><testcase classname="tests.test_neutra_dsge_procedure_parity" name="test_tuned_capacity_search_contract_fails_closed[gradient_clip_norm-7.0]" time="0.000" /><testcase classname="tests.test_neutra_dsge_procedure_parity" name="test_mutable_learning_rate_is_restricted_to_tuned_family" time="0.024" /><testcase classname="tests.test_neutra_dsge_procedure_parity" name="test_strict_serialization_rejects_target_signature_drift" time="0.024" /><testcase classname="tests.test_neutra_dsge_procedure_parity" name="test_strict_path_rejects_nonfinite_gradient_instead_of_zeroing_it" time="0.063" /><testcase classname="tests.test_neutra_dsge_procedure_parity" name="test_malformed_valid_checkpoint_does_not_partially_mutate_trainer" time="0.036" /><testcase classname="tests.test_neutra_varying_hessian_target" name="test_frozen_source_constants_hash_is_bound_and_target_is_strong_smooth" time="0.001" /><testcase classname="tests.test_neutra_varying_hessian_target" name="test_bayesfilter_batch_value_matches_source_tensorflow_formula" time="0.023" /><testcase classname="tests.test_neutra_varying_hessian_target" name="test_explicit_score_matches_gradient_tape_reference" time="0.027" /><testcase classname="tests.test_neutra_varying_hessian_target" name="test_adapter_status_and_affine_scale_proposal_are_batch_native_and_finite" time="0.017" /><testcase classname="tests.test_neutra_varying_hessian_target" name="test_ridge_tangent_proposal_is_finite_full_support_mixture" time="0.010" /><testcase classname="tests.test_neutra_varying_hessian_target" name="test_ridge_tangent_proposal_accepts_a_broad_tail_profile" time="0.006" /><testcase classname="tests.test_neutra_varying_hessian_target" name="test_pilot_branch_proposal_is_finite_and_records_branch_ess" time="0.034" /><testcase classname="tests.test_neutra_varying_hessian_target" name="test_source_bound_target_is_exactly_symmetric_under_first_local_reflection" time="0.019" /><testcase classname="tests.test_neutra_varying_hessian_target" name="test_reflected_positive_pilot_proposal_has_equal_learned_branch_mass" time="0.023" /><testcase classname="tests.test_neutra_varying_hessian_target" name="test_affine_lift_weighted_transport_score_and_logdet_match_gradient_tape" time="0.143" /></testsuite></testsuites>