<?xml version="1.0" encoding="utf-8"?><testsuites name="pytest tests"><testsuite name="pytest" errors="0" failures="0" skipped="0" tests="198" time="277.625" timestamp="2026-09-24T01:02:26.538949+08:00" hostname="ubuntu-MZ72-HB2-00"><testcase classname="tests.test_neutra_single_authority" name="test_conditional_map_jacobian_score_inverse_and_logdet[iaf]" time="0.177" /><testcase classname="tests.test_neutra_single_authority" name="test_conditional_map_jacobian_score_inverse_and_logdet[naf_dsf]" time="1.492" /><testcase classname="tests.test_neutra_single_authority" name="test_author_free_bias_is_outside_cap_and_has_unrestricted_gradient" time="0.015" /><testcase classname="tests.test_neutra_single_authority" name="test_hoffman_profile_masks_match_author_tfp_blocks" time="0.021" /><testcase classname="tests.test_neutra_single_authority" name="test_frozen_and_training_legacy_numerics_share_authority[bounded_tanh]" time="0.018" /><testcase classname="tests.test_neutra_single_authority" name="test_frozen_and_training_legacy_numerics_share_authority[dsge_bounded_tanh]" time="0.013" /><testcase classname="tests.test_neutra_single_authority" name="test_frozen_and_training_legacy_numerics_share_authority[identity]" time="0.011" /><testcase classname="tests.test_neutra_single_authority" name="test_naf_paper_equation_interior_and_unbounded_tails" time="0.611" /><testcase classname="tests.test_neutra_single_authority" name="test_naf_inverse_input_and_parameter_derivatives_are_implicit" time="8.144" /><testcase classname="tests.test_neutra_single_authority" name="test_naf_author_conditioner_matches_independent_source_operations" time="0.022" /><testcase classname="tests.test_neutra_single_authority" name="test_failed_inverse_is_nonfinite_instead_of_silent_approximation" time="0.064" /><testcase classname="tests.test_neutra_single_authority" name="test_layerwise_vaitl_score_matches_density_score[iaf]" time="0.112" /><testcase classname="tests.test_neutra_single_authority" name="test_layerwise_vaitl_score_matches_density_score[naf_dsf]" time="1.704" /><testcase classname="tests.test_neutra_single_authority" name="test_exact_gaussian_map_has_zero_path_gradient_without_target_hessian" time="0.016" /><testcase classname="tests.test_neutra_single_authority" name="test_frozen_loader_roundtrip_and_tamper_rejection[iaf]" time="0.041" /><testcase classname="tests.test_neutra_single_authority" name="test_frozen_loader_roundtrip_and_tamper_rejection[naf_dsf]" time="0.129" /><testcase classname="tests.test_neutra_single_authority" name="test_xla_adam_resume_rejection_and_graph_contract[iaf-standard]" time="1.323" /><testcase classname="tests.test_neutra_single_authority" name="test_xla_adam_resume_rejection_and_graph_contract[iaf-path]" time="1.455" /><testcase classname="tests.test_neutra_single_authority" name="test_xla_adam_resume_rejection_and_graph_contract[naf_dsf-path]" time="3.725" /><testcase classname="tests.test_neutra_single_authority" name="test_new_naf_uses_standard_1000_point_post_training_procedure" time="3.333" /><testcase classname="tests.test_neutra_single_authority" name="test_adam_rolls_back_finite_but_overflowing_parameter_proposal" time="0.812" /><testcase classname="tests.test_neutra_single_authority" name="test_naf_inverse_density_gradient_compiles_for_weighted_training" time="2.200" /><testcase classname="tests.test_neutra_single_authority" name="test_actual_weighted_trainer_accepts_configured_naf" time="2.841" /><testcase classname="tests.test_neutra_single_authority" name="test_tempered_checkpoint_reconstructs_configured_naf_and_affine_wrapper" time="1.854" /><testcase classname="tests.test_neutra_single_authority" name="test_path_score_reuses_each_layer_forward_once" time="0.092" /><testcase classname="tests.test_neutra_single_authority" name="test_frozen_naf_is_wired_through_actual_hmc_geometry_builder" time="3.478" /><testcase classname="tests.test_neutra_single_authority" name="test_existing_iaf_facades_cannot_contain_numerical_forks" time="3.966" /><testcase classname="tests.test_neutra_training" name="test_training_rejects_missing_batch_binding_before_side_effect" time="0.003" /><testcase classname="tests.test_neutra_training" name="test_training_runs_exact_batch_native_lgssm_one_step" time="4.874" /><testcase classname="tests.test_neutra_training" name="test_training_records_missing_condition_estimate_as_unavailable" time="1.518" /><testcase classname="tests.test_neutra_training" name="test_exact_target_reverse_kl_gradient_matches_finite_difference" time="0.661" /><testcase classname="tests.test_neutra_training" name="test_exact_target_five_step_training_is_deterministic" time="3.956" /><testcase classname="tests.test_neutra_training" name="test_training_config_rejects_singleton_batch_before_output" time="0.003" /><testcase classname="tests.test_neutra_training" name="test_trainable_flow_matches_frozen_reload" time="1.735" /><testcase classname="tests.test_neutra_training" name="test_training_records_combined_target_status" time="1.722" /><testcase classname="tests.test_neutra_training" name="test_training_uses_one_graph_native_program_and_terminal_checkpoint" time="1.660" /><testcase classname="tests.test_neutra_training" name="test_training_rejects_invalid_combined_target_status" time="1.463" /><testcase classname="tests.test_neutra_training" name="test_uninterrupted_and_resumed_training_are_bitwise_equal" time="4.883" /><testcase classname="tests.test_neutra_training" name="test_resume_rejects_config_mismatch" time="1.632" /><testcase classname="tests.test_neutra_training" name="test_lower_rate_repair_resume_has_explicit_lineage" time="3.266" /><testcase classname="tests.test_neutra_training" name="test_lower_rate_repair_rejects_other_config_changes" time="1.633" /><testcase classname="tests.test_neutra_training" name="test_infrastructure_resume_uses_fresh_output_and_preserves_state" time="5.213" /><testcase classname="tests.test_neutra_training" name="test_segmented_training_matches_uninterrupted_and_freezes_only_terminal" time="6.574" /><testcase classname="tests.test_neutra_training" name="test_infrastructure_resume_rejects_existing_output" time="1.631" /><testcase classname="tests.test_neutra_training" name="test_no_overwrite_freeze_and_checkpoint" time="1.629" /><testcase classname="tests.test_neutra_training" name="test_reverse_kl_gradient_matches_finite_difference_at_one_weight" time="0.045" /><testcase classname="tests.test_neutra_training" name="test_frozen_explicit_score_matches_autodiff_and_xla" time="2.931" /><testcase classname="tests.test_neutra_artifact_loader" name="test_frozen_neutra_loader_accepts_synthetic_artifact_and_binding" time="0.003" /><testcase classname="tests.test_neutra_artifact_loader" name="test_frozen_neutra_loader_forward_and_logdet_roundtrip" time="0.003" /><testcase classname="tests.test_neutra_artifact_loader" name="test_frozen_neutra_loader_rejects_schema_dimension_target_and_logdet_failures" time="0.007" /><testcase classname="tests.test_neutra_artifact_loader" name="test_frozen_neutra_loader_rejects_process_local_identity" time="0.001" /><testcase classname="tests.test_neutra_artifact_loader" name="test_frozen_neutra_loader_is_compatible_with_fixed_transport_adapter" time="0.003" /><testcase classname="tests.test_neutra_artifact_loader" name="test_frozen_neutra_loader_does_not_promote_fallback_base_authority" time="0.002" /><testcase classname="tests.test_dense_iaf_neutra_artifact_loader" name="test_dense_iaf_loader_accepts_synthetic_payload_and_manifest" time="0.004" /><testcase classname="tests.test_dense_iaf_neutra_artifact_loader" name="test_dense_iaf_loader_forward_and_logdet_match_fixture" time="0.007" /><testcase classname="tests.test_dense_iaf_neutra_artifact_loader" name="test_dense_iaf_inverse_and_manual_scores_match_debug_autodiff" time="0.043" /><testcase classname="tests.test_dense_iaf_neutra_artifact_loader" name="test_nonsymmetric_linear_and_affine_transpose_conventions" time="0.010" /><testcase classname="tests.test_dense_iaf_neutra_artifact_loader" name="test_nested_composition_order_and_batch_permutation" time="0.045" /><testcase classname="tests.test_dense_iaf_neutra_artifact_loader" name="test_dense_iaf_manual_scores_match_directional_finite_differences" time="0.017" /><testcase classname="tests.test_dense_iaf_neutra_artifact_loader" name="test_dense_iaf_pullback_rejects_shape_mismatch" time="0.004" /><testcase classname="tests.test_dense_iaf_neutra_artifact_loader" name="test_identity_and_diagonal_affine_closure" time="0.010" /><testcase classname="tests.test_dense_iaf_neutra_artifact_loader" name="test_supported_activation_manual_scores_match_debug_autodiff[elu]" time="0.018" /><testcase classname="tests.test_dense_iaf_neutra_artifact_loader" name="test_supported_activation_manual_scores_match_debug_autodiff[relu]" time="0.020" /><testcase classname="tests.test_dense_iaf_neutra_artifact_loader" name="test_dense_iaf_reload_replays_all_closure_operations" time="0.038" /><testcase classname="tests.test_dense_iaf_neutra_artifact_loader" name="test_dense_iaf_closure_integrates_with_fixed_transport_target" time="0.021" /><testcase classname="tests.test_dense_iaf_neutra_artifact_loader" name="test_dense_iaf_loader_rejects_target_signature_mismatch_and_legacy_identity" time="0.003" /><testcase classname="tests.test_dense_iaf_neutra_artifact_loader" name="test_dense_iaf_loader_rejects_individual_hash_tampering" time="0.007" /><testcase classname="tests.test_dense_iaf_neutra_artifact_loader" name="test_dense_iaf_loader_rejects_nonfinite_and_shape_mismatch" time="0.004" /><testcase classname="tests.test_dense_iaf_neutra_artifact_loader" name="test_dense_iaf_loader_rejects_process_local_identity_and_component_semantics" time="0.011" /><testcase classname="tests.test_dense_iaf_neutra_artifact_loader" name="test_dense_iaf_loader_rejects_summary_only_historical_artifacts" time="0.001" /><testcase classname="tests.test_neutra_training_mechanisms" name="test_affine_identity_scale_derivative_and_inverse" time="0.006" /><testcase classname="tests.test_neutra_training_mechanisms" name="test_scalar_logdet_and_force_against_value_finite_differences" time="0.018" /><testcase classname="tests.test_neutra_training_mechanisms" name="test_scalar_xla_full_range_tail_roundtrip_and_failure_at_cap" time="0.896" /><testcase classname="tests.test_neutra_training_mechanisms" name="test_single_component_affine_and_distinct_components_shape_direction" time="0.010" /><testcase classname="tests.test_neutra_training_mechanisms" name="test_exact_identity_components_have_only_affine_initial_directions" time="0.017" /><testcase classname="tests.test_neutra_training_mechanisms" name="test_path_gradient_zero_pointwise_at_exact_gaussian_and_real_loss_reported" time="0.456" /><testcase classname="tests.test_neutra_training_mechanisms" name="test_nonlinear_path_expectation_agrees_with_standard_and_finite_difference" time="0.971" /><testcase classname="tests.test_neutra_training_mechanisms" name="test_composed_existing_iaf_proposal_score_and_freezing" time="1.107" /><testcase classname="tests.test_neutra_training_mechanisms" name="test_scalar_training_is_batched_forward_only_and_rejects_invalid_updates[standard]" time="0.448" /><testcase classname="tests.test_neutra_training_mechanisms" name="test_scalar_training_is_batched_forward_only_and_rejects_invalid_updates[path]" time="0.645" /><testcase classname="tests.test_neutra_training_mechanisms" name="test_mechanism_state_roundtrip_is_not_hmc_admission[flow0]" time="0.006" /><testcase classname="tests.test_neutra_training_mechanisms" name="test_mechanism_state_roundtrip_is_not_hmc_admission[flow1]" time="0.012" /><testcase classname="tests.test_neutra_training_mechanisms" name="test_invalid_configuration_and_degenerate_parameters_fail" time="0.380" /><testcase classname="tests.test_neutra_training_mechanisms" name="test_inverse_does_not_accept_a_small_residual_in_a_flat_region" time="0.015" /><testcase classname="tests.test_neutra_training_mechanisms" name="test_update_rejects_finite_parameters_that_would_destroy_positive_scale" time="0.413" /><testcase classname="tests.test_neutra_training_mechanisms" name="test_finite_target_status_veto_does_not_update_parameters" time="0.207" /><testcase classname="tests.test_neutra_mechanism_adam_canary" name="test_first_adam_step_matches_bias_corrected_formula" time="0.635" /><testcase classname="tests.test_neutra_mechanism_adam_canary" name="test_finite_status_veto_preserves_parameters_and_all_slots" time="0.353" /><testcase classname="tests.test_neutra_mechanism_adam_canary" name="test_post_update_constraint_failure_rolls_back_adam_slots_and_iteration" time="0.420" /><testcase classname="tests.test_neutra_mechanism_adam_canary" name="test_slot_and_parameter_restore_matches_uninterrupted_updates" time="0.839" /><testcase classname="tests.test_neutra_mechanism_adam_canary" name="test_invalid_explicit_adam_controls_rejected[beta1-1.0]" time="0.001" /><testcase classname="tests.test_neutra_mechanism_adam_canary" name="test_invalid_explicit_adam_controls_rejected[epsilon-0.0]" time="0.001" /><testcase classname="tests.test_neutra_mechanism_adam_canary" name="test_invalid_explicit_adam_controls_rejected[gradient_clip_norm-0.0]" time="0.001" /><testcase classname="tests.test_neutra_scale_aware_training" name="test_correlated_metric_orientation_units_and_quantile" time="0.009" /><testcase classname="tests.test_neutra_scale_aware_training" name="test_policy_cannot_weaken_required_staging_or_unbound_work[release_boundaries-value0]" time="0.001" /><testcase classname="tests.test_neutra_scale_aware_training" name="test_policy_cannot_weaken_required_staging_or_unbound_work[release_boundaries-value1]" time="0.000" /><testcase classname="tests.test_neutra_scale_aware_training" name="test_policy_cannot_weaken_required_staging_or_unbound_work[maximum_halvings-31]" time="0.000" /><testcase classname="tests.test_neutra_scale_aware_training" name="test_policy_cannot_weaken_required_staging_or_unbound_work[training_batch_size-1]" time="0.000" /><testcase classname="tests.test_neutra_scale_aware_training" name="test_inactive_stages_include_hidden_tensors_and_nonzero_momentum" time="3.740" /><testcase classname="tests.test_neutra_scale_aware_training" name="test_external_target_binding_failure_stops_and_rolls_back[signature]" time="2.147" /><testcase classname="tests.test_neutra_scale_aware_training" name="test_external_target_binding_failure_stops_and_rolls_back[theta]" time="2.148" /><testcase classname="tests.test_neutra_scale_aware_training" name="test_external_target_binding_failure_stops_and_rolls_back[eligibility]" time="2.154" /><testcase classname="tests.test_neutra_scale_aware_training" name="test_external_target_binding_failure_stops_and_rolls_back[nan_score]" time="2.888" /><testcase classname="tests.test_neutra_scale_aware_training" name="test_candidate_exception_restores_and_remains_charged" time="3.830" /><testcase classname="tests.test_neutra_scale_aware_training" name="test_durable_commit_event_failure_restores_every_effectful_value" time="3.718" /><testcase classname="tests.test_neutra_scale_aware_training" name="test_budget_exhaustion_is_a_typed_rollback_without_candidate_target" time="4.426" /><testcase classname="tests.test_neutra_scale_aware_training" name="test_interrupted_restore_reproduces_exact_next_owned_draw_and_update" time="6.380" /><testcase classname="tests.test_neutra_scale_aware_training" name="test_invalid_checkpoint_never_partially_restores[hash]" time="3.598" /><testcase classname="tests.test_neutra_scale_aware_training" name="test_invalid_checkpoint_never_partially_restores[variable_order]" time="3.616" /><testcase classname="tests.test_neutra_scale_aware_training" name="test_invalid_checkpoint_never_partially_restores[nonfinite]" time="4.522" /><testcase classname="tests.test_neutra_scale_aware_training" name="test_invalid_checkpoint_never_partially_restores[target]" time="3.645" /><testcase classname="tests.test_neutra_scale_aware_training" name="test_invalid_checkpoint_never_partially_restores[seed]" time="3.625" /><testcase classname="tests.test_neutra_scale_aware_training" name="test_invalid_checkpoint_never_partially_restores[negative_slot]" time="3.602" /><testcase classname="tests.test_neutra_scale_aware_training" name="test_fixed_chunk_padding_matches_full_batch_gradient_and_single_adam" time="8.185" /><testcase classname="tests.test_neutra_scale_aware_training" name="test_healthy_and_damped_adam_moments_match_raw_canonical_gradient" time="8.063" /><testcase classname="tests.test_neutra_scale_aware_training" name="test_release_boundary_preserves_map_and_slots_and_advances_only_one_stage" time="10.914" /><testcase classname="tests.test_neutra_scale_aware_training" name="test_failed_independent_release_stops_without_mutating_map_or_slots" time="1.018" /><testcase classname="tests.test_neutra_scale_aware_training" name="test_fixed_shape_cpu_xla_map_and_raw_gradient_match_nonxla" time="1.808" /><testcase classname="tests.test_neutra_scale_aware_xla" name="test_compiled_transactions_match_reference_and_reuse_graphs" time="12.662" /><testcase classname="tests.test_neutra_scale_aware_xla" name="test_compiled_rejection_restores_all_optimizer_slots_and_variables" time="7.940" /><testcase classname="tests.test_neutra_scale_aware_xla" name="test_all_three_compiled_adam_stages_and_independent_releases" time="25.768" /><testcase classname="tests.test_neutra_scale_aware_xla" name="test_inverse_graph_uses_bounded_tensor_loop_at_dimension_142" time="0.250" /><testcase classname="tests.test_neutra_scale_aware_xla" name="test_compiled_width_exhaustion_preserves_state" time="7.424" /><testcase classname="tests.test_neutra_scale_aware_xla" name="test_prepared_stream_preserves_original_draws_and_does_not_mutate_state" time="1.180" /><testcase classname="tests.test_neutra_training_graph_contract" name="test_singleton_updates_are_rejected_before_any_state_change[direct]" time="0.010" /><testcase classname="tests.test_neutra_training_graph_contract" name="test_singleton_updates_are_rejected_before_any_state_change[external]" time="0.003" /><testcase classname="tests.test_neutra_training_graph_contract" name="test_singleton_updates_are_rejected_before_any_state_change[padded_singleton]" time="0.008" /><testcase classname="tests.test_neutra_training_graph_contract" name="test_singleton_updates_are_rejected_before_any_state_change[scalar_chunks]" time="0.003" /><testcase classname="tests.test_neutra_training_graph_contract" name="test_cache_eviction_preserves_updates_and_signatures_are_static" time="1.880" /><testcase classname="tests.test_neutra_training_graph_contract" name="test_static_targets_and_single_row_validation_remain_supported" time="0.467" /><testcase classname="tests.test_neutra_training_graph_contract" name="test_external_and_chunked_programs_have_explicit_signatures" time="0.602" /><testcase classname="tests.test_neutra_post_training" name="test_exact_gaussian_and_bad_scaling_are_measured_without_mutating_training[False]" time="1.981" /><testcase classname="tests.test_neutra_post_training" name="test_exact_gaussian_and_bad_scaling_are_measured_without_mutating_training[True]" time="2.683" /><testcase classname="tests.test_neutra_post_training" name="test_nonlinear_probe_includes_log_jacobian_score" time="0.515" /><testcase classname="tests.test_neutra_post_training" name="test_invalid_target_is_recorded_and_vetoes_trial[False]" time="0.734" /><testcase classname="tests.test_neutra_post_training" name="test_invalid_target_is_recorded_and_vetoes_trial[True]" time="0.767" /><testcase classname="tests.test_neutra_post_training" name="test_saturated_scale_and_continuous_clipping_are_repair_signals" time="0.817" /><testcase classname="tests.test_neutra_post_training" name="test_probe_cache_is_exact_map_bound_and_respects_budget" time="2.489" /><testcase classname="tests.test_neutra_post_training" name="test_consumer_rejects_absent_stale_or_invalid_report[missing]" time="0.894" /><testcase classname="tests.test_neutra_post_training" name="test_consumer_rejects_absent_stale_or_invalid_report[state]" time="0.837" /><testcase classname="tests.test_neutra_post_training" name="test_consumer_rejects_absent_stale_or_invalid_report[map]" time="0.860" /><testcase classname="tests.test_neutra_post_training" name="test_consumer_rejects_absent_stale_or_invalid_report[beta]" time="0.893" /><testcase classname="tests.test_neutra_post_training" name="test_consumer_rejects_absent_stale_or_invalid_report[invalid]" time="0.860" /><testcase classname="tests.test_neutra_post_training" name="test_consumer_rejects_absent_stale_or_invalid_report[short]" time="0.862" /><testcase classname="tests.test_neutra_post_training" name="test_consumer_rejects_absent_stale_or_invalid_report[partial]" time="0.871" /><testcase classname="tests.test_neutra_post_training" name="test_consumer_rejects_absent_stale_or_invalid_report[no_quantiles]" time="0.870" /><testcase classname="tests.test_neutra_post_training" name="test_standard_count_is_independent_of_small_map_parity_bank" time="0.001" /><testcase classname="tests.test_neutra_post_training" name="test_full_1000_point_xla_report_matches_independent_statistics" time="1.469" /><testcase classname="tests.test_neutra_post_training" name="test_partial_bank_resumes_saved_batches_and_cannot_issue_summary" time="3.365" /><testcase classname="tests.test_neutra_post_training" name="test_training_endpoint_uses_full_diagnostic_for_standard_role" time="1.184" /><testcase classname="tests.test_neutra_post_training" name="test_repair_summary_displays_full_distribution" time="0.861" /><testcase classname="tests.test_neutra_weighted_training" name="test_initial_transport_preserves_standard_normal_density" time="0.059" /><testcase classname="tests.test_neutra_weighted_training" name="test_zero_initialized_scale_linear_skip_preserves_identity" time="0.012" /><testcase classname="tests.test_neutra_weighted_training" name="test_scale_linear_skip_mask_is_strictly_autoregressive" time="0.004" /><testcase classname="tests.test_neutra_weighted_training" name="test_inverse_roundtrip_and_logdet_hold_after_parameter_perturbation" time="0.054" /><testcase classname="tests.test_neutra_weighted_training" name="test_stage_specific_scale_caps_preserve_roundtrip_and_scores" time="0.123" /><testcase classname="tests.test_neutra_weighted_training" name="test_scale_linear_skip_preserves_roundtrip_and_matches_autodiff_scores" time="0.123" /><testcase classname="tests.test_neutra_weighted_training" name="test_unbounded_scale_linear_exactly_represents_funnel_map" time="0.022" /><testcase classname="tests.test_neutra_weighted_training" name="test_campaign_architectures_contain_exact_funnel_map[1-100-full_reverse-stage_caps0]" time="0.374" /><testcase classname="tests.test_neutra_weighted_training" name="test_campaign_architectures_contain_exact_funnel_map[3-100-root_preserving_reverse-stage_caps1]" time="1.032" /><testcase classname="tests.test_neutra_weighted_training" name="test_campaign_architectures_contain_exact_funnel_map[3-100-full_reverse-stage_caps2]" time="1.012" /><testcase classname="tests.test_neutra_weighted_training" name="test_campaign_architectures_contain_exact_funnel_map[3-200-root_preserving_reverse-stage_caps3]" time="1.213" /><testcase classname="tests.test_neutra_weighted_training" name="test_unbounded_scale_linear_matches_autodiff_scores" time="0.124" /><testcase classname="tests.test_neutra_weighted_training" name="test_unbounded_scale_linear_config_and_variables_roundtrip" time="0.038" /><testcase classname="tests.test_neutra_weighted_training" name="test_permutation_policy_preserves_roundtrip_and_matches_autodiff_scores[full_reverse]" time="0.146" /><testcase classname="tests.test_neutra_weighted_training" name="test_permutation_policy_preserves_roundtrip_and_matches_autodiff_scores[root_preserving_reverse]" time="0.149" /><testcase classname="tests.test_neutra_weighted_training" name="test_root_preserving_permutation_keeps_root_and_reverses_children" time="0.020" /><testcase classname="tests.test_neutra_weighted_training" name="test_invalid_permutation_policy_fails_closed" time="0.000" /><testcase classname="tests.test_neutra_weighted_training" name="test_stage_specific_scale_caps_reject_invalid_values[stage_s_max0-match stages]" time="0.001" /><testcase classname="tests.test_neutra_weighted_training" name="test_stage_specific_scale_caps_reject_invalid_values[stage_s_max1-finite and positive]" time="0.000" /><testcase classname="tests.test_neutra_weighted_training" name="test_stage_scale_linear_skip_rejects_invalid_values[stage_scale_linear_skip0-match stages]" time="0.000" /><testcase classname="tests.test_neutra_weighted_training" name="test_stage_scale_linear_skip_rejects_invalid_values[stage_scale_linear_skip1-must be booleans]" time="0.000" /><testcase classname="tests.test_neutra_weighted_training" name="test_stage_unbounded_scale_linear_rejects_invalid_values[stage_unbounded_scale_linear0-match stages]" time="0.000" /><testcase classname="tests.test_neutra_weighted_training" name="test_stage_unbounded_scale_linear_rejects_invalid_values[stage_unbounded_scale_linear1-must be booleans]" time="0.000" /><testcase classname="tests.test_neutra_weighted_training" name="test_pre_cap_and_unbounded_scale_linear_are_mutually_exclusive" time="0.000" /><testcase classname="tests.test_neutra_weighted_training" name="test_weighted_loss_matches_manual_reduction_and_weight_diagnostics" time="0.595" /><testcase classname="tests.test_neutra_weighted_training" name="test_validation_accepts_distinct_static_partition_sizes" time="0.542" /><testcase classname="tests.test_neutra_weighted_training" name="test_validation_reuses_inverse_identity_without_changing_log_density" time="0.332" /><testcase classname="tests.test_neutra_weighted_training" name="test_weighted_gradient_matches_finite_difference" time="1.203" /><testcase classname="tests.test_neutra_weighted_training" name="test_xla_weighted_update_is_finite_and_replays_from_same_initialization" time="3.744" /><testcase classname="tests.test_neutra_weighted_training" name="test_invalid_weights_and_shapes_fail_closed" time="0.018" /><testcase classname="tests.test_neutra_weighted_training" name="test_matched_reverse_kl_comparator_uses_same_transport_and_xla" time="1.102" /><testcase classname="tests.test_neutra_weighted_training_dtype" name="test_elu_pullback_preserves_float64_dtype" time="0.073" /><testcase classname="tests.test_tempered_transport_ensemble" name="test_properness_receipt_rejects_missing_positive_variance" time="0.000" /><testcase classname="tests.test_tempered_transport_ensemble" name="test_bridge_endpoint_and_interior_score_decomposition" time="0.078" /><testcase classname="tests.test_tempered_transport_ensemble" name="test_affine_bank_is_not_an_averaged_map_and_is_permutation_invariant" time="0.011" /><testcase classname="tests.test_tempered_transport_ensemble" name="test_joint_mixture_loss_has_quadratic_transport_work_and_one_target_batch" time="0.037" /><testcase classname="tests.test_tempered_transport_ensemble" name="test_independent_reverse_kl_uses_fresh_batch_and_updates_once" time="0.288" /><testcase classname="tests.test_tempered_transport_ensemble" name="test_pullback_gaussianization_diagnostic_is_exact_for_gaussian_bridge" time="0.036" /><testcase classname="tests.test_tempered_transport_ensemble" name="test_chunked_pullback_diagnostic_matches_direct_rows" time="0.080" /><testcase classname="tests.test_tempered_transport_ensemble" name="test_chunked_pullback_diagnostic_rejects_singleton_and_nondivisor" time="0.001" /><testcase classname="tests.test_tempered_transport_ensemble" name="test_paired_reverse_kl_improvement_detects_worse_chart" time="0.039" /><testcase classname="tests.test_tempered_transport_ensemble" name="test_joint_trainer_reports_k_squared_work" time="1.802" /><testcase classname="tests.test_tempered_transport_ensemble" name="test_temperature_checkpoint_restores_fresh_exact_transport" time="0.314" /><testcase classname="tests.test_tempered_transport_ensemble" name="test_temperature_checkpoint_rejects_tamper_and_context_drift" time="0.039" /><testcase classname="tests.test_tempered_transport_ensemble" name="test_temperature_checkpoint_requires_complete_execution_scope" time="0.037" /><testcase classname="tests.test_tempered_transport_ensemble" name="test_preflight_uses_fixed_bank_and_rejects_single_row_batches" time="0.032" /><testcase classname="tests.test_tempered_transport_ensemble" name="test_runtime_sources_have_no_forbidden_row_mapping" time="0.001" /></testsuite></testsuites>