<?xml version="1.0" encoding="utf-8"?><testsuites name="pytest tests"><testsuite name="pytest" errors="0" failures="1" skipped="0" tests="8" time="170.525" timestamp="2026-09-24T02:55:56.720359+08:00" hostname="ubuntu-MZ72-HB2-00"><testcase classname="tests.test_hmc_candidate_set_execution" name="test_supported_frozen_transports_use_numerical_controller_and_durable_geometry[False-affine]" time="3.801"><failure message="AssertionError: [(1.1, 2, 'repair_step_higher', 0.8785966899459093, ()), (1.3, 2, 'repair_step_higher', 0.9702204800720726, ()), (1.5, 2, 'passed', 0.6581034048996839, ())]&#10;assert ()&#10; +  where () = HMCTuningCandidateSetResult(scope=HMCCandidateSetScope(scope_id='bridge-test', search_id='search-1', target_signature=...={'refinement_round': 0, 'gradient_work': 4896, 'elapsed_seconds': 3.6354528560768813, 'controller_policy_version': 3}).verified_candidate_ids">kind = 'affine', reuse = False
tmp_path = PosixPath('/tmp/pytest-of-ubuntu/pytest-697/test_supported_frozen_transpor0')

    @pytest.mark.parametrize("kind", ["affine", "dense_iaf", "configured_iaf", "configured_naf_dsf"])
    @pytest.mark.parametrize("reuse", [False, True])
    def test_supported_frozen_transports_use_numerical_controller_and_durable_geometry(kind, reuse, tmp_path):
        target = GaussianTarget()
        if kind == "affine":
            payload = {"schema": "bayesfilter.neutra.frozen_affine_diag.v1", "transport_id": "test-affine",
                "dimension": 2, "target_signature": target.adapter_signature(), "log_jacobian_available": True,
                "shift": [.2,-.1], "raw_scale": [.1,.05]}
        elif kind == "dense_iaf":
            from tests.test_dense_iaf_neutra_artifact_loader import _payload
            payload = _payload(target_signature=target.adapter_signature())
        else:
            from bayesfilter.inference.neutra_transport import NeuTraTransport, NeuTraTransportConfig
            config = (NeuTraTransportConfig.hoffman_author_iaf(2, conditional_scale_cap=2., seed=(47, 11))
                      if kind == "configured_iaf" else NeuTraTransportConfig.huang_dsf(
                          2, hidden_layers=(4,), stages=1, mixture_components=3, seed=(47, 11)))
            payload = NeuTraTransport(config).frozen_payload(target_signature=target.adapter_signature())
        binding = make_binding(mass_artifact=None, frozen_transport_payload=payload, start_coordinates="active",
                               config=execution_config(reuse_leapfrog_graphs=reuse))
        probes = tf.constant([[.2,-.5],[-.3,.4]], tf.float64)
        value, score = binding._active_adapter.log_prob_and_grad(probes)
        raw = binding.position_samples(probes)
        expected = target.log_prob_and_grad(raw)[0] + binding._active_adapter.log_abs_det_jacobian(probes)
        np.testing.assert_allclose(value, expected, rtol=1e-12, atol=1e-12)
        for index in range(2):
            offset = np.zeros((2,2)); offset[:,index] = 1e-5
            plus = binding._active_adapter.log_prob_and_grad(probes+offset)[0]
            minus = binding._active_adapter.log_prob_and_grad(probes-offset)[0]
            np.testing.assert_allclose(score[:,index], (plus-minus)/(2e-5), atol=1e-8)
        from bayesfilter.inference import tune_fixed_transport_hmc_kernel
        result = tune_fixed_transport_hmc_kernel(base_adapter=target, fixed_transport=binding.fixed_transport,
            initial_position=binding.initial_active_state, candidate_set_adapter=binding.typed_adapter,
            config=HMCControllerConfig(primary_l_grid=(2,3), epsilon_by_l=((2,(1.1,1.3,1.5)),(3,(1.1,1.3,1.5))),
                total_budget_units=40, repair_reserve_units=3)).result
&gt;       assert result.verified_candidate_ids, [(r.epsilon,r.exact_l,r.decision,r.acceptance,r.hard_vetoes) for r in result.verification_receipts]
E       AssertionError: [(1.1, 2, 'repair_step_higher', 0.8785966899459093, ()), (1.3, 2, 'repair_step_higher', 0.9702204800720726, ()), (1.5, 2, 'passed', 0.6581034048996839, ())]
E       assert ()
E        +  where () = HMCTuningCandidateSetResult(scope=HMCCandidateSetScope(scope_id='bridge-test', search_id='search-1', target_signature=...={'refinement_round': 0, 'gradient_work': 4896, 'elapsed_seconds': 3.6354528560768813, 'controller_policy_version': 3}).verified_candidate_ids

tests/test_hmc_candidate_set_execution.py:439: AssertionError</failure></testcase><testcase classname="tests.test_hmc_candidate_set_execution" name="test_supported_frozen_transports_use_numerical_controller_and_durable_geometry[False-dense_iaf]" time="21.745" /><testcase classname="tests.test_hmc_candidate_set_execution" name="test_supported_frozen_transports_use_numerical_controller_and_durable_geometry[False-configured_iaf]" time="32.666" /><testcase classname="tests.test_hmc_candidate_set_execution" name="test_supported_frozen_transports_use_numerical_controller_and_durable_geometry[False-configured_naf_dsf]" time="33.490" /><testcase classname="tests.test_hmc_candidate_set_execution" name="test_supported_frozen_transports_use_numerical_controller_and_durable_geometry[True-affine]" time="6.751" /><testcase classname="tests.test_hmc_candidate_set_execution" name="test_supported_frozen_transports_use_numerical_controller_and_durable_geometry[True-dense_iaf]" time="18.304" /><testcase classname="tests.test_hmc_candidate_set_execution" name="test_supported_frozen_transports_use_numerical_controller_and_durable_geometry[True-configured_iaf]" time="24.369" /><testcase classname="tests.test_hmc_candidate_set_execution" name="test_supported_frozen_transports_use_numerical_controller_and_durable_geometry[True-configured_naf_dsf]" time="26.444" /></testsuite></testsuites>