<?xml version="1.0" encoding="utf-8"?><testsuites name="pytest tests"><testsuite name="pytest" errors="0" failures="0" skipped="0" tests="6" time="23.760" timestamp="2026-09-24T03:09:20.464433+08:00" hostname="ubuntu-MZ72-HB2-00"><testcase classname="tests.test_neutra_scale_aware_training" name="test_invalid_checkpoint_never_partially_restores[hash]" time="3.830" /><testcase classname="tests.test_neutra_scale_aware_training" name="test_invalid_checkpoint_never_partially_restores[variable_order]" time="3.532" /><testcase classname="tests.test_neutra_scale_aware_training" name="test_invalid_checkpoint_never_partially_restores[nonfinite]" time="3.545" /><testcase classname="tests.test_neutra_scale_aware_training" name="test_invalid_checkpoint_never_partially_restores[target]" time="3.939" /><testcase classname="tests.test_neutra_scale_aware_training" name="test_invalid_checkpoint_never_partially_restores[seed]" time="3.544" /><testcase classname="tests.test_neutra_scale_aware_training" name="test_invalid_checkpoint_never_partially_restores[negative_slot]" time="3.539" /></testsuite></testsuites>