<?xml version="1.0" encoding="utf-8"?><testsuites name="pytest tests"><testsuite name="pytest" errors="0" failures="1" skipped="0" tests="32" time="17.371" timestamp="2026-09-24T03:37:40.431537+08:00" hostname="ubuntu-MZ72-HB2-00"><testcase classname="tests.inference_validation.test_reference_mean" name="test_independent_variance_against_tensorflow[iid]" time="0.109" /><testcase classname="tests.inference_validation.test_reference_mean" name="test_independent_variance_against_tensorflow[persistent]" time="0.008" /><testcase classname="tests.inference_validation.test_reference_mean" name="test_independent_variance_against_tensorflow[antithetic]" time="0.007" /><testcase classname="tests.inference_validation.test_reference_mean" name="test_independent_variance_against_tensorflow[ties]" time="0.003" /><testcase classname="tests.inference_validation.test_reference_mean" name="test_independent_variance_against_tensorflow[negative]" time="0.028" /><testcase classname="tests.inference_validation.test_reference_mean" name="test_independent_variance_against_tensorflow[constant]" time="0.003" /><testcase classname="tests.inference_validation.test_reference_mean" name="test_insufficient_batches_are_unavailable" time="0.001" /><testcase classname="tests.inference_validation.test_reference_mean" name="test_reference_independent_of_shifted_draws_and_runtime_mcse" time="0.028" /><testcase classname="tests.inference_validation.test_reference_mean" name="test_unqualified_fits_cannot_be_detections[warmup_cap_hit]" time="0.003" /><testcase classname="tests.inference_validation.test_reference_mean" name="test_unqualified_fits_cannot_be_detections[retained_cap_hit]" time="0.003" /><testcase classname="tests.inference_validation.test_reference_mean" name="test_unqualified_fits_cannot_be_detections[hard_vetoes]" time="0.003" /><testcase classname="tests.inference_validation.test_reference_mean" name="test_unqualified_fits_cannot_be_detections[passed]" time="0.003" /><testcase classname="tests.inference_validation.test_reference_mean" name="test_unqualified_fits_cannot_be_detections[warmup_exclusion]" time="0.003" /><testcase classname="tests.inference_validation.test_reference_mean" name="test_empty_selection_and_changed_member_rule" time="0.003" /><testcase classname="tests.inference_validation.test_reference_mean" name="test_complete_denominators_and_exact_screen_boundaries" time="0.054" /><testcase classname="tests.inference_validation.test_reference_mean" name="test_duplicate_corrupt_and_changed_policy_records_fail" time="0.001" /><testcase classname="tests.inference_validation.test_reference_mean" name="test_design_binds_estimator_scale_selection_and_data" time="0.003" /><testcase classname="tests.inference_validation.test_reference_mean" name="test_public_full_fit_and_cached_policy_identity" time="14.966"><failure message="AssertionError: assert {'alarms': 0,...n': True, ...} == {'alarms': 0,...n': True, ...}&#10;  &#10;  Omitting 27 identical items, use -vv to show&#10;  Differing items:&#10;  {'records': [{'alarm': False, 'alpha': 0.01, 'candidate_id': 'inference_validation:f4a8780a08030117136d:candidate:000001', 'cutoff': 2.5758293035489004, ...}]} != {'records': [{'alarm': False, 'alpha': 0.01, 'candidate_id': 'inference_validation:f4a8780a08030117136d:candidate:000001', 'cutoff': 2.5758293035489004, ...}]}&#10;  Use -v to get more diff">design = &lt;function design.&lt;locals&gt;.make at 0x76cf01de00e0&gt;
tmp_path = PosixPath('/tmp/pytest-of-ubuntu/pytest-707/test_public_full_fit_and_cache0')

    def test_public_full_fit_and_cached_policy_identity(design, tmp_path):
        # Explicitly small CPU mechanics integration. Broad scientific calibration
        # uses the native-search campaign, not these permissive acceptance settings.
        base = normal_design(design)
        d = replace(base, budget_seconds=240, mcse_tolerance=.2, l_grid=(3, 5), options={
            **base.options, "reference_mean_alarm":{"mcse_sd_max":.5},
            "bootstrap_initialization_rounds":5, "metric_evidence_policy":"finite_window",
            "metric_probe_num_results":16, "preparation_max_restarts":1,
            "acceptance_policy":{"practical_region":(.41,.99), "repair_region":(.405,.995)},
            "search":{"pilot_enabled":False, "refinement_rounds":0,
                      "total_budget_units":32, "repair_reserve_units":4, "evidence_rungs":(1,)}})
        report = engine.run(d, tmp_path)
        assert report["recorded"] == report["planned"] == 1
        row = report["records"][0]
        pipeline = read_json(tmp_path / "replication-0000/pipeline.json")
        assert row["data"] == pipeline["data"] and len(row["data"]) == 6
        assert row["reference_mean"] == pytest.approx(sum(row["data"])/6.25)
        assert pipeline["verified_candidate_ids"]
        assert row["candidate_id"] == sorted(pipeline["verified_candidate_ids"])[0]
        assert row["status"] == "qualified"
        again = engine.run(d, tmp_path)
&gt;       assert again == report
E       AssertionError: assert {'alarms': 0,...n': True, ...} == {'alarms': 0,...n': True, ...}
E         
E         Omitting 27 identical items, use -vv to show
E         Differing items:
E         {'records': [{'alarm': False, 'alpha': 0.01, 'candidate_id': 'inference_validation:f4a8780a08030117136d:candidate:000001', 'cutoff': 2.5758293035489004, ...}]} != {'records': [{'alarm': False, 'alpha': 0.01, 'candidate_id': 'inference_validation:f4a8780a08030117136d:candidate:000001', 'cutoff': 2.5758293035489004, ...}]}
E         Use -v to get more diff

tests/inference_validation/test_reference_mean.py:181: AssertionError</failure></testcase><testcase classname="tests.inference_validation.test_normal_endpoint" name="test_conjugate_reference_and_independent_test_formulas" time="0.001" /><testcase classname="tests.inference_validation.test_normal_endpoint" name="test_location_and_variance_adversaries_and_noop" time="0.011" /><testcase classname="tests.inference_validation.test_normal_endpoint" name="test_missing_invalid_and_duplicate_records_cannot_be_detections" time="0.001" /><testcase classname="tests.inference_validation.test_normal_endpoint" name="test_pipeline_output_rule_and_caps" time="0.006" /><testcase classname="tests.inference_validation.test_full_fit_mutations" name="test_translation_has_declared_normal_mode_curvature_and_density[0.0]" time="0.106" /><testcase classname="tests.inference_validation.test_full_fit_mutations" name="test_translation_has_declared_normal_mode_curvature_and_density[0.25]" time="0.056" /><testcase classname="tests.inference_validation.test_full_fit_mutations" name="test_translation_has_declared_normal_mode_curvature_and_density[0.5]" time="0.057" /><testcase classname="tests.inference_validation.test_full_fit_mutations" name="test_translation_has_declared_normal_mode_curvature_and_density[-0.5]" time="0.056" /><testcase classname="tests.inference_validation.test_full_fit_mutations" name="test_unactivated_mutation_is_rejected[gaussian-None-0.5]" time="0.001" /><testcase classname="tests.inference_validation.test_full_fit_mutations" name="test_unactivated_mutation_is_rejected[normal_conjugate-None-0.5]" time="0.000" /><testcase classname="tests.inference_validation.test_full_fit_mutations" name="test_unactivated_mutation_is_rejected[normal_conjugate-data2-None]" time="0.000" /><testcase classname="tests.inference_validation.test_full_fit_mutations" name="test_unactivated_mutation_is_rejected[normal_conjugate-data3-nan]" time="0.000" /><testcase classname="tests.inference_validation.test_full_fit_mutations" name="test_reference_route_cannot_silently_ignore_translation" time="0.000" /><testcase classname="tests.inference_validation.test_full_fit_mutations" name="test_public_ordinary_preparation_receives_translated_target" time="0.102" /></testsuite></testsuites>