<?xml version="1.0" encoding="utf-8"?><testsuites name="pytest tests"><testsuite name="pytest" errors="0" failures="0" skipped="0" tests="56" time="29.903" timestamp="2026-09-11T01:35:10.731924+08:00" hostname="ubuntu-MZ72-HB2-00"><testcase classname="tests.test_ssl_lstm_q20_phase9b_recovery_runtime" name="test_actual_shared_controller_checkpoint_replay_matches_uninterrupted" time="2.869" /><testcase classname="tests.test_ssl_lstm_q20_phase9b_recovery_runtime" name="test_complete_health_rejects_invalid_traces[state]" time="0.012" /><testcase classname="tests.test_ssl_lstm_q20_phase9b_recovery_runtime" name="test_complete_health_rejects_invalid_traces[target]" time="0.005" /><testcase classname="tests.test_ssl_lstm_q20_phase9b_recovery_runtime" name="test_complete_health_rejects_invalid_traces[acceptance]" time="0.004" /><testcase classname="tests.test_ssl_lstm_q20_phase9b_recovery_runtime" name="test_complete_health_rejects_invalid_traces[status]" time="0.004" /><testcase classname="tests.test_ssl_lstm_q20_phase9b_recovery_runtime" name="test_complete_health_rejects_invalid_traces[score]" time="0.004" /><testcase classname="tests.test_ssl_lstm_q20_phase9b_recovery_runtime" name="test_complete_health_rejects_invalid_traces[movement]" time="0.005" /><testcase classname="tests.test_ssl_lstm_q20_phase9b_recovery_runtime" name="test_complete_health_rejects_invalid_traces[floor]" time="0.006" /><testcase classname="tests.test_ssl_lstm_q20_phase9b_recovery_runtime" name="test_complete_health_rejects_invalid_traces[eigen]" time="0.005" /><testcase classname="tests.test_ssl_lstm_q20_phase9b_recovery_runtime" name="test_health_requires_complete_status_and_finite_extremes_are_not_divergences" time="0.005" /><testcase classname="tests.test_ssl_lstm_q20_phase9b_recovery_runtime" name="test_typed_tuning_checkpoint_round_trips_nonfinite_diagnostic_values[nan]" time="0.031" /><testcase classname="tests.test_ssl_lstm_q20_phase9b_recovery_runtime" name="test_typed_tuning_checkpoint_round_trips_nonfinite_diagnostic_values[inf]" time="0.018" /><testcase classname="tests.test_ssl_lstm_q20_phase9b_recovery_runtime" name="test_typed_tuning_checkpoint_round_trips_nonfinite_diagnostic_values[-inf]" time="0.018" /><testcase classname="tests.test_ssl_lstm_q20_phase9b_recovery_runtime" name="test_legacy_finite_tuning_checkpoint_retains_public_hash" time="0.017" /><testcase classname="tests.test_ssl_lstm_q20_phase9b_recovery_runtime" name="test_typed_tuning_rejects_changed_veto_and_invalid_markers" time="0.004" /><testcase classname="tests.test_ssl_lstm_q20_phase9b_recovery_runtime" name="test_degenerate_tail_ess_remains_a_hard_veto" time="0.157" /><testcase classname="tests.test_ssl_lstm_q20_phase9b_recovery_runtime" name="test_forecast_uses_eight_hour_cap_and_rejects_short_fixture" time="0.000" /><testcase classname="tests.test_ssl_lstm_q20_phase9b_recovery_runtime" name="test_partial_round_trip_movement_counts_as_movement" time="0.004" /><testcase classname="tests.test_ssl_lstm_q20_phase9b_recovery_runtime" name="test_lost_parent_reconciliation_preserves_budget_and_is_idempotent[False-False-0.0]" time="0.005" /><testcase classname="tests.test_ssl_lstm_q20_phase9b_recovery_runtime" name="test_lost_parent_reconciliation_preserves_budget_and_is_idempotent[True-False-100.0]" time="0.003" /><testcase classname="tests.test_ssl_lstm_q20_phase9b_recovery_runtime" name="test_lost_parent_reconciliation_preserves_budget_and_is_idempotent[True-True-12.5]" time="0.003" /><testcase classname="tests.test_ssl_lstm_q20_phase9b_recovery_runtime" name="test_retry_reuses_successful_sibling_and_selects_pending_gpu[False]" time="0.015" /><testcase classname="tests.test_ssl_lstm_q20_phase9b_recovery_runtime" name="test_retry_reuses_successful_sibling_and_selects_pending_gpu[True]" time="0.011" /><testcase classname="tests.test_ssl_lstm_q20_phase9b_recovery_runtime" name="test_actual_p1_replays_third_fourth_and_first_retained_chunks[2]" time="3.336" /><testcase classname="tests.test_ssl_lstm_q20_phase9b_recovery_runtime" name="test_actual_p1_replays_third_fourth_and_first_retained_chunks[3]" time="3.380" /><testcase classname="tests.test_ssl_lstm_q20_phase9b_recovery_runtime" name="test_actual_p1_replays_third_fourth_and_first_retained_chunks[4]" time="3.270" /><testcase classname="tests.test_ssl_lstm_q20_phase9b_recovery_runtime" name="test_p1_graceful_partial_resume_versions_cumulative_archives" time="2.030" /><testcase classname="tests.test_ssl_lstm_q20_phase9b_recovery_runtime" name="test_p1_warmup_failure_is_a_terminal_candidate_result" time="1.058" /><testcase classname="tests.test_ssl_lstm_q20_phase9b_recovery_runtime" name="test_initialization_adopts_unused_ledger_without_new_allocation" time="0.422" /><testcase classname="tests.test_ssl_lstm_q20_phase9b_recovery_runtime" name="test_source_migration_preserves_start_and_spent_ledger" time="0.444" /><testcase classname="tests.test_ssl_lstm_q20_phase9b_recovery_runtime" name="test_source_migration_rejects_unbound_changes_without_spending[missing]" time="0.444" /><testcase classname="tests.test_ssl_lstm_q20_phase9b_recovery_runtime" name="test_source_migration_rejects_unbound_changes_without_spending[malformed]" time="0.441" /><testcase classname="tests.test_ssl_lstm_q20_phase9b_recovery_runtime" name="test_source_migration_rejects_unbound_changes_without_spending[to_sources]" time="0.444" /><testcase classname="tests.test_ssl_lstm_q20_phase9b_recovery_runtime" name="test_source_migration_rejects_unbound_changes_without_spending[from_sources]" time="0.446" /><testcase classname="tests.test_ssl_lstm_q20_phase9b_recovery_runtime" name="test_source_migration_rejects_unbound_changes_without_spending[changed_paths]" time="0.445" /><testcase classname="tests.test_ssl_lstm_q20_phase9b_recovery_runtime" name="test_source_migration_rejects_unbound_changes_without_spending[plan_hash]" time="0.446" /><testcase classname="tests.test_ssl_lstm_q20_phase9b_recovery_runtime" name="test_source_migration_rejects_unbound_changes_without_spending[claim_boundary]" time="0.444" /><testcase classname="tests.test_ssl_lstm_q20_phase9b_recovery_runtime" name="test_source_migration_rejects_unbound_changes_without_spending[serializer_only]" time="0.443" /><testcase classname="tests.test_ssl_lstm_q20_phase9b_recovery_runtime" name="test_source_migration_rejects_unbound_changes_without_spending[scientific_contract_unchanged]" time="0.444" /><testcase classname="tests.test_ssl_lstm_q20_phase9b_recovery_runtime" name="test_source_migration_rejects_unbound_changes_without_spending[numerical_change]" time="0.445" /><testcase classname="tests.test_ssl_lstm_q20_phase9b_recovery_runtime" name="test_source_migration_rejects_unbound_changes_without_spending[plan_change]" time="0.443" /><testcase classname="tests.test_ssl_lstm_q20_phase9b_recovery_runtime" name="test_initialization_recovers_after_each_atomic_write[campaign-initialization.json]" time="0.436" /><testcase classname="tests.test_ssl_lstm_q20_phase9b_recovery_runtime" name="test_initialization_recovers_after_each_atomic_write[campaign_budget_ledger.json]" time="0.442" /><testcase classname="tests.test_ssl_lstm_q20_phase9b_recovery_runtime" name="test_initialization_recovers_after_each_atomic_write[campaign-start.json]" time="0.435" /><testcase classname="tests.test_ssl_lstm_q20_phase9b_recovery_runtime" name="test_initialization_rejects_used_wrong_or_malformed_ledger_without_mutation[consumed_seconds-1]" time="0.434" /><testcase classname="tests.test_ssl_lstm_q20_phase9b_recovery_runtime" name="test_initialization_rejects_used_wrong_or_malformed_ledger_without_mutation[total_budget_seconds-172800]" time="0.435" /><testcase classname="tests.test_ssl_lstm_q20_phase9b_recovery_runtime" name="test_initialization_rejects_used_wrong_or_malformed_ledger_without_mutation[campaign_id-different-campaign]" time="0.436" /><testcase classname="tests.test_ssl_lstm_q20_phase9b_recovery_runtime" name="test_initialization_rejects_used_wrong_or_malformed_ledger_without_mutation[schema-invalid]" time="0.431" /><testcase classname="tests.test_ssl_lstm_q20_phase9b_recovery_runtime" name="test_p1_allocations_require_canary_caps_and_aggregate_budget" time="0.001" /><testcase classname="tests.test_ssl_lstm_q20_phase9b_recovery_runtime" name="test_diagnostic_and_p1_seed_families_are_disjoint" time="0.002" /><testcase classname="tests.test_ssl_lstm_q20_phase9b_recovery_runtime" name="test_postrun_verification_checks_nested_tensors" time="0.022" /><testcase classname="tests.test_ssl_lstm_q20_phase9b_recovery_runtime" name="test_coordinator_runs_canary_runtime_then_measured_parallel_p1" time="0.458" /><testcase classname="tests.test_ssl_lstm_q20_phase9b_recovery_runtime" name="test_wave_rejects_invalid_per_arm_allocations_before_spending[nan]" time="0.441" /><testcase classname="tests.test_ssl_lstm_q20_phase9b_recovery_runtime" name="test_wave_rejects_invalid_per_arm_allocations_before_spending[inf]" time="0.433" /><testcase classname="tests.test_ssl_lstm_q20_phase9b_recovery_runtime" name="test_wave_rejects_invalid_per_arm_allocations_before_spending[30]" time="0.439" /><testcase classname="tests.test_ssl_lstm_q20_phase9b_recovery_runtime" name="test_wave_rejects_invalid_per_arm_allocations_before_spending[28801]" time="0.437" /></testsuite></testsuites>