<?xml version="1.0" encoding="utf-8"?><testsuites name="pytest tests"><testsuite name="pytest" errors="0" failures="0" skipped="0" tests="3" time="19.019" timestamp="2026-09-11T15:27:36.383951+08:00" hostname="ubuntu-MZ72-HB2-00"><testcase classname="tests.test_principal_sqrt_eigen_refinement_tf" name="test_refined_eigh_fails_closed_when_sweeps_do_not_converge" time="0.083" /><testcase classname="tests.test_principal_sqrt_eigen_refinement_tf" name="test_phase9b_fixed_preflight_row_converges_without_relaxing_status[tensorflow_eigh_strict]" time="11.480" /><testcase classname="tests.test_principal_sqrt_eigen_refinement_tf" name="test_phase9b_fixed_preflight_row_converges_without_relaxing_status[tensorflow_eigh_strict_factor_cached]" time="5.458" /></testsuite></testsuites>