<?xml version="1.0" encoding="utf-8"?><testsuites name="pytest tests"><testsuite name="pytest" errors="0" failures="2" skipped="0" tests="2" time="17.605" timestamp="2026-09-11T12:15:52.331144+08:00" hostname="ubuntu-MZ72-HB2-00"><testcase classname="tests.test_principal_sqrt_eigen_refinement_tf" name="test_phase9b_fixed_preflight_row_converges_without_relaxing_status[tensorflow_eigh_strict]" time="10.592"><failure message="AssertionError: &#10;Arrays are not equal&#10;&#10;Mismatched elements: 1 / 1 (100%)&#10; ACTUAL: array([False])&#10; DESIRED: array([ True])">tests/test_principal_sqrt_eigen_refinement_tf.py:90: in test_phase9b_fixed_preflight_row_converges_without_relaxing_status
    np.testing.assert_array_equal(status["valid_pre_regularized_score"].numpy(), [True])
../../anaconda3/envs/tfgpu/lib/python3.13/site-packages/numpy/_utils/__init__.py:85: in wrapper
    return fun(*args, **kwargs)
           ^^^^^^^^^^^^^^^^^^^^
../../anaconda3/envs/tfgpu/lib/python3.13/contextlib.py:85: in inner
    return func(*args, **kwds)
           ^^^^^^^^^^^^^^^^^^^
E   AssertionError: 
E   Arrays are not equal
E   
E   Mismatched elements: 1 / 1 (100%)
E    ACTUAL: array([False])
E    DESIRED: array([ True])</failure></testcase><testcase classname="tests.test_principal_sqrt_eigen_refinement_tf" name="test_phase9b_fixed_preflight_row_converges_without_relaxing_status[tensorflow_eigh_strict_factor_cached]" time="4.783"><failure message="AssertionError: &#10;Arrays are not equal&#10;&#10;Mismatched elements: 1 / 1 (100%)&#10; ACTUAL: array([False])&#10; DESIRED: array([ True])">tests/test_principal_sqrt_eigen_refinement_tf.py:90: in test_phase9b_fixed_preflight_row_converges_without_relaxing_status
    np.testing.assert_array_equal(status["valid_pre_regularized_score"].numpy(), [True])
../../anaconda3/envs/tfgpu/lib/python3.13/site-packages/numpy/_utils/__init__.py:85: in wrapper
    return fun(*args, **kwargs)
           ^^^^^^^^^^^^^^^^^^^^
../../anaconda3/envs/tfgpu/lib/python3.13/contextlib.py:85: in inner
    return func(*args, **kwds)
           ^^^^^^^^^^^^^^^^^^^
E   AssertionError: 
E   Arrays are not equal
E   
E   Mismatched elements: 1 / 1 (100%)
E    ACTUAL: array([False])
E    DESIRED: array([ True])</failure></testcase></testsuite></testsuites>