<?xml version="1.0" encoding="utf-8"?><testsuites name="pytest tests"><testsuite name="pytest" errors="0" failures="0" skipped="0" tests="53" time="133.040" timestamp="2026-09-16T22:35:54.794067+08:00" hostname="ubuntu-MZF2-AC0-00"><testcase classname="tests.test_kalman_covariance_derivatives_tf" name="test_covariance_kernel_is_public_and_not_experimental" time="0.004" /><testcase classname="tests.test_kalman_covariance_derivatives_tf" name="test_covariance_kernel_supports_positive_semidefinite_state_covariances" time="0.780" /><testcase classname="tests.test_kalman_covariance_derivatives_tf" name="test_experimental_compatibility_name_matches_reviewed_kernel" time="0.633" /><testcase classname="tests.test_kalman_covariance_derivatives_tf" name="test_covariance_kernel_target_only_xla_parity" time="0.368" /><testcase classname="tests.test_experimental_batched_linear_kalman_tf" name="test_experimental_batched_kalman_value_matches_scalar_rows" time="3.174" /><testcase classname="tests.test_experimental_batched_linear_kalman_tf" name="test_experimental_batched_kalman_filtered_states_match_scalar_rows" time="0.539" /><testcase classname="tests.test_experimental_batched_linear_kalman_tf" name="test_experimental_batched_kalman_value_and_score_matches_scalar_qr_score" time="0.511" /><testcase classname="tests.test_experimental_batched_linear_kalman_tf" name="test_experimental_batched_kalman_value_and_score_supports_singleton_batch" time="0.496" /><testcase classname="tests.test_experimental_batched_linear_kalman_tf" name="test_experimental_batched_kalman_row_permutation_preserves_order" time="0.022" /><testcase classname="tests.test_experimental_batched_linear_kalman_tf" name="test_experimental_batched_kalman_score_matches_tape_jacobian_reference" time="2.190" /><testcase classname="tests.test_experimental_batched_linear_kalman_tf" name="test_experimental_batched_kalman_graph_and_cpu_xla_parity" time="1.126" /><testcase classname="tests.test_experimental_batched_linear_kalman_tf" name="test_experimental_batched_kalman_shape_mismatch_fails_closed" time="0.103" /><testcase classname="tests.test_experimental_batched_linear_kalman_tf" name="test_experimental_batched_kalman_cpu_only_hides_gpu" time="0.000" /><testcase classname="tests.test_sigma_points_tf" name="test_cubature_rule_reproduces_standard_normal_first_two_moments" time="0.008" /><testcase classname="tests.test_sigma_points_tf" name="test_unscented_rule_reproduces_standard_normal_first_two_moments" time="0.003" /><testcase classname="tests.test_sigma_points_tf" name="test_svd_placement_stays_on_rank_deficient_support" time="0.010" /><testcase classname="tests.test_sigma_points_tf" name="test_svd_placement_reports_implemented_floored_covariance" time="0.003" /><testcase classname="tests.test_sigma_points_tf" name="test_nonlinear_sigma_point_module_does_not_import_numpy_or_call_dot_numpy" time="0.000" /><testcase classname="tests.test_nonlinear_sigma_point_scores_tf" name="test_svd_sigma_point_analytic_score_matches_finite_difference[tf_svd_cubature_score-cubature-tf_svd_cubature_score]" time="3.586" /><testcase classname="tests.test_nonlinear_sigma_point_scores_tf" name="test_svd_sigma_point_analytic_score_matches_finite_difference[tf_svd_ukf_score-unscented-tf_svd_ukf_score]" time="5.013" /><testcase classname="tests.test_nonlinear_sigma_point_scores_tf" name="test_svd_sigma_point_analytic_score_matches_finite_difference[tf_principal_sqrt_ukf_score-unscented-tf_principal_sqrt_ukf_score]" time="5.286" /><testcase classname="tests.test_nonlinear_sigma_point_scores_tf" name="test_svd_cut4_analytic_score_matches_finite_difference_and_oracle_score" time="3.922" /><testcase classname="tests.test_nonlinear_sigma_point_scores_tf" name="test_svd_cut4_analytic_score_blocks_active_floor" time="0.966" /><testcase classname="tests.test_nonlinear_sigma_point_scores_tf" name="test_svd_cut4_analytic_score_blocks_weak_spectral_gap" time="0.974" /><testcase classname="tests.test_nonlinear_sigma_point_scores_tf" name="test_svd_cubature_analytic_score_graph_parity" time="5.112" /><testcase classname="tests.test_nonlinear_sigma_point_scores_tf" name="test_model_b_analytic_score_matches_finite_difference[tf_svd_cubature_score-tf_svd_cubature]" time="3.466" /><testcase classname="tests.test_nonlinear_sigma_point_scores_tf" name="test_model_b_analytic_score_matches_finite_difference[tf_svd_ukf_score-tf_svd_ukf]" time="3.479" /><testcase classname="tests.test_nonlinear_sigma_point_scores_tf" name="test_model_b_analytic_score_matches_finite_difference[tf_svd_cut4_score-tf_svd_cut4]" time="3.524" /><testcase classname="tests.test_nonlinear_sigma_point_scores_tf" name="test_model_c_smooth_phase_analytic_score_matches_finite_difference[tf_svd_cubature_score-tf_svd_cubature]" time="3.903" /><testcase classname="tests.test_nonlinear_sigma_point_scores_tf" name="test_model_c_smooth_phase_analytic_score_matches_finite_difference[tf_svd_ukf_score-tf_svd_ukf]" time="3.437" /><testcase classname="tests.test_nonlinear_sigma_point_scores_tf" name="test_model_c_smooth_phase_analytic_score_matches_finite_difference[tf_svd_cut4_score-tf_svd_cut4]" time="3.468" /><testcase classname="tests.test_nonlinear_sigma_point_scores_tf" name="test_model_c_default_zero_phase_variance_blocks_smooth_score_branch" time="0.968" /><testcase classname="tests.test_nonlinear_sigma_point_scores_tf" name="test_model_c_default_structural_fixed_support_score_matches_finite_difference[tf_svd_cubature_score-tf_svd_cubature]" time="3.545" /><testcase classname="tests.test_nonlinear_sigma_point_scores_tf" name="test_model_c_default_structural_fixed_support_score_matches_finite_difference[tf_svd_ukf_score-tf_svd_ukf]" time="3.520" /><testcase classname="tests.test_nonlinear_sigma_point_scores_tf" name="test_model_c_default_structural_fixed_support_score_matches_finite_difference[tf_svd_cut4_score-tf_svd_cut4]" time="4.009" /><testcase classname="tests.test_nonlinear_sigma_point_scores_tf" name="test_model_c_structural_fixed_support_blocks_positive_placement_floor" time="1.002" /><testcase classname="tests.test_nonlinear_sigma_point_scores_tf" name="test_model_c_structural_fixed_support_blocks_moving_null_covariance" time="1.010" /><testcase classname="tests.test_structural_svd_sigma_point_tf" name="test_structural_svd_cubature_matches_linear_qr_on_affine_lgssm" time="0.694" /><testcase classname="tests.test_structural_svd_sigma_point_tf" name="test_structural_svd_ukf_matches_linear_qr_on_affine_lgssm" time="0.662" /><testcase classname="tests.test_structural_svd_sigma_point_tf" name="test_structural_svd_sigma_points_preserve_deterministic_completion_support" time="0.007" /><testcase classname="tests.test_structural_svd_sigma_point_tf" name="test_structural_svd_sigma_point_static_shape_graph_reuse" time="1.805" /><testcase classname="tests.test_structural_svd_sigma_point_tf" name="test_structural_svd_sigma_point_reports_rank_deficient_placement" time="0.407" /><testcase classname="tests.test_actual_sv_srukf_tf" name="test_actual_sv_srukf_admitted_module_passes_route_guard" time="0.001" /><testcase classname="tests.test_actual_sv_srukf_tf" name="test_actual_sv_srukf_short_prefix_finite_and_dimensioned" time="1.865" /><testcase classname="tests.test_actual_sv_srukf_tf" name="test_actual_sv_srukf_t1_score_matches_centered_finite_difference" time="5.227" /><testcase classname="tests.test_actual_sv_srukf_tf" name="test_actual_sv_srukf_same_scalar_score_matches_centered_finite_difference" time="8.168" /><testcase classname="tests.test_actual_sv_srukf_tf" name="test_actual_sv_srukf_parameterization_rejects_free_sigma_score" time="1.003" /><testcase classname="tests.test_ssl_lstm_sgqf_ukf_adapters" name="test_ssl_lstm_parameter_layout_matches_phase1_config" time="0.010" /><testcase classname="tests.test_ssl_lstm_sgqf_ukf_adapters" name="test_ssl_lstm_hand_transition_derivatives_match_finite_difference" time="0.183" /><testcase classname="tests.test_ssl_lstm_sgqf_ukf_adapters" name="test_ssl_lstm_hand_observation_derivatives_match_finite_difference" time="0.033" /><testcase classname="tests.test_ssl_lstm_sgqf_ukf_adapters" name="test_ssl_lstm_fixed_sgqf_score_is_finite_deterministic_and_matches_fd_subset" time="16.936" /><testcase classname="tests.test_ssl_lstm_sgqf_ukf_adapters" name="test_ssl_lstm_svd_ukf_score_is_finite_deterministic_and_matches_fd_subset" time="18.497" /><testcase classname="tests.test_ssl_lstm_sgqf_ukf_adapters" name="test_ssl_lstm_transition_and_jacobian_xla_smoke" time="1.760" /></testsuite></testsuites>