<?xml version="1.0" encoding="utf-8"?><testsuites name="pytest tests"><testsuite name="pytest" errors="0" failures="0" skipped="0" tests="19" time="62.618" timestamp="2026-09-16T23:17:33.134172+08:00" hostname="ubuntu-MZF2-AC0-00"><testcase classname="tests.test_ksc_ukf_neutra_target" name="test_p3_admission_audit_points_are_frozen_float64" time="0.016" /><testcase classname="tests.test_ksc_ukf_neutra_target" name="test_frozen_raw_dataset_and_ksc_transform_are_distinct_and_stable" time="1.606" /><testcase classname="tests.test_ksc_ukf_neutra_target" name="test_graph_likelihood_matches_legacy_principal_sqrt_wrapper_t1_t2" time="27.232" /><testcase classname="tests.test_ksc_ukf_neutra_target" name="test_manual_score_matches_centered_finite_difference" time="0.451" /><testcase classname="tests.test_ksc_ukf_neutra_target" name="test_batch_permutation_status_and_typed_binding" time="0.505" /><testcase classname="tests.test_ksc_ukf_neutra_target" name="test_cpu_xla_value_score_status" time="0.546" /><testcase classname="tests.test_ksc_ukf_neutra_target" name="test_active_target_has_no_python_loop_or_callback" time="0.008" /><testcase classname="tests.highdim.test_p43_sv_value_gradient_cut4_zhaocui" name="test_p43_ksc_ukf_single_component_time0_score_matches_centered_finite_difference" time="2.437" /><testcase classname="tests.highdim.test_p43_sv_value_gradient_cut4_zhaocui" name="test_p43_ksc_ukf_time0_wrapper_score_matches_centered_finite_difference" time="4.138" /><testcase classname="tests.highdim.test_p43_sv_value_gradient_cut4_zhaocui" name="test_p43_ksc_ukf_two_observation_wrapper_score_matches_centered_finite_difference" time="4.515" /><testcase classname="tests.highdim.test_p43_sv_value_gradient_cut4_zhaocui" name="test_p43_lane_b_principal_sqrt_ukf_wrapper_score_matches_centered_finite_difference[1]" time="3.080" /><testcase classname="tests.highdim.test_p43_sv_value_gradient_cut4_zhaocui" name="test_p43_lane_b_principal_sqrt_ukf_wrapper_score_matches_centered_finite_difference[2]" time="5.098" /><testcase classname="tests.highdim.test_p43_sv_value_gradient_cut4_zhaocui" name="test_p43_lane_b_principal_sqrt_ukf_wrapper_score_matches_centered_finite_difference[3]" time="7.198" /><testcase classname="tests.highdim.test_p57_m1_author_sir_callback_parity" name="test_p57_m1_author_sir_factory_matches_source_setup_contract" time="0.006" /><testcase classname="tests.highdim.test_p57_m1_author_sir_callback_parity" name="test_p57_m1_author_sir_transition_mean_matches_mlx_sir_step" time="0.075" /><testcase classname="tests.highdim.test_p57_m1_author_sir_callback_parity" name="test_p57_m1_author_sir_likelihood_uses_source_observation_matrix" time="0.044" /><testcase classname="tests.highdim.test_p57_m1_author_sir_callback_parity" name="test_p57_m1_author_sir_push_clips_only_susceptible_after_noise" time="0.039" /><testcase classname="tests.highdim.test_p57_m1_author_sir_callback_parity" name="test_p57_m1_old_p30_fixture_is_explicitly_not_author_sir_austria" time="0.006" /><testcase classname="tests.highdim.test_p30_predator_prey" name="test_p30_predator_prey_rk4_transition_matches_independent_reference" time="0.183" /></testsuite></testsuites>