<?xml version="1.0" encoding="utf-8"?><testsuites name="pytest tests"><testsuite name="pytest" errors="0" failures="0" skipped="0" tests="70" time="42.859" timestamp="2026-09-24T03:39:00.897745+08:00" hostname="ubuntu-MZ72-HB2-00"><testcase classname="tests.inference_validation.test_reference_mean" name="test_independent_variance_against_tensorflow[iid]" time="0.100" /><testcase classname="tests.inference_validation.test_reference_mean" name="test_independent_variance_against_tensorflow[persistent]" time="0.008" /><testcase classname="tests.inference_validation.test_reference_mean" name="test_independent_variance_against_tensorflow[antithetic]" time="0.007" /><testcase classname="tests.inference_validation.test_reference_mean" name="test_independent_variance_against_tensorflow[ties]" time="0.003" /><testcase classname="tests.inference_validation.test_reference_mean" name="test_independent_variance_against_tensorflow[negative]" time="0.025" /><testcase classname="tests.inference_validation.test_reference_mean" name="test_independent_variance_against_tensorflow[constant]" time="0.003" /><testcase classname="tests.inference_validation.test_reference_mean" name="test_insufficient_batches_are_unavailable" time="0.001" /><testcase classname="tests.inference_validation.test_reference_mean" name="test_reference_independent_of_shifted_draws_and_runtime_mcse" time="0.026" /><testcase classname="tests.inference_validation.test_reference_mean" name="test_unqualified_fits_cannot_be_detections[warmup_cap_hit]" time="0.003" /><testcase classname="tests.inference_validation.test_reference_mean" name="test_unqualified_fits_cannot_be_detections[retained_cap_hit]" time="0.003" /><testcase classname="tests.inference_validation.test_reference_mean" name="test_unqualified_fits_cannot_be_detections[hard_vetoes]" time="0.003" /><testcase classname="tests.inference_validation.test_reference_mean" name="test_unqualified_fits_cannot_be_detections[passed]" time="0.003" /><testcase classname="tests.inference_validation.test_reference_mean" name="test_unqualified_fits_cannot_be_detections[warmup_exclusion]" time="0.003" /><testcase classname="tests.inference_validation.test_reference_mean" name="test_empty_selection_and_changed_member_rule" time="0.003" /><testcase classname="tests.inference_validation.test_reference_mean" name="test_complete_denominators_and_exact_screen_boundaries" time="0.052" /><testcase classname="tests.inference_validation.test_reference_mean" name="test_duplicate_corrupt_and_changed_policy_records_fail" time="0.001" /><testcase classname="tests.inference_validation.test_reference_mean" name="test_design_binds_estimator_scale_selection_and_data" time="0.002" /><testcase classname="tests.inference_validation.test_reference_mean" name="test_public_full_fit_and_cached_policy_identity" time="14.854" /><testcase classname="tests.inference_validation.test_normal_endpoint" name="test_conjugate_reference_and_independent_test_formulas" time="0.001" /><testcase classname="tests.inference_validation.test_normal_endpoint" name="test_location_and_variance_adversaries_and_noop" time="0.012" /><testcase classname="tests.inference_validation.test_normal_endpoint" name="test_missing_invalid_and_duplicate_records_cannot_be_detections" time="0.000" /><testcase classname="tests.inference_validation.test_normal_endpoint" name="test_pipeline_output_rule_and_caps" time="0.005" /><testcase classname="tests.inference_validation.test_full_fit_mutations" name="test_translation_has_declared_normal_mode_curvature_and_density[0.0]" time="0.106" /><testcase classname="tests.inference_validation.test_full_fit_mutations" name="test_translation_has_declared_normal_mode_curvature_and_density[0.25]" time="0.057" /><testcase classname="tests.inference_validation.test_full_fit_mutations" name="test_translation_has_declared_normal_mode_curvature_and_density[0.5]" time="0.056" /><testcase classname="tests.inference_validation.test_full_fit_mutations" name="test_translation_has_declared_normal_mode_curvature_and_density[-0.5]" time="0.057" /><testcase classname="tests.inference_validation.test_full_fit_mutations" name="test_unactivated_mutation_is_rejected[gaussian-None-0.5]" time="0.001" /><testcase classname="tests.inference_validation.test_full_fit_mutations" name="test_unactivated_mutation_is_rejected[normal_conjugate-None-0.5]" time="0.000" /><testcase classname="tests.inference_validation.test_full_fit_mutations" name="test_unactivated_mutation_is_rejected[normal_conjugate-data2-None]" time="0.000" /><testcase classname="tests.inference_validation.test_full_fit_mutations" name="test_unactivated_mutation_is_rejected[normal_conjugate-data3-nan]" time="0.000" /><testcase classname="tests.inference_validation.test_full_fit_mutations" name="test_reference_route_cannot_silently_ignore_translation" time="0.000" /><testcase classname="tests.inference_validation.test_full_fit_mutations" name="test_public_ordinary_preparation_receives_translated_target" time="0.103" /><testcase classname="tests.inference_validation.test_definitions" name="test_design_round_trip_and_seed_separation" time="0.001" /><testcase classname="tests.inference_validation.test_definitions" name="test_no_silent_route_or_mutation_fallback[invariance-gaussian-ordinary-baseline]" time="0.001" /><testcase classname="tests.inference_validation.test_definitions" name="test_no_silent_route_or_mutation_fallback[sbc-funnel-ordinary-baseline]" time="0.001" /><testcase classname="tests.inference_validation.test_definitions" name="test_no_silent_route_or_mutation_fallback[mechanics-gaussian-frozen-omit_jacobian]" time="0.001" /><testcase classname="tests.inference_validation.test_definitions" name="test_no_silent_route_or_mutation_fallback[stopping-gamma-reference-baseline]" time="0.001" /><testcase classname="tests.inference_validation.test_definitions" name="test_no_silent_route_or_mutation_fallback[mechanics-gaussian-ordinary-baseline]" time="0.001" /><testcase classname="tests.inference_validation.test_definitions" name="test_no_silent_route_or_mutation_fallback[search-gaussian-controller-wrong_energy]" time="0.001" /><testcase classname="tests.inference_validation.test_definitions" name="test_no_silent_route_or_mutation_fallback[invariance-gamma-frozen-two_cycle]" time="0.001" /><testcase classname="tests.inference_validation.test_definitions" name="test_no_silent_route_or_mutation_fallback[power-gaussian-reference-baseline]" time="0.001" /><testcase classname="tests.inference_validation.test_definitions" name="test_sbc_rejects_reference_start_and_coarse_null" time="0.001" /><testcase classname="tests.inference_validation.test_definitions" name="test_suite_keeps_missing_consumer_and_enforces_profile" time="0.002" /><testcase classname="tests.inference_validation.test_definitions" name="test_planning_accepts_simplex_model_quantities" time="0.001" /><testcase classname="tests.inference_validation.test_definitions" name="test_planning_import_is_framework_free" time="0.074" /><testcase classname="tests.inference_validation.test_execution" name="test_cli_workers_resume_without_duplicate_trials_and_detect_corruption" time="9.349" /><testcase classname="tests.inference_validation.test_execution" name="test_interrupted_coordinator_reservation_is_not_forgotten" time="0.143" /><testcase classname="tests.inference_validation.test_execution" name="test_old_saved_empty_posteriors_do_not_count_as_complete_assessment" time="0.000" /><testcase classname="tests.inference_validation.test_execution" name="test_planned_cells_do_not_borrow_completion_from_the_same_category[False]" time="0.005" /><testcase classname="tests.inference_validation.test_execution" name="test_planned_cells_do_not_borrow_completion_from_the_same_category[True]" time="0.006" /><testcase classname="tests.inference_validation.test_execution" name="test_opt_in_host_profile_survives_success_and_failure[False]" time="0.009" /><testcase classname="tests.inference_validation.test_execution" name="test_opt_in_host_profile_survives_success_and_failure[True]" time="0.006" /><testcase classname="tests.inference_validation.test_execution" name="test_profile_write_failure_preserves_the_original_engine_failure" time="0.003" /><testcase classname="tests.inference_validation.test_engine_contracts" name="test_controller_oracle_detects_lost_members_pairs_and_work" time="0.020" /><testcase classname="tests.inference_validation.test_engine_contracts" name="test_tensor_checksum_shape_and_immutable_observations" time="0.007" /><testcase classname="tests.inference_validation.test_engine_contracts" name="test_runtime_rhat_against_independent_rank_reference[stationary]" time="0.175" /><testcase classname="tests.inference_validation.test_engine_contracts" name="test_runtime_rhat_against_independent_rank_reference[transient]" time="0.028" /><testcase classname="tests.inference_validation.test_engine_contracts" name="test_runtime_rhat_against_independent_rank_reference[constant]" time="0.026" /><testcase classname="tests.inference_validation.test_engine_contracts" name="test_runtime_rhat_against_independent_rank_reference[missed_mode]" time="0.027" /><testcase classname="tests.inference_validation.test_engine_contracts" name="test_sbc_failures_stay_in_denominator" time="1.325" /><testcase classname="tests.inference_validation.test_engine_contracts" name="test_reference_sbc_reports_likelihood_and_independent_datasets" time="12.659" /><testcase classname="tests.inference_validation.test_engine_contracts" name="test_identity_invariance_is_not_mixing" time="0.234" /><testcase classname="tests.inference_validation.test_engine_contracts" name="test_gandy_scott_left_arm_order" time="0.001" /><testcase classname="tests.inference_validation.test_engine_contracts" name="test_energy_mutation_is_detected_and_recurrence_control_is_retained" time="0.607" /><testcase classname="tests.inference_validation.test_engine_contracts" name="test_power_runs_declared_experiment_instead_of_fake_sampler_results" time="1.195" /><testcase classname="tests.inference_validation.test_engine_contracts" name="test_external_references_require_identity_and_uncertainty" time="0.002" /><testcase classname="tests.inference_validation.test_engine_contracts" name="test_accuracy_control_response_classifies_reference_failure" time="0.000" /><testcase classname="tests.inference_validation.test_engine_contracts" name="test_partial_diagnostic_arrays_do_not_report_completion" time="0.001" /><testcase classname="tests.inference_validation.test_engine_contracts" name="test_empty_posterior_does_not_satisfy_output_or_interval_coverage" time="0.001" /><testcase classname="tests.inference_validation.test_engine_contracts" name="test_one_replication_without_a_candidate_stays_visible" time="0.001" /></testsuite></testsuites>